2026-03-17 17:33:28 - Knext - [INFO] - 成功加载本地 kubeconfig 配置
2026-03-17 17:33:28 - Knext - [INFO] - K8s 客户端初始化成功（已禁用 SSL 验证）
2026-03-17 17:33:40 - Knext - [INFO] - 成功加载本地 kubeconfig 配置
2026-03-17 17:33:40 - Knext - [INFO] - K8s 客户端初始化成功（已禁用 SSL 验证）
2026-03-17 17:42:10 - Knext - [INFO] - 成功加载本地 kubeconfig 配置
2026-03-17 17:42:10 - Knext - [INFO] - K8s 客户端初始化成功（已禁用 SSL 验证）
2026-03-17 17:42:25 - Knext - [INFO] - 成功加载本地 kubeconfig 配置
2026-03-17 17:42:25 - Knext - [INFO] - K8s 客户端初始化成功（已禁用 SSL 验证）
2026-03-17 17:45:06 - Knext - [ERROR] - 创建资源失败：409
Reason: Conflict
HTTP response headers: HTTPHeaderDict({'Audit-Id': '0731e577-c119-4982-90e9-52b1d689a306', 'Cache-Control': 'no-cache, private', 'Content-Type': 'application/json', 'X-Kubernetes-Pf-Flowschema-Uid': '84dab70f-f66a-435d-b511-ab4e924c32d1', 'X-Kubernetes-Pf-Prioritylevel-Uid': '16553e68-64ab-412c-b5d9-8aa88f0c68bf', 'Date': 'Tue, 17 Mar 2026 09:45:06 GMT', 'Content-Length': '216'})
HTTP response body: b'{"kind":"Status","apiVersion":"v1","metadata":{},"status":"Failure","message":"services \\"example-service\\" already exists","reason":"AlreadyExists","details":{"name":"example-service","kind":"services"},"code":409}\n'
Original traceback: 
  File "C:\Users\75518\PycharmProjects\Knext\venv\lib\site-packages\kubernetes\dynamic\client.py", line 55, in inner
    resp = func(self, *args, **kwargs)

  File "C:\Users\75518\PycharmProjects\Knext\venv\lib\site-packages\kubernetes\dynamic\client.py", line 270, in request
    api_response = self.client.call_api(

  File "C:\Users\75518\PycharmProjects\Knext\venv\lib\site-packages\kubernetes\client\api_client.py", line 348, in call_api
    return self.__call_api(resource_path, method,

  File "C:\Users\75518\PycharmProjects\Knext\venv\lib\site-packages\kubernetes\client\api_client.py", line 180, in __call_api
    response_data = self.request(

  File "C:\Users\75518\PycharmProjects\Knext\venv\lib\site-packages\kubernetes\client\api_client.py", line 391, in request
    return self.rest_client.POST(url,

  File "C:\Users\75518\PycharmProjects\Knext\venv\lib\site-packages\kubernetes\client\rest.py", line 279, in POST
    return self.request("POST", url,

  File "C:\Users\75518\PycharmProjects\Knext\venv\lib\site-packages\kubernetes\client\rest.py", line 238, in request
    raise ApiException(http_resp=r)

2026-03-17 17:48:29 - Knext - [INFO] - 成功加载本地 kubeconfig 配置
2026-03-17 17:48:29 - Knext - [INFO] - K8s 客户端初始化成功（已禁用 SSL 验证）
2026-03-17 17:48:59 - Knext - [INFO] - 资源创建失败
2026-03-17 17:48:59 - Knext - [ERROR] - 创建资源失败：DynamicClient.server_side_apply() missing 1 required positional argument: 'resource'
2026-03-17 17:53:29 - Knext - [INFO] - 成功加载本地 kubeconfig 配置
2026-03-17 17:53:29 - Knext - [INFO] - K8s 客户端初始化成功（已禁用 SSL 验证）
2026-03-17 17:53:30 - Knext - [INFO] - 成功加载本地 kubeconfig 配置
2026-03-17 17:53:30 - Knext - [INFO] - K8s 客户端初始化成功（已禁用 SSL 验证）
2026-03-17 17:53:32 - Knext - [INFO] - 成功加载本地 kubeconfig 配置
2026-03-17 17:53:32 - Knext - [INFO] - K8s 客户端初始化成功（已禁用 SSL 验证）
2026-03-17 17:53:46 - Knext - [INFO] - 成功加载本地 kubeconfig 配置
2026-03-17 17:53:46 - Knext - [INFO] - K8s 客户端初始化成功（已禁用 SSL 验证）
2026-03-17 17:54:47 - Knext - [INFO] - 成功加载本地 kubeconfig 配置
2026-03-17 17:54:47 - Knext - [INFO] - K8s 客户端初始化成功（已禁用 SSL 验证）
2026-03-17 17:54:48 - Knext - [INFO] - 成功加载本地 kubeconfig 配置
2026-03-17 17:54:48 - Knext - [INFO] - K8s 客户端初始化成功（已禁用 SSL 验证）
2026-03-17 17:54:53 - Knext - [INFO] - 成功加载本地 kubeconfig 配置
2026-03-17 17:54:53 - Knext - [INFO] - K8s 客户端初始化成功（已禁用 SSL 验证）
2026-03-17 17:55:02 - Knext - [ERROR] - 创建资源失败：422
Reason: Unprocessable Entity
HTTP response headers: HTTPHeaderDict({'Audit-Id': '65a95461-0591-4ede-a16d-36e7d646c00b', 'Cache-Control': 'no-cache, private', 'Content-Type': 'application/json', 'X-Kubernetes-Pf-Flowschema-Uid': '84dab70f-f66a-435d-b511-ab4e924c32d1', 'X-Kubernetes-Pf-Prioritylevel-Uid': '16553e68-64ab-412c-b5d9-8aa88f0c68bf', 'Date': 'Tue, 17 Mar 2026 09:55:02 GMT', 'Content-Length': '389'})
HTTP response body: b'{"kind":"Status","apiVersion":"v1","metadata":{},"status":"Failure","message":"PatchOptions.meta.k8s.io \\"\\" is invalid: fieldManager: Required value: is required for apply patch","reason":"Invalid","details":{"group":"meta.k8s.io","kind":"PatchOptions","causes":[{"reason":"FieldValueRequired","message":"Required value: is required for apply patch","field":"fieldManager"}]},"code":422}\n'
Original traceback: 
  File "C:\Users\75518\PycharmProjects\Knext\venv\lib\site-packages\kubernetes\dynamic\client.py", line 55, in inner
    resp = func(self, *args, **kwargs)

  File "C:\Users\75518\PycharmProjects\Knext\venv\lib\site-packages\kubernetes\dynamic\client.py", line 270, in request
    api_response = self.client.call_api(

  File "C:\Users\75518\PycharmProjects\Knext\venv\lib\site-packages\kubernetes\client\api_client.py", line 348, in call_api
    return self.__call_api(resource_path, method,

  File "C:\Users\75518\PycharmProjects\Knext\venv\lib\site-packages\kubernetes\client\api_client.py", line 180, in __call_api
    response_data = self.request(

  File "C:\Users\75518\PycharmProjects\Knext\venv\lib\site-packages\kubernetes\client\api_client.py", line 407, in request
    return self.rest_client.PATCH(url,

  File "C:\Users\75518\PycharmProjects\Knext\venv\lib\site-packages\kubernetes\client\rest.py", line 299, in PATCH
    return self.request("PATCH", url,

  File "C:\Users\75518\PycharmProjects\Knext\venv\lib\site-packages\kubernetes\client\rest.py", line 238, in request
    raise ApiException(http_resp=r)

2026-03-17 17:55:44 - Knext - [INFO] - 成功加载本地 kubeconfig 配置
2026-03-17 17:55:44 - Knext - [INFO] - K8s 客户端初始化成功（已禁用 SSL 验证）
2026-03-17 17:55:49 - Knext - [INFO] - 成功加载本地 kubeconfig 配置
2026-03-17 17:55:49 - Knext - [INFO] - K8s 客户端初始化成功（已禁用 SSL 验证）
2026-03-17 17:55:55 - Knext - [ERROR] - 创建资源失败：422
Reason: Unprocessable Entity
HTTP response headers: HTTPHeaderDict({'Audit-Id': 'ebc2cac2-a705-473f-8c89-d191a88eb4d7', 'Cache-Control': 'no-cache, private', 'Content-Type': 'application/json', 'X-Kubernetes-Pf-Flowschema-Uid': '84dab70f-f66a-435d-b511-ab4e924c32d1', 'X-Kubernetes-Pf-Prioritylevel-Uid': '16553e68-64ab-412c-b5d9-8aa88f0c68bf', 'Date': 'Tue, 17 Mar 2026 09:55:55 GMT', 'Content-Length': '389'})
HTTP response body: b'{"kind":"Status","apiVersion":"v1","metadata":{},"status":"Failure","message":"PatchOptions.meta.k8s.io \\"\\" is invalid: fieldManager: Required value: is required for apply patch","reason":"Invalid","details":{"group":"meta.k8s.io","kind":"PatchOptions","causes":[{"reason":"FieldValueRequired","message":"Required value: is required for apply patch","field":"fieldManager"}]},"code":422}\n'
Original traceback: 
  File "C:\Users\75518\PycharmProjects\Knext\venv\lib\site-packages\kubernetes\dynamic\client.py", line 55, in inner
    resp = func(self, *args, **kwargs)

  File "C:\Users\75518\PycharmProjects\Knext\venv\lib\site-packages\kubernetes\dynamic\client.py", line 270, in request
    api_response = self.client.call_api(

  File "C:\Users\75518\PycharmProjects\Knext\venv\lib\site-packages\kubernetes\client\api_client.py", line 348, in call_api
    return self.__call_api(resource_path, method,

  File "C:\Users\75518\PycharmProjects\Knext\venv\lib\site-packages\kubernetes\client\api_client.py", line 180, in __call_api
    response_data = self.request(

  File "C:\Users\75518\PycharmProjects\Knext\venv\lib\site-packages\kubernetes\client\api_client.py", line 407, in request
    return self.rest_client.PATCH(url,

  File "C:\Users\75518\PycharmProjects\Knext\venv\lib\site-packages\kubernetes\client\rest.py", line 299, in PATCH
    return self.request("PATCH", url,

  File "C:\Users\75518\PycharmProjects\Knext\venv\lib\site-packages\kubernetes\client\rest.py", line 238, in request
    raise ApiException(http_resp=r)

2026-03-17 17:57:27 - Knext - [INFO] - 成功加载本地 kubeconfig 配置
2026-03-17 17:57:27 - Knext - [INFO] - K8s 客户端初始化成功（已禁用 SSL 验证）
2026-03-17 17:57:59 - Knext - [INFO] - 成功加载本地 kubeconfig 配置
2026-03-17 17:57:59 - Knext - [INFO] - K8s 客户端初始化成功（已禁用 SSL 验证）
2026-03-17 17:58:44 - Knext - [INFO] - 成功加载本地 kubeconfig 配置
2026-03-17 17:58:44 - Knext - [INFO] - K8s 客户端初始化成功（已禁用 SSL 验证）
2026-03-17 18:00:17 - Knext - [WARNING] - metrics-server 不可用，请安装metrics-server
2026-03-17 18:00:17 - Knext - [WARNING] - metrics-server 不可用，请安装metrics-server
2026-03-17 18:00:39 - Knext - [INFO] - 获取pods容器组成功
2026-03-17 18:01:29 - Knext - [INFO] - 获取所有命名空间成功
2026-03-17 18:01:33 - Knext - [INFO] - 获取所有命名空间成功
2026-03-17 18:01:40 - Knext - [WARNING] - metrics-server 不可用，请安装metrics-server
2026-03-17 18:01:41 - Knext - [INFO] - 获取所有命名空间成功
2026-03-17 18:01:43 - Knext - [WARNING] - metrics-server 不可用，请安装metrics-server
2026-03-17 18:02:14 - Knext - [WARNING] - metrics-server 不可用，请安装metrics-server
2026-03-17 18:02:44 - Knext - [WARNING] - metrics-server 不可用，请安装metrics-server
2026-03-17 18:03:14 - Knext - [WARNING] - metrics-server 不可用，请安装metrics-server
2026-03-17 18:03:44 - Knext - [WARNING] - metrics-server 不可用，请安装metrics-server
2026-03-17 18:04:14 - Knext - [WARNING] - metrics-server 不可用，请安装metrics-server
2026-03-17 18:04:44 - Knext - [WARNING] - metrics-server 不可用，请安装metrics-server
2026-03-17 18:05:13 - Knext - [WARNING] - metrics-server 不可用，请安装metrics-server
2026-03-17 18:05:44 - Knext - [WARNING] - metrics-server 不可用，请安装metrics-server
2026-03-17 18:06:14 - Knext - [WARNING] - metrics-server 不可用，请安装metrics-server
2026-03-17 18:07:03 - Knext - [WARNING] - metrics-server 不可用，请安装metrics-server
2026-03-17 18:07:09 - Knext - [WARNING] - metrics-server 不可用，请安装metrics-server
2026-03-17 18:07:14 - Knext - [WARNING] - metrics-server 不可用，请安装metrics-server
2026-03-17 18:07:18 - Knext - [WARNING] - metrics-server 不可用，请安装metrics-server
2026-03-17 18:07:44 - Knext - [WARNING] - metrics-server 不可用，请安装metrics-server
2026-03-17 18:08:14 - Knext - [WARNING] - metrics-server 不可用，请安装metrics-server
2026-03-17 18:08:44 - Knext - [WARNING] - metrics-server 不可用，请安装metrics-server
2026-03-17 18:09:13 - Knext - [WARNING] - metrics-server 不可用，请安装metrics-server
2026-03-17 18:09:25 - Knext - [WARNING] - metrics-server 不可用，请安装metrics-server
2026-03-17 18:09:56 - Knext - [WARNING] - metrics-server 不可用，请安装metrics-server
2026-03-17 18:10:26 - Knext - [WARNING] - metrics-server 不可用，请安装metrics-server
2026-03-17 18:10:56 - Knext - [WARNING] - metrics-server 不可用，请安装metrics-server
2026-03-17 18:11:26 - Knext - [WARNING] - metrics-server 不可用，请安装metrics-server
2026-03-17 18:11:56 - Knext - [WARNING] - metrics-server 不可用，请安装metrics-server
2026-03-17 18:12:26 - Knext - [WARNING] - metrics-server 不可用，请安装metrics-server
2026-03-17 18:13:20 - Knext - [WARNING] - metrics-server 不可用，请安装metrics-server
2026-03-17 18:13:27 - Knext - [WARNING] - metrics-server 不可用，请安装metrics-server
2026-03-17 18:14:14 - Knext - [WARNING] - metrics-server 不可用，请安装metrics-server
2026-03-17 18:14:44 - Knext - [WARNING] - metrics-server 不可用，请安装metrics-server
2026-03-17 18:15:14 - Knext - [WARNING] - metrics-server 不可用，请安装metrics-server
2026-03-17 18:15:44 - Knext - [WARNING] - metrics-server 不可用，请安装metrics-server
2026-03-17 18:16:14 - Knext - [WARNING] - metrics-server 不可用，请安装metrics-server
2026-03-17 18:16:44 - Knext - [WARNING] - metrics-server 不可用，请安装metrics-server
2026-03-17 18:19:33 - Knext - [WARNING] - metrics-server 不可用，请安装metrics-server
2026-03-17 18:20:45 - Knext - [WARNING] - metrics-server 不可用，请安装metrics-server
2026-03-17 18:21:16 - Knext - [WARNING] - metrics-server 不可用，请安装metrics-server
2026-03-17 18:21:46 - Knext - [WARNING] - metrics-server 不可用，请安装metrics-server
2026-03-17 18:22:16 - Knext - [WARNING] - metrics-server 不可用，请安装metrics-server
2026-03-17 18:22:39 - Knext - [WARNING] - metrics-server 不可用，请安装metrics-server
2026-03-17 18:22:45 - Knext - [WARNING] - metrics-server 不可用，请安装metrics-server
2026-03-17 18:22:48 - Knext - [WARNING] - metrics-server 不可用，请安装metrics-server
2026-03-17 18:23:19 - Knext - [WARNING] - metrics-server 不可用，请安装metrics-server
2026-03-17 18:23:49 - Knext - [WARNING] - metrics-server 不可用，请安装metrics-server
2026-03-17 18:24:19 - Knext - [WARNING] - metrics-server 不可用，请安装metrics-server
2026-03-17 18:24:49 - Knext - [WARNING] - metrics-server 不可用，请安装metrics-server
2026-03-17 18:25:19 - Knext - [WARNING] - metrics-server 不可用，请安装metrics-server
2026-03-17 18:25:48 - Knext - [WARNING] - metrics-server 不可用，请安装metrics-server
2026-03-17 18:26:18 - Knext - [WARNING] - metrics-server 不可用，请安装metrics-server
2026-03-17 18:26:30 - Knext - [WARNING] - metrics-server 不可用，请安装metrics-server
2026-03-17 18:27:01 - Knext - [WARNING] - metrics-server 不可用，请安装metrics-server
2026-03-17 18:27:31 - Knext - [WARNING] - metrics-server 不可用，请安装metrics-server
2026-03-17 18:28:01 - Knext - [WARNING] - metrics-server 不可用，请安装metrics-server
2026-03-17 18:28:31 - Knext - [WARNING] - metrics-server 不可用，请安装metrics-server
2026-03-17 18:29:01 - Knext - [WARNING] - metrics-server 不可用，请安装metrics-server
2026-03-17 18:29:31 - Knext - [WARNING] - metrics-server 不可用，请安装metrics-server
2026-03-17 18:30:27 - Knext - [WARNING] - metrics-server 不可用，请安装metrics-server
2026-03-17 18:31:27 - Knext - [WARNING] - metrics-server 不可用，请安装metrics-server
2026-03-17 18:32:27 - Knext - [WARNING] - metrics-server 不可用，请安装metrics-server
2026-03-17 18:33:22 - Knext - [WARNING] - metrics-server 不可用，请安装metrics-server
2026-03-17 18:33:33 - Knext - [WARNING] - metrics-server 不可用，请安装metrics-server
2026-03-17 18:34:03 - Knext - [WARNING] - metrics-server 不可用，请安装metrics-server
2026-03-17 18:34:33 - Knext - [WARNING] - metrics-server 不可用，请安装metrics-server
2026-03-17 18:34:47 - Knext - [WARNING] - metrics-server 不可用，请安装metrics-server
2026-03-17 18:35:18 - Knext - [WARNING] - metrics-server 不可用，请安装metrics-server
2026-03-17 18:35:48 - Knext - [WARNING] - metrics-server 不可用，请安装metrics-server
2026-03-17 18:36:04 - Knext - [WARNING] - metrics-server 不可用，请安装metrics-server
2026-03-17 18:36:14 - Knext - [WARNING] - metrics-server 不可用，请安装metrics-server
2026-03-17 18:36:16 - Knext - [INFO] - 获取所有命名空间成功
2026-03-17 18:36:19 - Knext - [WARNING] - metrics-server 不可用，请安装metrics-server
2026-03-17 18:36:49 - Knext - [WARNING] - metrics-server 不可用，请安装metrics-server
2026-03-17 18:37:20 - Knext - [WARNING] - metrics-server 不可用，请安装metrics-server
2026-03-17 18:37:50 - Knext - [WARNING] - metrics-server 不可用，请安装metrics-server
2026-03-17 18:38:20 - Knext - [WARNING] - metrics-server 不可用，请安装metrics-server
2026-03-17 18:38:50 - Knext - [WARNING] - metrics-server 不可用，请安装metrics-server
2026-03-17 18:39:20 - Knext - [WARNING] - metrics-server 不可用，请安装metrics-server
2026-03-17 18:39:50 - Knext - [WARNING] - metrics-server 不可用，请安装metrics-server
2026-03-17 18:40:20 - Knext - [WARNING] - metrics-server 不可用，请安装metrics-server
2026-03-17 18:41:03 - Knext - [WARNING] - metrics-server 不可用，请安装metrics-server
2026-03-17 18:41:20 - Knext - [WARNING] - metrics-server 不可用，请安装metrics-server
2026-03-17 18:41:50 - Knext - [WARNING] - metrics-server 不可用，请安装metrics-server
2026-03-17 18:42:27 - Knext - [WARNING] - metrics-server 不可用，请安装metrics-server
2026-03-17 18:43:27 - Knext - [WARNING] - metrics-server 不可用，请安装metrics-server
2026-03-17 18:44:27 - Knext - [WARNING] - metrics-server 不可用，请安装metrics-server
2026-03-17 18:44:50 - Knext - [WARNING] - metrics-server 不可用，请安装metrics-server
2026-03-17 18:45:19 - Knext - [WARNING] - metrics-server 不可用，请安装metrics-server
2026-03-17 18:45:49 - Knext - [WARNING] - metrics-server 不可用，请安装metrics-server
2026-03-17 21:07:59 - Knext - [INFO] - 成功加载本地 kubeconfig 配置
2026-03-17 21:07:59 - Knext - [INFO] - K8s 客户端初始化成功（已禁用 SSL 验证）
2026-03-17 21:13:58 - Knext - [INFO] - 成功加载本地 kubeconfig 配置
2026-03-17 21:13:58 - Knext - [INFO] - K8s 客户端初始化成功（已禁用 SSL 验证）
2026-03-17 21:14:26 - Knext - [INFO] - 成功加载本地 kubeconfig 配置
2026-03-17 21:14:26 - Knext - [INFO] - K8s 客户端初始化成功（已禁用 SSL 验证）
2026-03-17 21:21:51 - Knext - [INFO] - 获取pods容器组成功
2026-03-17 21:29:08 - Knext - [INFO] - 获取pods容器组成功
2026-03-17 21:32:14 - Knext - [INFO] - 获取pods容器组成功
2026-03-17 21:39:01 - Knext - [INFO] - 获取所有命名空间成功
2026-03-17 21:39:22 - Knext - [INFO] - 获取所有命名空间成功
2026-03-17 21:45:19 - Knext - [INFO] - 获取pods容器组成功
2026-03-17 21:45:24 - Knext - [INFO] - 获取pods容器组成功
2026-03-17 21:48:17 - Knext - [INFO] - 成功加载本地 kubeconfig 配置
2026-03-17 21:48:17 - Knext - [INFO] - K8s 客户端初始化成功（已禁用 SSL 验证）
2026-03-17 21:48:22 - Knext - [INFO] - 获取pods容器组成功
