2026-03-15 14:57:59 - Knext - [INFO] - 成功加载本地 kubeconfig 配置
2026-03-15 14:57:59 - Knext - [INFO] - K8s 客户端初始化成功（已禁用 SSL 验证）
2026-03-15 15:07:59 - Knext - [INFO] - 成功加载本地 kubeconfig 配置
2026-03-15 15:07:59 - Knext - [INFO] - K8s 客户端初始化成功（已禁用 SSL 验证）
2026-03-15 15:08:00 - Knext - [INFO] - 成功加载本地 kubeconfig 配置
2026-03-15 15:08:00 - Knext - [INFO] - K8s 客户端初始化成功（已禁用 SSL 验证）
2026-03-15 15:13:00 - Knext - [INFO] - 成功加载本地 kubeconfig 配置
2026-03-15 15:13:00 - Knext - [INFO] - K8s 客户端初始化成功（已禁用 SSL 验证）
2026-03-15 15:13:01 - Knext - [INFO] - 成功加载本地 kubeconfig 配置
2026-03-15 15:13:01 - Knext - [INFO] - K8s 客户端初始化成功（已禁用 SSL 验证）
2026-03-15 15:23:02 - Knext - [INFO] - 成功加载本地 kubeconfig 配置
2026-03-15 15:23:02 - Knext - [INFO] - K8s 客户端初始化成功（已禁用 SSL 验证）
2026-03-15 15:23:03 - Knext - [INFO] - 成功加载本地 kubeconfig 配置
2026-03-15 15:23:03 - Knext - [INFO] - K8s 客户端初始化成功（已禁用 SSL 验证）
2026-03-15 15:28:03 - Knext - [INFO] - 成功加载本地 kubeconfig 配置
2026-03-15 15:28:03 - Knext - [INFO] - K8s 客户端初始化成功（已禁用 SSL 验证）
2026-03-15 15:33:03 - Knext - [INFO] - 成功加载本地 kubeconfig 配置
2026-03-15 15:33:03 - Knext - [INFO] - K8s 客户端初始化成功（已禁用 SSL 验证）
2026-03-15 15:33:04 - Knext - [INFO] - 成功加载本地 kubeconfig 配置
2026-03-15 15:33:04 - Knext - [INFO] - K8s 客户端初始化成功（已禁用 SSL 验证）
2026-03-15 15:38:05 - Knext - [INFO] - 成功加载本地 kubeconfig 配置
2026-03-15 15:38:05 - Knext - [INFO] - K8s 客户端初始化成功（已禁用 SSL 验证）
2026-03-15 16:58:36 - Knext - [INFO] - 成功加载本地 kubeconfig 配置
2026-03-15 16:58:36 - Knext - [INFO] - K8s 客户端初始化成功（已禁用 SSL 验证）
2026-03-15 16:58:37 - Knext - [INFO] - 成功加载本地 kubeconfig 配置
2026-03-15 16:58:37 - Knext - [INFO] - K8s 客户端初始化成功（已禁用 SSL 验证）
2026-03-15 16:59:03 - Knext - [INFO] - 成功加载本地 kubeconfig 配置
2026-03-15 16:59:03 - Knext - [INFO] - K8s 客户端初始化成功（已禁用 SSL 验证）
2026-03-15 17:04:03 - Knext - [INFO] - 成功加载本地 kubeconfig 配置
2026-03-15 17:04:03 - Knext - [INFO] - K8s 客户端初始化成功（已禁用 SSL 验证）
2026-03-15 17:04:35 - Knext - [INFO] - 成功加载本地 kubeconfig 配置
2026-03-15 17:04:35 - Knext - [INFO] - K8s 客户端初始化成功（已禁用 SSL 验证）
2026-03-15 17:14:01 - Knext - [INFO] - 获取所有命名空间成功：[{'name': 'default', 'labels': {'istio-injection': 'enabled', 'kubernetes.io/metadata.name': 'default'}, 'annotations': None, 'status': 'Active'}, {'name': 'gitee', 'labels': {'kubernetes.io/metadata.name': 'gitee'}, 'annotations': None, 'status': 'Active'}, {'name': 'kube-node-lease', 'labels': {'kubernetes.io/metadata.name': 'kube-node-lease'}, 'annotations': None, 'status': 'Active'}, {'name': 'kube-public', 'labels': {'kubernetes.io/metadata.name': 'kube-public'}, 'annotations': None, 'status': 'Active'}, {'name': 'kube-system', 'labels': {'kubernetes.io/metadata.name': 'kube-system'}, 'annotations': None, 'status': 'Active'}, {'name': 'monitor', 'labels': {'kubernetes.io/metadata.name': 'monitor'}, 'annotations': None, 'status': 'Active'}, {'name': 'poc', 'labels': {'kubernetes.io/metadata.name': 'poc'}, 'annotations': None, 'status': 'Active'}, {'name': 'velero', 'labels': {'kubernetes.io/metadata.name': 'velero'}, 'annotations': None, 'status': 'Terminating'}]
2026-03-15 17:17:03 - Knext - [INFO] - 成功加载本地 kubeconfig 配置
2026-03-15 17:17:03 - Knext - [INFO] - K8s 客户端初始化成功（已禁用 SSL 验证）
2026-03-15 17:17:04 - Knext - [INFO] - 成功加载本地 kubeconfig 配置
2026-03-15 17:17:04 - Knext - [INFO] - K8s 客户端初始化成功（已禁用 SSL 验证）
2026-03-15 17:17:26 - Knext - [ERROR] - 获取命名空间详情失败：(404)
Reason: Not Found
HTTP response headers: HTTPHeaderDict({'Audit-Id': 'fc64208c-36d2-448e-be88-1259f7a7be00', 'Cache-Control': 'no-cache, private', 'Content-Type': 'application/json', 'X-Kubernetes-Pf-Flowschema-Uid': '84dab70f-f66a-435d-b511-ab4e924c32d1', 'X-Kubernetes-Pf-Prioritylevel-Uid': '16553e68-64ab-412c-b5d9-8aa88f0c68bf', 'Date': 'Sun, 15 Mar 2026 09:17:26 GMT', 'Content-Length': '198'})
HTTP response body: {"kind":"Status","apiVersion":"v1","metadata":{},"status":"Failure","message":"namespaces \"namespace\" not found","reason":"NotFound","details":{"name":"namespace","kind":"namespaces"},"code":404}


2026-03-15 17:17:26 - Knext - [ERROR] - 获取命名空间详情失败：(404)
Reason: Not Found
HTTP response headers: HTTPHeaderDict({'Audit-Id': 'fc64208c-36d2-448e-be88-1259f7a7be00', 'Cache-Control': 'no-cache, private', 'Content-Type': 'application/json', 'X-Kubernetes-Pf-Flowschema-Uid': '84dab70f-f66a-435d-b511-ab4e924c32d1', 'X-Kubernetes-Pf-Prioritylevel-Uid': '16553e68-64ab-412c-b5d9-8aa88f0c68bf', 'Date': 'Sun, 15 Mar 2026 09:17:26 GMT', 'Content-Length': '198'})
HTTP response body: {"kind":"Status","apiVersion":"v1","metadata":{},"status":"Failure","message":"namespaces \"namespace\" not found","reason":"NotFound","details":{"name":"namespace","kind":"namespaces"},"code":404}


2026-03-15 17:20:41 - Knext - [INFO] - 获取所有命名空间成功：[{'name': 'default', 'labels': {'istio-injection': 'enabled', 'kubernetes.io/metadata.name': 'default'}, 'annotations': None, 'status': 'Active'}, {'name': 'gitee', 'labels': {'kubernetes.io/metadata.name': 'gitee'}, 'annotations': None, 'status': 'Active'}, {'name': 'kube-node-lease', 'labels': {'kubernetes.io/metadata.name': 'kube-node-lease'}, 'annotations': None, 'status': 'Active'}, {'name': 'kube-public', 'labels': {'kubernetes.io/metadata.name': 'kube-public'}, 'annotations': None, 'status': 'Active'}, {'name': 'kube-system', 'labels': {'kubernetes.io/metadata.name': 'kube-system'}, 'annotations': None, 'status': 'Active'}, {'name': 'monitor', 'labels': {'kubernetes.io/metadata.name': 'monitor'}, 'annotations': None, 'status': 'Active'}, {'name': 'poc', 'labels': {'kubernetes.io/metadata.name': 'poc'}, 'annotations': None, 'status': 'Active'}, {'name': 'velero', 'labels': {'kubernetes.io/metadata.name': 'velero'}, 'annotations': None, 'status': 'Terminating'}]
2026-03-15 17:22:47 - Knext - [INFO] - 成功加载本地 kubeconfig 配置
2026-03-15 17:22:47 - Knext - [INFO] - K8s 客户端初始化成功（已禁用 SSL 验证）
2026-03-15 17:22:51 - Knext - [INFO] - 获取所有命名空间成功：[{'name': 'default', 'labels': {'istio-injection': 'enabled', 'kubernetes.io/metadata.name': 'default'}, 'annotations': None, 'status': 'Active'}, {'name': 'gitee', 'labels': {'kubernetes.io/metadata.name': 'gitee'}, 'annotations': None, 'status': 'Active'}, {'name': 'kube-node-lease', 'labels': {'kubernetes.io/metadata.name': 'kube-node-lease'}, 'annotations': None, 'status': 'Active'}, {'name': 'kube-public', 'labels': {'kubernetes.io/metadata.name': 'kube-public'}, 'annotations': None, 'status': 'Active'}, {'name': 'kube-system', 'labels': {'kubernetes.io/metadata.name': 'kube-system'}, 'annotations': None, 'status': 'Active'}, {'name': 'monitor', 'labels': {'kubernetes.io/metadata.name': 'monitor'}, 'annotations': None, 'status': 'Active'}, {'name': 'poc', 'labels': {'kubernetes.io/metadata.name': 'poc'}, 'annotations': None, 'status': 'Active'}, {'name': 'velero', 'labels': {'kubernetes.io/metadata.name': 'velero'}, 'annotations': None, 'status': 'Terminating'}]
2026-03-15 17:27:47 - Knext - [INFO] - 成功加载本地 kubeconfig 配置
2026-03-15 17:27:47 - Knext - [INFO] - K8s 客户端初始化成功（已禁用 SSL 验证）
2026-03-15 17:32:47 - Knext - [INFO] - 成功加载本地 kubeconfig 配置
2026-03-15 17:32:47 - Knext - [INFO] - K8s 客户端初始化成功（已禁用 SSL 验证）
2026-03-15 17:42:51 - Knext - [INFO] - 获取所有命名空间成功：[{'name': 'default', 'creation_timestamp': datetime.datetime(2025, 8, 24, 14, 39, 35, tzinfo=tzutc()), 'labels': {'istio-injection': 'enabled', 'kubernetes.io/metadata.name': 'default'}, 'annotations': None, 'status': 'Active'}, {'name': 'gitee', 'creation_timestamp': datetime.datetime(2026, 3, 11, 8, 4, 48, tzinfo=tzutc()), 'labels': {'kubernetes.io/metadata.name': 'gitee'}, 'annotations': None, 'status': 'Active'}, {'name': 'kube-node-lease', 'creation_timestamp': datetime.datetime(2025, 8, 24, 14, 39, 35, tzinfo=tzutc()), 'labels': {'kubernetes.io/metadata.name': 'kube-node-lease'}, 'annotations': None, 'status': 'Active'}, {'name': 'kube-public', 'creation_timestamp': datetime.datetime(2025, 8, 24, 14, 39, 35, tzinfo=tzutc()), 'labels': {'kubernetes.io/metadata.name': 'kube-public'}, 'annotations': None, 'status': 'Active'}, {'name': 'kube-system', 'creation_timestamp': datetime.datetime(2025, 8, 24, 14, 39, 35, tzinfo=tzutc()), 'labels': {'kubernetes.io/metadata.name': 'kube-system'}, 'annotations': None, 'status': 'Active'}, {'name': 'monitor', 'creation_timestamp': datetime.datetime(2026, 3, 13, 3, 31, 9, tzinfo=tzutc()), 'labels': {'kubernetes.io/metadata.name': 'monitor'}, 'annotations': None, 'status': 'Active'}, {'name': 'poc', 'creation_timestamp': datetime.datetime(2026, 3, 11, 8, 4, 55, tzinfo=tzutc()), 'labels': {'kubernetes.io/metadata.name': 'poc'}, 'annotations': None, 'status': 'Active'}, {'name': 'velero', 'creation_timestamp': datetime.datetime(2025, 10, 20, 10, 53, 31, tzinfo=tzutc()), 'labels': {'kubernetes.io/metadata.name': 'velero'}, 'annotations': None, 'status': 'Terminating'}]
2026-03-15 17:47:32 - Knext - [INFO] - 获取所有命名空间成功：[{'name': 'aaa', 'creation_timestamp': datetime.datetime(2026, 3, 15, 9, 47, 6, tzinfo=tzutc()), 'labels': {'kubernetes.io/metadata.name': 'aaa'}, 'annotations': None, 'status': 'Active'}, {'name': 'default', 'creation_timestamp': datetime.datetime(2025, 8, 24, 14, 39, 35, tzinfo=tzutc()), 'labels': {'istio-injection': 'enabled', 'kubernetes.io/metadata.name': 'default'}, 'annotations': None, 'status': 'Active'}, {'name': 'gitee', 'creation_timestamp': datetime.datetime(2026, 3, 11, 8, 4, 48, tzinfo=tzutc()), 'labels': {'kubernetes.io/metadata.name': 'gitee'}, 'annotations': None, 'status': 'Active'}, {'name': 'kube-node-lease', 'creation_timestamp': datetime.datetime(2025, 8, 24, 14, 39, 35, tzinfo=tzutc()), 'labels': {'kubernetes.io/metadata.name': 'kube-node-lease'}, 'annotations': None, 'status': 'Active'}, {'name': 'kube-public', 'creation_timestamp': datetime.datetime(2025, 8, 24, 14, 39, 35, tzinfo=tzutc()), 'labels': {'kubernetes.io/metadata.name': 'kube-public'}, 'annotations': None, 'status': 'Active'}, {'name': 'kube-system', 'creation_timestamp': datetime.datetime(2025, 8, 24, 14, 39, 35, tzinfo=tzutc()), 'labels': {'kubernetes.io/metadata.name': 'kube-system'}, 'annotations': None, 'status': 'Active'}, {'name': 'monitor', 'creation_timestamp': datetime.datetime(2026, 3, 13, 3, 31, 9, tzinfo=tzutc()), 'labels': {'kubernetes.io/metadata.name': 'monitor'}, 'annotations': None, 'status': 'Active'}, {'name': 'poc', 'creation_timestamp': datetime.datetime(2026, 3, 11, 8, 4, 55, tzinfo=tzutc()), 'labels': {'kubernetes.io/metadata.name': 'poc'}, 'annotations': None, 'status': 'Active'}, {'name': 'velero', 'creation_timestamp': datetime.datetime(2025, 10, 20, 10, 53, 31, tzinfo=tzutc()), 'labels': {'kubernetes.io/metadata.name': 'velero'}, 'annotations': None, 'status': 'Terminating'}]
2026-03-15 17:47:54 - Knext - [INFO] - 成功加载本地 kubeconfig 配置
2026-03-15 17:47:54 - Knext - [INFO] - K8s 客户端初始化成功（已禁用 SSL 验证）
2026-03-15 17:47:55 - Knext - [INFO] - 成功加载本地 kubeconfig 配置
2026-03-15 17:47:55 - Knext - [INFO] - K8s 客户端初始化成功（已禁用 SSL 验证）
2026-03-15 17:48:00 - Knext - [INFO] - 获取所有命名空间成功：[{'name': 'aaa', 'creation_timestamp': datetime.datetime(2026, 3, 15, 17, 47, 6, tzinfo=tzutc()), 'labels': {'kubernetes.io/metadata.name': 'aaa'}, 'annotations': None, 'status': 'Active'}, {'name': 'default', 'creation_timestamp': datetime.datetime(2025, 8, 24, 22, 39, 35, tzinfo=tzutc()), 'labels': {'istio-injection': 'enabled', 'kubernetes.io/metadata.name': 'default'}, 'annotations': None, 'status': 'Active'}, {'name': 'gitee', 'creation_timestamp': datetime.datetime(2026, 3, 11, 16, 4, 48, tzinfo=tzutc()), 'labels': {'kubernetes.io/metadata.name': 'gitee'}, 'annotations': None, 'status': 'Active'}, {'name': 'kube-node-lease', 'creation_timestamp': datetime.datetime(2025, 8, 24, 22, 39, 35, tzinfo=tzutc()), 'labels': {'kubernetes.io/metadata.name': 'kube-node-lease'}, 'annotations': None, 'status': 'Active'}, {'name': 'kube-public', 'creation_timestamp': datetime.datetime(2025, 8, 24, 22, 39, 35, tzinfo=tzutc()), 'labels': {'kubernetes.io/metadata.name': 'kube-public'}, 'annotations': None, 'status': 'Active'}, {'name': 'kube-system', 'creation_timestamp': datetime.datetime(2025, 8, 24, 22, 39, 35, tzinfo=tzutc()), 'labels': {'kubernetes.io/metadata.name': 'kube-system'}, 'annotations': None, 'status': 'Active'}, {'name': 'monitor', 'creation_timestamp': datetime.datetime(2026, 3, 13, 11, 31, 9, tzinfo=tzutc()), 'labels': {'kubernetes.io/metadata.name': 'monitor'}, 'annotations': None, 'status': 'Active'}, {'name': 'poc', 'creation_timestamp': datetime.datetime(2026, 3, 11, 16, 4, 55, tzinfo=tzutc()), 'labels': {'kubernetes.io/metadata.name': 'poc'}, 'annotations': None, 'status': 'Active'}, {'name': 'velero', 'creation_timestamp': datetime.datetime(2025, 10, 20, 18, 53, 31, tzinfo=tzutc()), 'labels': {'kubernetes.io/metadata.name': 'velero'}, 'annotations': None, 'status': 'Terminating'}]
2026-03-15 17:48:58 - Knext - [INFO] - 获取命名空间详情成功：{'api_version': 'v1',
 'kind': 'Namespace',
 'metadata': {'annotations': None,
              'creation_timestamp': datetime.datetime(2025, 8, 24, 14, 39, 35, tzinfo=tzutc()),
              'deletion_grace_period_seconds': None,
              'deletion_timestamp': None,
              'finalizers': None,
              'generate_name': None,
              'generation': None,
              'labels': {'istio-injection': 'enabled',
                         'kubernetes.io/metadata.name': 'default'},
              'managed_fields': [{'api_version': 'v1',
                                  'fields_type': 'FieldsV1',
                                  'fields_v1': {'f:metadata': {'f:labels': {'.': {},
                                                                            'f:kubernetes.io/metadata.name': {}}}},
                                  'manager': 'kube-apiserver',
                                  'operation': 'Update',
                                  'subresource': None,
                                  'time': datetime.datetime(2025, 8, 24, 14, 39, 35, tzinfo=tzutc())},
                                 {'api_version': 'v1',
                                  'fields_type': 'FieldsV1',
                                  'fields_v1': {'f:metadata': {'f:labels': {'f:istio-injection': {}}}},
                                  'manager': 'kubectl-label',
                                  'operation': 'Update',
                                  'subresource': None,
                                  'time': datetime.datetime(2025, 10, 23, 8, 44, 18, tzinfo=tzutc())}],
              'name': 'default',
              'namespace': None,
              'owner_references': None,
              'resource_version': '201597',
              'self_link': None,
              'uid': 'c47cd139-8fe6-4955-a39b-c91951e18bfb'},
 'spec': {'finalizers': ['kubernetes']},
 'status': {'conditions': None, 'phase': 'Active'}}
2026-03-15 17:52:22 - Knext - [INFO] - 成功加载本地 kubeconfig 配置
2026-03-15 17:52:22 - Knext - [INFO] - K8s 客户端初始化成功（已禁用 SSL 验证）
2026-03-15 17:52:28 - Knext - [INFO] - 获取命名空间详情成功：{'api_version': 'v1',
 'kind': 'Namespace',
 'metadata': {'annotations': None,
              'creation_timestamp': datetime.datetime(2025, 8, 24, 14, 39, 35, tzinfo=tzutc()),
              'deletion_grace_period_seconds': None,
              'deletion_timestamp': None,
              'finalizers': None,
              'generate_name': None,
              'generation': None,
              'labels': {'istio-injection': 'enabled',
                         'kubernetes.io/metadata.name': 'default'},
              'managed_fields': [{'api_version': 'v1',
                                  'fields_type': 'FieldsV1',
                                  'fields_v1': {'f:metadata': {'f:labels': {'.': {},
                                                                            'f:kubernetes.io/metadata.name': {}}}},
                                  'manager': 'kube-apiserver',
                                  'operation': 'Update',
                                  'subresource': None,
                                  'time': datetime.datetime(2025, 8, 24, 14, 39, 35, tzinfo=tzutc())},
                                 {'api_version': 'v1',
                                  'fields_type': 'FieldsV1',
                                  'fields_v1': {'f:metadata': {'f:labels': {'f:istio-injection': {}}}},
                                  'manager': 'kubectl-label',
                                  'operation': 'Update',
                                  'subresource': None,
                                  'time': datetime.datetime(2025, 10, 23, 8, 44, 18, tzinfo=tzutc())}],
              'name': 'default',
              'namespace': None,
              'owner_references': None,
              'resource_version': '201597',
              'self_link': None,
              'uid': 'c47cd139-8fe6-4955-a39b-c91951e18bfb'},
 'spec': {'finalizers': ['kubernetes']},
 'status': {'conditions': None, 'phase': 'Active'}}
2026-03-15 17:52:33 - Knext - [ERROR] - 获取所有命名空间失败：strptime() argument 1 must be str, not datetime.datetime
2026-03-15 17:52:33 - Knext - [ERROR] - 获取命名空间失败：strptime() argument 1 must be str, not datetime.datetime
2026-03-15 18:01:42 - Knext - [INFO] - 成功加载本地 kubeconfig 配置
2026-03-15 18:01:42 - Knext - [INFO] - K8s 客户端初始化成功（已禁用 SSL 验证）
2026-03-15 18:01:43 - Knext - [INFO] - 成功加载本地 kubeconfig 配置
2026-03-15 18:01:43 - Knext - [INFO] - K8s 客户端初始化成功（已禁用 SSL 验证）
2026-03-15 18:02:06 - Knext - [INFO] - 成功加载本地 kubeconfig 配置
2026-03-15 18:02:06 - Knext - [INFO] - K8s 客户端初始化成功（已禁用 SSL 验证）
2026-03-15 18:02:32 - Knext - [INFO] - 成功加载本地 kubeconfig 配置
2026-03-15 18:02:32 - Knext - [INFO] - K8s 客户端初始化成功（已禁用 SSL 验证）
2026-03-15 18:02:41 - Knext - [ERROR] - 获取所有命名空间失败：'No time zone found with key UTC'
2026-03-15 18:02:41 - Knext - [ERROR] - 获取命名空间失败：'No time zone found with key UTC'
2026-03-15 18:05:04 - Knext - [ERROR] - 获取所有命名空间失败：'No time zone found with key UTC'
2026-03-15 18:05:04 - Knext - [ERROR] - 获取命名空间失败：'No time zone found with key UTC'
2026-03-15 18:05:11 - Knext - [INFO] - 成功加载本地 kubeconfig 配置
2026-03-15 18:05:11 - Knext - [INFO] - K8s 客户端初始化成功（已禁用 SSL 验证）
2026-03-15 18:05:15 - Knext - [INFO] - 获取所有命名空间成功：[{'name': 'aaa', 'creation_timestamp': datetime.datetime(2026, 3, 15, 17, 47, 6, tzinfo=tzutc()), 'labels': {'kubernetes.io/metadata.name': 'aaa'}, 'annotations': None, 'status': 'Active'}, {'name': 'default', 'creation_timestamp': datetime.datetime(2025, 8, 24, 22, 39, 35, tzinfo=tzutc()), 'labels': {'istio-injection': 'enabled', 'kubernetes.io/metadata.name': 'default'}, 'annotations': None, 'status': 'Active'}, {'name': 'gitee', 'creation_timestamp': datetime.datetime(2026, 3, 11, 16, 4, 48, tzinfo=tzutc()), 'labels': {'kubernetes.io/metadata.name': 'gitee'}, 'annotations': None, 'status': 'Active'}, {'name': 'kube-node-lease', 'creation_timestamp': datetime.datetime(2025, 8, 24, 22, 39, 35, tzinfo=tzutc()), 'labels': {'kubernetes.io/metadata.name': 'kube-node-lease'}, 'annotations': None, 'status': 'Active'}, {'name': 'kube-public', 'creation_timestamp': datetime.datetime(2025, 8, 24, 22, 39, 35, tzinfo=tzutc()), 'labels': {'kubernetes.io/metadata.name': 'kube-public'}, 'annotations': None, 'status': 'Active'}, {'name': 'kube-system', 'creation_timestamp': datetime.datetime(2025, 8, 24, 22, 39, 35, tzinfo=tzutc()), 'labels': {'kubernetes.io/metadata.name': 'kube-system'}, 'annotations': None, 'status': 'Active'}, {'name': 'monitor', 'creation_timestamp': datetime.datetime(2026, 3, 13, 11, 31, 9, tzinfo=tzutc()), 'labels': {'kubernetes.io/metadata.name': 'monitor'}, 'annotations': None, 'status': 'Active'}, {'name': 'poc', 'creation_timestamp': datetime.datetime(2026, 3, 11, 16, 4, 55, tzinfo=tzutc()), 'labels': {'kubernetes.io/metadata.name': 'poc'}, 'annotations': None, 'status': 'Active'}, {'name': 'velero', 'creation_timestamp': datetime.datetime(2025, 10, 20, 18, 53, 31, tzinfo=tzutc()), 'labels': {'kubernetes.io/metadata.name': 'velero'}, 'annotations': None, 'status': 'Terminating'}]
2026-03-15 18:07:22 - Knext - [INFO] - 成功加载本地 kubeconfig 配置
2026-03-15 18:07:22 - Knext - [INFO] - K8s 客户端初始化成功（已禁用 SSL 验证）
2026-03-15 18:07:27 - Knext - [INFO] - 获取所有命名空间成功：[{'name': 'aaa', 'creation_timestamp': '2026-03-15 17:47:06', 'labels': {'kubernetes.io/metadata.name': 'aaa'}, 'annotations': None, 'status': 'Active'}, {'name': 'default', 'creation_timestamp': '2025-08-24 22:39:35', 'labels': {'istio-injection': 'enabled', 'kubernetes.io/metadata.name': 'default'}, 'annotations': None, 'status': 'Active'}, {'name': 'gitee', 'creation_timestamp': '2026-03-11 16:04:48', 'labels': {'kubernetes.io/metadata.name': 'gitee'}, 'annotations': None, 'status': 'Active'}, {'name': 'kube-node-lease', 'creation_timestamp': '2025-08-24 22:39:35', 'labels': {'kubernetes.io/metadata.name': 'kube-node-lease'}, 'annotations': None, 'status': 'Active'}, {'name': 'kube-public', 'creation_timestamp': '2025-08-24 22:39:35', 'labels': {'kubernetes.io/metadata.name': 'kube-public'}, 'annotations': None, 'status': 'Active'}, {'name': 'kube-system', 'creation_timestamp': '2025-08-24 22:39:35', 'labels': {'kubernetes.io/metadata.name': 'kube-system'}, 'annotations': None, 'status': 'Active'}, {'name': 'monitor', 'creation_timestamp': '2026-03-13 11:31:09', 'labels': {'kubernetes.io/metadata.name': 'monitor'}, 'annotations': None, 'status': 'Active'}, {'name': 'poc', 'creation_timestamp': '2026-03-11 16:04:55', 'labels': {'kubernetes.io/metadata.name': 'poc'}, 'annotations': None, 'status': 'Active'}, {'name': 'velero', 'creation_timestamp': '2025-10-20 18:53:31', 'labels': {'kubernetes.io/metadata.name': 'velero'}, 'annotations': None, 'status': 'Terminating'}]
2026-03-15 18:19:55 - Knext - [INFO] - 成功加载本地 kubeconfig 配置
2026-03-15 18:19:55 - Knext - [INFO] - K8s 客户端初始化成功（已禁用 SSL 验证）
2026-03-15 18:24:55 - Knext - [INFO] - 成功加载本地 kubeconfig 配置
2026-03-15 18:24:55 - Knext - [INFO] - K8s 客户端初始化成功（已禁用 SSL 验证）
2026-03-15 18:29:56 - Knext - [INFO] - 成功加载本地 kubeconfig 配置
2026-03-15 18:29:56 - Knext - [INFO] - K8s 客户端初始化成功（已禁用 SSL 验证）
2026-03-15 18:29:57 - Knext - [INFO] - 成功加载本地 kubeconfig 配置
2026-03-15 18:29:57 - Knext - [INFO] - K8s 客户端初始化成功（已禁用 SSL 验证）
2026-03-15 18:30:25 - Knext - [INFO] - 成功加载本地 kubeconfig 配置
2026-03-15 18:30:25 - Knext - [INFO] - K8s 客户端初始化成功（已禁用 SSL 验证）
2026-03-15 18:31:56 - Knext - [INFO] - 成功加载本地 kubeconfig 配置
2026-03-15 18:31:56 - Knext - [INFO] - K8s 客户端初始化成功（已禁用 SSL 验证）
2026-03-15 18:36:56 - Knext - [INFO] - 成功加载本地 kubeconfig 配置
2026-03-15 18:36:56 - Knext - [INFO] - K8s 客户端初始化成功（已禁用 SSL 验证）
2026-03-15 18:36:58 - Knext - [INFO] - 成功加载本地 kubeconfig 配置
2026-03-15 18:36:58 - Knext - [INFO] - K8s 客户端初始化成功（已禁用 SSL 验证）
2026-03-15 18:41:57 - Knext - [INFO] - 成功加载本地 kubeconfig 配置
2026-03-15 18:41:57 - Knext - [INFO] - K8s 客户端初始化成功（已禁用 SSL 验证）
2026-03-15 18:41:58 - Knext - [INFO] - 成功加载本地 kubeconfig 配置
2026-03-15 18:41:58 - Knext - [INFO] - K8s 客户端初始化成功（已禁用 SSL 验证）
2026-03-15 19:32:24 - Knext - [INFO] - 成功加载本地 kubeconfig 配置
2026-03-15 19:32:24 - Knext - [INFO] - K8s 客户端初始化成功（已禁用 SSL 验证）
2026-03-15 19:36:22 - Knext - [INFO] - 成功加载本地 kubeconfig 配置
2026-03-15 19:36:22 - Knext - [INFO] - K8s 客户端初始化成功（已禁用 SSL 验证）
2026-03-15 19:46:49 - Knext - [INFO] - 获取所有命名空间成功：[{'name': 'aaa', 'creation_time': '2026-03-15 17:47:06', 'labels': {'kubernetes.io/metadata.name': 'aaa'}, 'annotations': None, 'status': 'Active'}, {'name': 'default', 'creation_time': '2025-08-24 22:39:35', 'labels': {'istio-injection': 'enabled', 'kubernetes.io/metadata.name': 'default'}, 'annotations': None, 'status': 'Active'}, {'name': 'gitee', 'creation_time': '2026-03-11 16:04:48', 'labels': {'kubernetes.io/metadata.name': 'gitee'}, 'annotations': None, 'status': 'Active'}, {'name': 'kube-node-lease', 'creation_time': '2025-08-24 22:39:35', 'labels': {'kubernetes.io/metadata.name': 'kube-node-lease'}, 'annotations': None, 'status': 'Active'}, {'name': 'kube-public', 'creation_time': '2025-08-24 22:39:35', 'labels': {'kubernetes.io/metadata.name': 'kube-public'}, 'annotations': None, 'status': 'Active'}, {'name': 'kube-system', 'creation_time': '2025-08-24 22:39:35', 'labels': {'kubernetes.io/metadata.name': 'kube-system'}, 'annotations': None, 'status': 'Active'}, {'name': 'monitor', 'creation_time': '2026-03-13 11:31:09', 'labels': {'kubernetes.io/metadata.name': 'monitor'}, 'annotations': None, 'status': 'Active'}, {'name': 'poc', 'creation_time': '2026-03-11 16:04:55', 'labels': {'kubernetes.io/metadata.name': 'poc'}, 'annotations': None, 'status': 'Active'}, {'name': 'velero', 'creation_time': '2025-10-20 18:53:31', 'labels': {'kubernetes.io/metadata.name': 'velero'}, 'annotations': None, 'status': 'Terminating'}]
2026-03-15 19:47:43 - Knext - [INFO] - 获取所有命名空间成功：[{'name': 'aaa', 'creation_time': '2026-03-15 17:47:06', 'labels': {'kubernetes.io/metadata.name': 'aaa'}, 'annotations': None, 'status': 'Active'}, {'name': 'default', 'creation_time': '2025-08-24 22:39:35', 'labels': {'istio-injection': 'enabled', 'kubernetes.io/metadata.name': 'default'}, 'annotations': None, 'status': 'Active'}, {'name': 'gitee', 'creation_time': '2026-03-11 16:04:48', 'labels': {'kubernetes.io/metadata.name': 'gitee'}, 'annotations': None, 'status': 'Active'}, {'name': 'kube-node-lease', 'creation_time': '2025-08-24 22:39:35', 'labels': {'kubernetes.io/metadata.name': 'kube-node-lease'}, 'annotations': None, 'status': 'Active'}, {'name': 'kube-public', 'creation_time': '2025-08-24 22:39:35', 'labels': {'kubernetes.io/metadata.name': 'kube-public'}, 'annotations': None, 'status': 'Active'}, {'name': 'kube-system', 'creation_time': '2025-08-24 22:39:35', 'labels': {'kubernetes.io/metadata.name': 'kube-system'}, 'annotations': None, 'status': 'Active'}, {'name': 'monitor', 'creation_time': '2026-03-13 11:31:09', 'labels': {'kubernetes.io/metadata.name': 'monitor'}, 'annotations': None, 'status': 'Active'}, {'name': 'poc', 'creation_time': '2026-03-11 16:04:55', 'labels': {'kubernetes.io/metadata.name': 'poc'}, 'annotations': None, 'status': 'Active'}, {'name': 'velero', 'creation_time': '2025-10-20 18:53:31', 'labels': {'kubernetes.io/metadata.name': 'velero'}, 'annotations': None, 'status': 'Terminating'}]
2026-03-15 20:04:06 - Knext - [INFO] - 获取所有命名空间成功：[{'name': 'aaa', 'creation_time': '2026-03-15 17:47:06', 'labels': {'kubernetes.io/metadata.name': 'aaa'}, 'annotations': None, 'status': 'Active'}, {'name': 'default', 'creation_time': '2025-08-24 22:39:35', 'labels': {'istio-injection': 'enabled', 'kubernetes.io/metadata.name': 'default'}, 'annotations': None, 'status': 'Active'}, {'name': 'gitee', 'creation_time': '2026-03-11 16:04:48', 'labels': {'kubernetes.io/metadata.name': 'gitee'}, 'annotations': None, 'status': 'Active'}, {'name': 'kube-node-lease', 'creation_time': '2025-08-24 22:39:35', 'labels': {'kubernetes.io/metadata.name': 'kube-node-lease'}, 'annotations': None, 'status': 'Active'}, {'name': 'kube-public', 'creation_time': '2025-08-24 22:39:35', 'labels': {'kubernetes.io/metadata.name': 'kube-public'}, 'annotations': None, 'status': 'Active'}, {'name': 'kube-system', 'creation_time': '2025-08-24 22:39:35', 'labels': {'kubernetes.io/metadata.name': 'kube-system'}, 'annotations': None, 'status': 'Active'}, {'name': 'monitor', 'creation_time': '2026-03-13 11:31:09', 'labels': {'kubernetes.io/metadata.name': 'monitor'}, 'annotations': None, 'status': 'Active'}, {'name': 'poc', 'creation_time': '2026-03-11 16:04:55', 'labels': {'kubernetes.io/metadata.name': 'poc'}, 'annotations': None, 'status': 'Active'}, {'name': 'velero', 'creation_time': '2025-10-20 18:53:31', 'labels': {'kubernetes.io/metadata.name': 'velero'}, 'annotations': None, 'status': 'Terminating'}]
2026-03-15 20:12:58 - Knext - [INFO] - 获取所有命名空间成功：[{'name': 'aaa', 'creation_time': '2026-03-15 17:47:06', 'labels': {'kubernetes.io/metadata.name': 'aaa'}, 'annotations': None, 'status': 'Active'}, {'name': 'default', 'creation_time': '2025-08-24 22:39:35', 'labels': {'istio-injection': 'enabled', 'kubernetes.io/metadata.name': 'default'}, 'annotations': None, 'status': 'Active'}, {'name': 'gitee', 'creation_time': '2026-03-11 16:04:48', 'labels': {'kubernetes.io/metadata.name': 'gitee'}, 'annotations': None, 'status': 'Active'}, {'name': 'kube-node-lease', 'creation_time': '2025-08-24 22:39:35', 'labels': {'kubernetes.io/metadata.name': 'kube-node-lease'}, 'annotations': None, 'status': 'Active'}, {'name': 'kube-public', 'creation_time': '2025-08-24 22:39:35', 'labels': {'kubernetes.io/metadata.name': 'kube-public'}, 'annotations': None, 'status': 'Active'}, {'name': 'kube-system', 'creation_time': '2025-08-24 22:39:35', 'labels': {'kubernetes.io/metadata.name': 'kube-system'}, 'annotations': None, 'status': 'Active'}, {'name': 'monitor', 'creation_time': '2026-03-13 11:31:09', 'labels': {'kubernetes.io/metadata.name': 'monitor'}, 'annotations': None, 'status': 'Active'}, {'name': 'poc', 'creation_time': '2026-03-11 16:04:55', 'labels': {'kubernetes.io/metadata.name': 'poc'}, 'annotations': None, 'status': 'Active'}, {'name': 'velero', 'creation_time': '2025-10-20 18:53:31', 'labels': {'kubernetes.io/metadata.name': 'velero'}, 'annotations': None, 'status': 'Terminating'}]
2026-03-15 20:19:58 - Knext - [INFO] - 获取所有命名空间成功：[{'name': 'aaa', 'creation_time': '2026-03-15 17:47:06', 'labels': {'kubernetes.io/metadata.name': 'aaa'}, 'annotations': None, 'status': 'Active'}, {'name': 'default', 'creation_time': '2025-08-24 22:39:35', 'labels': {'istio-injection': 'enabled', 'kubernetes.io/metadata.name': 'default'}, 'annotations': None, 'status': 'Active'}, {'name': 'gitee', 'creation_time': '2026-03-11 16:04:48', 'labels': {'kubernetes.io/metadata.name': 'gitee'}, 'annotations': None, 'status': 'Active'}, {'name': 'kube-node-lease', 'creation_time': '2025-08-24 22:39:35', 'labels': {'kubernetes.io/metadata.name': 'kube-node-lease'}, 'annotations': None, 'status': 'Active'}, {'name': 'kube-public', 'creation_time': '2025-08-24 22:39:35', 'labels': {'kubernetes.io/metadata.name': 'kube-public'}, 'annotations': None, 'status': 'Active'}, {'name': 'kube-system', 'creation_time': '2025-08-24 22:39:35', 'labels': {'kubernetes.io/metadata.name': 'kube-system'}, 'annotations': None, 'status': 'Active'}, {'name': 'monitor', 'creation_time': '2026-03-13 11:31:09', 'labels': {'kubernetes.io/metadata.name': 'monitor'}, 'annotations': None, 'status': 'Active'}, {'name': 'poc', 'creation_time': '2026-03-11 16:04:55', 'labels': {'kubernetes.io/metadata.name': 'poc'}, 'annotations': None, 'status': 'Active'}, {'name': 'velero', 'creation_time': '2025-10-20 18:53:31', 'labels': {'kubernetes.io/metadata.name': 'velero'}, 'annotations': None, 'status': 'Terminating'}]
2026-03-15 20:20:48 - Knext - [ERROR] - 删除命名空间失败：(404)
Reason: Not Found
HTTP response headers: HTTPHeaderDict({'Audit-Id': 'c4618057-1607-4a00-b9a9-66b066ce34fc', 'Cache-Control': 'no-cache, private', 'Content-Type': 'application/json', 'X-Kubernetes-Pf-Flowschema-Uid': '84dab70f-f66a-435d-b511-ab4e924c32d1', 'X-Kubernetes-Pf-Prioritylevel-Uid': '16553e68-64ab-412c-b5d9-8aa88f0c68bf', 'Date': 'Sun, 15 Mar 2026 12:20:48 GMT', 'Content-Length': '186'})
HTTP response body: {"kind":"Status","apiVersion":"v1","metadata":{},"status":"Failure","message":"namespaces \"bbb\" not found","reason":"NotFound","details":{"name":"bbb","kind":"namespaces"},"code":404}


2026-03-15 20:20:48 - Knext - [ERROR] - 删除命名空间失败：(404)
Reason: Not Found
HTTP response headers: HTTPHeaderDict({'Audit-Id': 'c4618057-1607-4a00-b9a9-66b066ce34fc', 'Cache-Control': 'no-cache, private', 'Content-Type': 'application/json', 'X-Kubernetes-Pf-Flowschema-Uid': '84dab70f-f66a-435d-b511-ab4e924c32d1', 'X-Kubernetes-Pf-Prioritylevel-Uid': '16553e68-64ab-412c-b5d9-8aa88f0c68bf', 'Date': 'Sun, 15 Mar 2026 12:20:48 GMT', 'Content-Length': '186'})
HTTP response body: {"kind":"Status","apiVersion":"v1","metadata":{},"status":"Failure","message":"namespaces \"bbb\" not found","reason":"NotFound","details":{"name":"bbb","kind":"namespaces"},"code":404}


2026-03-15 20:23:07 - Knext - [INFO] - 获取所有命名空间成功：[{'name': 'default', 'creation_time': '2025-08-24 22:39:35', 'labels': {'istio-injection': 'enabled', 'kubernetes.io/metadata.name': 'default'}, 'annotations': None, 'status': 'Active'}, {'name': 'gitee', 'creation_time': '2026-03-11 16:04:48', 'labels': {'kubernetes.io/metadata.name': 'gitee'}, 'annotations': None, 'status': 'Active'}, {'name': 'kube-node-lease', 'creation_time': '2025-08-24 22:39:35', 'labels': {'kubernetes.io/metadata.name': 'kube-node-lease'}, 'annotations': None, 'status': 'Active'}, {'name': 'kube-public', 'creation_time': '2025-08-24 22:39:35', 'labels': {'kubernetes.io/metadata.name': 'kube-public'}, 'annotations': None, 'status': 'Active'}, {'name': 'kube-system', 'creation_time': '2025-08-24 22:39:35', 'labels': {'kubernetes.io/metadata.name': 'kube-system'}, 'annotations': None, 'status': 'Active'}, {'name': 'monitor', 'creation_time': '2026-03-13 11:31:09', 'labels': {'kubernetes.io/metadata.name': 'monitor'}, 'annotations': None, 'status': 'Active'}, {'name': 'poc', 'creation_time': '2026-03-11 16:04:55', 'labels': {'kubernetes.io/metadata.name': 'poc'}, 'annotations': None, 'status': 'Active'}, {'name': 'velero', 'creation_time': '2025-10-20 18:53:31', 'labels': {'kubernetes.io/metadata.name': 'velero'}, 'annotations': None, 'status': 'Terminating'}]
2026-03-15 20:24:45 - Knext - [INFO] - 获取所有命名空间成功：[{'name': 'default', 'creation_time': '2025-08-24 22:39:35', 'labels': {'istio-injection': 'enabled', 'kubernetes.io/metadata.name': 'default'}, 'annotations': None, 'status': 'Active'}, {'name': 'gitee', 'creation_time': '2026-03-11 16:04:48', 'labels': {'kubernetes.io/metadata.name': 'gitee'}, 'annotations': None, 'status': 'Active'}, {'name': 'kube-node-lease', 'creation_time': '2025-08-24 22:39:35', 'labels': {'kubernetes.io/metadata.name': 'kube-node-lease'}, 'annotations': None, 'status': 'Active'}, {'name': 'kube-public', 'creation_time': '2025-08-24 22:39:35', 'labels': {'kubernetes.io/metadata.name': 'kube-public'}, 'annotations': None, 'status': 'Active'}, {'name': 'kube-system', 'creation_time': '2025-08-24 22:39:35', 'labels': {'kubernetes.io/metadata.name': 'kube-system'}, 'annotations': None, 'status': 'Active'}, {'name': 'monitor', 'creation_time': '2026-03-13 11:31:09', 'labels': {'kubernetes.io/metadata.name': 'monitor'}, 'annotations': None, 'status': 'Active'}, {'name': 'poc', 'creation_time': '2026-03-11 16:04:55', 'labels': {'kubernetes.io/metadata.name': 'poc'}, 'annotations': None, 'status': 'Active'}, {'name': 'velero', 'creation_time': '2025-10-20 18:53:31', 'labels': {'kubernetes.io/metadata.name': 'velero'}, 'annotations': None, 'status': 'Terminating'}]
2026-03-15 20:30:14 - Knext - [INFO] - 获取所有命名空间成功：[{'name': 'default', 'creation_time': '2025-08-24 22:39:35', 'labels': {'istio-injection': 'enabled', 'kubernetes.io/metadata.name': 'default'}, 'annotations': None, 'status': 'Active'}, {'name': 'gitee', 'creation_time': '2026-03-11 16:04:48', 'labels': {'kubernetes.io/metadata.name': 'gitee'}, 'annotations': None, 'status': 'Active'}, {'name': 'kube-node-lease', 'creation_time': '2025-08-24 22:39:35', 'labels': {'kubernetes.io/metadata.name': 'kube-node-lease'}, 'annotations': None, 'status': 'Active'}, {'name': 'kube-public', 'creation_time': '2025-08-24 22:39:35', 'labels': {'kubernetes.io/metadata.name': 'kube-public'}, 'annotations': None, 'status': 'Active'}, {'name': 'kube-system', 'creation_time': '2025-08-24 22:39:35', 'labels': {'kubernetes.io/metadata.name': 'kube-system'}, 'annotations': None, 'status': 'Active'}, {'name': 'monitor', 'creation_time': '2026-03-13 11:31:09', 'labels': {'kubernetes.io/metadata.name': 'monitor'}, 'annotations': None, 'status': 'Active'}, {'name': 'poc', 'creation_time': '2026-03-11 16:04:55', 'labels': {'kubernetes.io/metadata.name': 'poc'}, 'annotations': None, 'status': 'Active'}, {'name': 'velero', 'creation_time': '2025-10-20 18:53:31', 'labels': {'kubernetes.io/metadata.name': 'velero'}, 'annotations': None, 'status': 'Terminating'}]
2026-03-15 20:32:28 - Knext - [ERROR] - 删除命名空间失败：(403)
Reason: Forbidden
HTTP response headers: HTTPHeaderDict({'Audit-Id': '357e8edc-df4d-4c3d-8891-3c9720f71541', 'Cache-Control': 'no-cache, private', 'Content-Type': 'application/json', 'X-Kubernetes-Pf-Flowschema-Uid': '84dab70f-f66a-435d-b511-ab4e924c32d1', 'X-Kubernetes-Pf-Prioritylevel-Uid': '16553e68-64ab-412c-b5d9-8aa88f0c68bf', 'Date': 'Sun, 15 Mar 2026 12:32:28 GMT', 'Content-Length': '233'})
HTTP response body: {"kind":"Status","apiVersion":"v1","metadata":{},"status":"Failure","message":"namespaces \"default\" is forbidden: this namespace may not be deleted","reason":"Forbidden","details":{"name":"default","kind":"namespaces"},"code":403}


2026-03-15 20:32:28 - Knext - [ERROR] - 删除命名空间失败：(403)
Reason: Forbidden
HTTP response headers: HTTPHeaderDict({'Audit-Id': '357e8edc-df4d-4c3d-8891-3c9720f71541', 'Cache-Control': 'no-cache, private', 'Content-Type': 'application/json', 'X-Kubernetes-Pf-Flowschema-Uid': '84dab70f-f66a-435d-b511-ab4e924c32d1', 'X-Kubernetes-Pf-Prioritylevel-Uid': '16553e68-64ab-412c-b5d9-8aa88f0c68bf', 'Date': 'Sun, 15 Mar 2026 12:32:28 GMT', 'Content-Length': '233'})
HTTP response body: {"kind":"Status","apiVersion":"v1","metadata":{},"status":"Failure","message":"namespaces \"default\" is forbidden: this namespace may not be deleted","reason":"Forbidden","details":{"name":"default","kind":"namespaces"},"code":403}


2026-03-15 20:33:22 - Knext - [INFO] - 获取所有命名空间成功：[{'name': 'default', 'creation_time': '2025-08-24 22:39:35', 'labels': {'istio-injection': 'enabled', 'kubernetes.io/metadata.name': 'default'}, 'annotations': None, 'status': 'Active'}, {'name': 'gitee', 'creation_time': '2026-03-11 16:04:48', 'labels': {'kubernetes.io/metadata.name': 'gitee'}, 'annotations': None, 'status': 'Active'}, {'name': 'kube-node-lease', 'creation_time': '2025-08-24 22:39:35', 'labels': {'kubernetes.io/metadata.name': 'kube-node-lease'}, 'annotations': None, 'status': 'Active'}, {'name': 'kube-public', 'creation_time': '2025-08-24 22:39:35', 'labels': {'kubernetes.io/metadata.name': 'kube-public'}, 'annotations': None, 'status': 'Active'}, {'name': 'kube-system', 'creation_time': '2025-08-24 22:39:35', 'labels': {'kubernetes.io/metadata.name': 'kube-system'}, 'annotations': None, 'status': 'Active'}, {'name': 'monitor', 'creation_time': '2026-03-13 11:31:09', 'labels': {'kubernetes.io/metadata.name': 'monitor'}, 'annotations': None, 'status': 'Active'}, {'name': 'poc', 'creation_time': '2026-03-11 16:04:55', 'labels': {'kubernetes.io/metadata.name': 'poc'}, 'annotations': None, 'status': 'Active'}, {'name': 'velero', 'creation_time': '2025-10-20 18:53:31', 'labels': {'kubernetes.io/metadata.name': 'velero'}, 'annotations': None, 'status': 'Terminating'}]
2026-03-15 20:34:40 - Knext - [ERROR] - 删除命名空间失败：(403)
Reason: Forbidden
HTTP response headers: HTTPHeaderDict({'Audit-Id': 'a03d7815-1f73-4790-b385-ace819bd7b79', 'Cache-Control': 'no-cache, private', 'Content-Type': 'application/json', 'X-Kubernetes-Pf-Flowschema-Uid': '84dab70f-f66a-435d-b511-ab4e924c32d1', 'X-Kubernetes-Pf-Prioritylevel-Uid': '16553e68-64ab-412c-b5d9-8aa88f0c68bf', 'Date': 'Sun, 15 Mar 2026 12:34:40 GMT', 'Content-Length': '233'})
HTTP response body: {"kind":"Status","apiVersion":"v1","metadata":{},"status":"Failure","message":"namespaces \"default\" is forbidden: this namespace may not be deleted","reason":"Forbidden","details":{"name":"default","kind":"namespaces"},"code":403}


2026-03-15 20:34:40 - Knext - [ERROR] - 删除命名空间失败：(403)
Reason: Forbidden
HTTP response headers: HTTPHeaderDict({'Audit-Id': 'a03d7815-1f73-4790-b385-ace819bd7b79', 'Cache-Control': 'no-cache, private', 'Content-Type': 'application/json', 'X-Kubernetes-Pf-Flowschema-Uid': '84dab70f-f66a-435d-b511-ab4e924c32d1', 'X-Kubernetes-Pf-Prioritylevel-Uid': '16553e68-64ab-412c-b5d9-8aa88f0c68bf', 'Date': 'Sun, 15 Mar 2026 12:34:40 GMT', 'Content-Length': '233'})
HTTP response body: {"kind":"Status","apiVersion":"v1","metadata":{},"status":"Failure","message":"namespaces \"default\" is forbidden: this namespace may not be deleted","reason":"Forbidden","details":{"name":"default","kind":"namespaces"},"code":403}


2026-03-15 20:36:13 - Knext - [INFO] - 获取所有命名空间成功：[{'name': 'default', 'creation_time': '2025-08-24 22:39:35', 'labels': {'istio-injection': 'enabled', 'kubernetes.io/metadata.name': 'default'}, 'annotations': None, 'status': 'Active'}, {'name': 'gitee', 'creation_time': '2026-03-11 16:04:48', 'labels': {'kubernetes.io/metadata.name': 'gitee'}, 'annotations': None, 'status': 'Active'}, {'name': 'kube-node-lease', 'creation_time': '2025-08-24 22:39:35', 'labels': {'kubernetes.io/metadata.name': 'kube-node-lease'}, 'annotations': None, 'status': 'Active'}, {'name': 'kube-public', 'creation_time': '2025-08-24 22:39:35', 'labels': {'kubernetes.io/metadata.name': 'kube-public'}, 'annotations': None, 'status': 'Active'}, {'name': 'kube-system', 'creation_time': '2025-08-24 22:39:35', 'labels': {'kubernetes.io/metadata.name': 'kube-system'}, 'annotations': None, 'status': 'Active'}, {'name': 'monitor', 'creation_time': '2026-03-13 11:31:09', 'labels': {'kubernetes.io/metadata.name': 'monitor'}, 'annotations': None, 'status': 'Active'}, {'name': 'poc', 'creation_time': '2026-03-11 16:04:55', 'labels': {'kubernetes.io/metadata.name': 'poc'}, 'annotations': None, 'status': 'Active'}, {'name': 'velero', 'creation_time': '2025-10-20 18:53:31', 'labels': {'kubernetes.io/metadata.name': 'velero'}, 'annotations': None, 'status': 'Terminating'}]
2026-03-15 20:37:16 - Knext - [ERROR] - 获取集群概览失败：type object 'ResourceService' has no attribute 'get_overview'
2026-03-15 20:40:51 - Knext - [INFO] - 获取所有命名空间成功：[{'name': 'default', 'creation_time': '2025-08-24 22:39:35', 'labels': {'istio-injection': 'enabled', 'kubernetes.io/metadata.name': 'default'}, 'annotations': None, 'status': 'Active'}, {'name': 'gitee', 'creation_time': '2026-03-11 16:04:48', 'labels': {'kubernetes.io/metadata.name': 'gitee'}, 'annotations': None, 'status': 'Active'}, {'name': 'kube-node-lease', 'creation_time': '2025-08-24 22:39:35', 'labels': {'kubernetes.io/metadata.name': 'kube-node-lease'}, 'annotations': None, 'status': 'Active'}, {'name': 'kube-public', 'creation_time': '2025-08-24 22:39:35', 'labels': {'kubernetes.io/metadata.name': 'kube-public'}, 'annotations': None, 'status': 'Active'}, {'name': 'kube-system', 'creation_time': '2025-08-24 22:39:35', 'labels': {'kubernetes.io/metadata.name': 'kube-system'}, 'annotations': None, 'status': 'Active'}, {'name': 'monitor', 'creation_time': '2026-03-13 11:31:09', 'labels': {'kubernetes.io/metadata.name': 'monitor'}, 'annotations': None, 'status': 'Active'}, {'name': 'poc', 'creation_time': '2026-03-11 16:04:55', 'labels': {'kubernetes.io/metadata.name': 'poc'}, 'annotations': None, 'status': 'Active'}, {'name': 'velero', 'creation_time': '2025-10-20 18:53:31', 'labels': {'kubernetes.io/metadata.name': 'velero'}, 'annotations': None, 'status': 'Terminating'}]
2026-03-15 20:55:17 - Knext - [INFO] - 成功加载本地 kubeconfig 配置
2026-03-15 20:55:17 - Knext - [INFO] - K8s 客户端初始化成功（已禁用 SSL 验证）
2026-03-15 20:55:56 - Knext - [INFO] - 成功加载本地 kubeconfig 配置
2026-03-15 20:55:56 - Knext - [INFO] - K8s 客户端初始化成功（已禁用 SSL 验证）
2026-03-15 20:56:00 - Knext - [INFO] - 成功加载本地 kubeconfig 配置
2026-03-15 20:56:00 - Knext - [INFO] - K8s 客户端初始化成功（已禁用 SSL 验证）
2026-03-15 20:56:04 - Knext - [ERROR] - 获取节点信息失败：'list' object has no attribute 'status'
2026-03-15 20:56:04 - Knext - [ERROR] - 获取节点信息失败：'list' object has no attribute 'status'
2026-03-15 21:04:57 - Knext - [ERROR] - 获取节点信息失败：'list' object has no attribute 'status'
2026-03-15 21:04:57 - Knext - [ERROR] - 获取节点信息失败：'list' object has no attribute 'status'
2026-03-15 21:05:10 - Knext - [INFO] - 成功加载本地 kubeconfig 配置
2026-03-15 21:05:10 - Knext - [INFO] - K8s 客户端初始化成功（已禁用 SSL 验证）
2026-03-15 21:05:12 - Knext - [INFO] - 成功加载本地 kubeconfig 配置
2026-03-15 21:05:12 - Knext - [INFO] - K8s 客户端初始化成功（已禁用 SSL 验证）
2026-03-15 21:05:28 - Knext - [INFO] - 成功加载本地 kubeconfig 配置
2026-03-15 21:05:28 - Knext - [INFO] - K8s 客户端初始化成功（已禁用 SSL 验证）
2026-03-15 21:10:28 - Knext - [INFO] - 成功加载本地 kubeconfig 配置
2026-03-15 21:10:28 - Knext - [INFO] - K8s 客户端初始化成功（已禁用 SSL 验证）
2026-03-15 21:10:30 - Knext - [INFO] - 成功加载本地 kubeconfig 配置
2026-03-15 21:10:30 - Knext - [INFO] - K8s 客户端初始化成功（已禁用 SSL 验证）
2026-03-15 21:11:48 - Knext - [INFO] - 成功加载本地 kubeconfig 配置
2026-03-15 21:11:48 - Knext - [INFO] - K8s 客户端初始化成功（已禁用 SSL 验证）
2026-03-15 21:12:03 - Knext - [INFO] - 成功加载本地 kubeconfig 配置
2026-03-15 21:12:03 - Knext - [INFO] - K8s 客户端初始化成功（已禁用 SSL 验证）
2026-03-15 21:12:39 - Knext - [INFO] - 成功加载本地 kubeconfig 配置
2026-03-15 21:12:39 - Knext - [INFO] - K8s 客户端初始化成功（已禁用 SSL 验证）
2026-03-15 21:13:47 - Knext - [INFO] - 成功加载本地 kubeconfig 配置
2026-03-15 21:13:47 - Knext - [INFO] - K8s 客户端初始化成功（已禁用 SSL 验证）
2026-03-15 21:13:56 - Knext - [INFO] - 成功加载本地 kubeconfig 配置
2026-03-15 21:13:56 - Knext - [INFO] - K8s 客户端初始化成功（已禁用 SSL 验证）
2026-03-15 21:14:04 - Knext - [INFO] - 成功加载本地 kubeconfig 配置
2026-03-15 21:14:04 - Knext - [INFO] - K8s 客户端初始化成功（已禁用 SSL 验证）
2026-03-15 21:14:12 - Knext - [INFO] - 成功加载本地 kubeconfig 配置
2026-03-15 21:14:12 - Knext - [INFO] - K8s 客户端初始化成功（已禁用 SSL 验证）
2026-03-15 21:15:28 - Knext - [INFO] - 成功加载本地 kubeconfig 配置
2026-03-15 21:15:28 - Knext - [INFO] - K8s 客户端初始化成功（已禁用 SSL 验证）
2026-03-15 21:15:30 - Knext - [INFO] - 成功加载本地 kubeconfig 配置
2026-03-15 21:15:30 - Knext - [INFO] - K8s 客户端初始化成功（已禁用 SSL 验证）
2026-03-15 21:16:41 - Knext - [INFO] - 成功加载本地 kubeconfig 配置
2026-03-15 21:16:41 - Knext - [INFO] - K8s 客户端初始化成功（已禁用 SSL 验证）
2026-03-15 21:16:54 - Knext - [INFO] - 成功加载本地 kubeconfig 配置
2026-03-15 21:16:54 - Knext - [INFO] - K8s 客户端初始化成功（已禁用 SSL 验证）
2026-03-15 21:17:10 - Knext - [ERROR] - 获取节点信息失败：list index out of range
2026-03-15 21:17:10 - Knext - [ERROR] - 获取节点信息失败：list index out of range
2026-03-15 21:17:23 - Knext - [INFO] - 成功加载本地 kubeconfig 配置
2026-03-15 21:17:23 - Knext - [INFO] - K8s 客户端初始化成功（已禁用 SSL 验证）
2026-03-15 21:17:42 - Knext - [INFO] - 成功加载本地 kubeconfig 配置
2026-03-15 21:17:42 - Knext - [INFO] - K8s 客户端初始化成功（已禁用 SSL 验证）
2026-03-15 21:22:42 - Knext - [INFO] - 成功加载本地 kubeconfig 配置
2026-03-15 21:22:42 - Knext - [INFO] - K8s 客户端初始化成功（已禁用 SSL 验证）
2026-03-15 21:25:05 - Knext - [INFO] - 成功加载本地 kubeconfig 配置
2026-03-15 21:25:05 - Knext - [INFO] - K8s 客户端初始化成功（已禁用 SSL 验证）
2026-03-15 21:25:28 - Knext - [INFO] - 成功加载本地 kubeconfig 配置
2026-03-15 21:25:28 - Knext - [INFO] - K8s 客户端初始化成功（已禁用 SSL 验证）
2026-03-15 21:26:16 - Knext - [INFO] - 成功加载本地 kubeconfig 配置
2026-03-15 21:26:16 - Knext - [INFO] - K8s 客户端初始化成功（已禁用 SSL 验证）
2026-03-15 21:28:11 - Knext - [INFO] - 成功加载本地 kubeconfig 配置
2026-03-15 21:28:11 - Knext - [INFO] - K8s 客户端初始化成功（已禁用 SSL 验证）
2026-03-15 21:30:12 - Knext - [INFO] - 成功加载本地 kubeconfig 配置
2026-03-15 21:30:12 - Knext - [INFO] - K8s 客户端初始化成功（已禁用 SSL 验证）
2026-03-15 21:31:43 - Knext - [INFO] - 成功加载本地 kubeconfig 配置
2026-03-15 21:31:43 - Knext - [INFO] - K8s 客户端初始化成功（已禁用 SSL 验证）
2026-03-15 21:31:45 - Knext - [INFO] - 成功加载本地 kubeconfig 配置
2026-03-15 21:31:45 - Knext - [INFO] - K8s 客户端初始化成功（已禁用 SSL 验证）
2026-03-15 21:55:55 - Knext - [INFO] - 成功加载本地 kubeconfig 配置
2026-03-15 21:55:55 - Knext - [INFO] - K8s 客户端初始化成功（已禁用 SSL 验证）
2026-03-15 21:56:34 - Knext - [INFO] - 成功加载本地 kubeconfig 配置
2026-03-15 21:56:34 - Knext - [INFO] - K8s 客户端初始化成功（已禁用 SSL 验证）
2026-03-15 21:56:49 - Knext - [INFO] - 成功加载本地 kubeconfig 配置
2026-03-15 21:56:49 - Knext - [INFO] - K8s 客户端初始化成功（已禁用 SSL 验证）
2026-03-15 21:57:10 - Knext - [INFO] - 成功加载本地 kubeconfig 配置
2026-03-15 21:57:10 - Knext - [INFO] - K8s 客户端初始化成功（已禁用 SSL 验证）
2026-03-15 21:57:49 - Knext - [INFO] - 成功加载本地 kubeconfig 配置
2026-03-15 21:57:49 - Knext - [INFO] - K8s 客户端初始化成功（已禁用 SSL 验证）
2026-03-15 21:57:51 - Knext - [INFO] - 成功加载本地 kubeconfig 配置
2026-03-15 21:57:51 - Knext - [INFO] - K8s 客户端初始化成功（已禁用 SSL 验证）
2026-03-15 22:02:05 - Knext - [INFO] - 成功加载本地 kubeconfig 配置
2026-03-15 22:02:05 - Knext - [INFO] - K8s 客户端初始化成功（已禁用 SSL 验证）
2026-03-15 22:02:12 - Knext - [INFO] - 成功加载本地 kubeconfig 配置
2026-03-15 22:02:12 - Knext - [INFO] - K8s 客户端初始化成功（已禁用 SSL 验证）
2026-03-15 22:02:25 - Knext - [WARNING] - metrics-server 不可用，请安装metrics-server
2026-03-15 22:02:25 - Knext - [WARNING] - 获取事件失败：'CoreV1EventList' object is not iterable
2026-03-15 22:04:31 - Knext - [INFO] - 成功加载本地 kubeconfig 配置
2026-03-15 22:04:31 - Knext - [INFO] - K8s 客户端初始化成功（已禁用 SSL 验证）
2026-03-15 22:04:42 - Knext - [WARNING] - metrics-server 不可用，请安装metrics-server
2026-03-15 22:04:42 - Knext - [WARNING] - 获取事件失败：'CoreV1EventList' object is not iterable
2026-03-15 22:05:28 - Knext - [INFO] - 成功加载本地 kubeconfig 配置
2026-03-15 22:05:28 - Knext - [INFO] - K8s 客户端初始化成功（已禁用 SSL 验证）
2026-03-15 22:05:33 - Knext - [WARNING] - metrics-server 不可用，请安装metrics-server
2026-03-15 22:05:33 - Knext - [WARNING] - 获取事件失败：'CoreV1EventList' object is not iterable
2026-03-15 22:05:39 - Knext - [WARNING] - metrics-server 不可用，请安装metrics-server
2026-03-15 22:05:39 - Knext - [WARNING] - 获取事件失败：'CoreV1EventList' object is not iterable
2026-03-15 22:05:45 - Knext - [INFO] - 获取所有命名空间成功：[{'name': 'default', 'creation_time': '2025-08-24 22:39:35', 'labels': {'istio-injection': 'enabled', 'kubernetes.io/metadata.name': 'default'}, 'annotations': None, 'status': 'Active'}, {'name': 'gitee', 'creation_time': '2026-03-11 16:04:48', 'labels': {'kubernetes.io/metadata.name': 'gitee'}, 'annotations': None, 'status': 'Active'}, {'name': 'kube-node-lease', 'creation_time': '2025-08-24 22:39:35', 'labels': {'kubernetes.io/metadata.name': 'kube-node-lease'}, 'annotations': None, 'status': 'Active'}, {'name': 'kube-public', 'creation_time': '2025-08-24 22:39:35', 'labels': {'kubernetes.io/metadata.name': 'kube-public'}, 'annotations': None, 'status': 'Active'}, {'name': 'kube-system', 'creation_time': '2025-08-24 22:39:35', 'labels': {'kubernetes.io/metadata.name': 'kube-system'}, 'annotations': None, 'status': 'Active'}, {'name': 'monitor', 'creation_time': '2026-03-13 11:31:09', 'labels': {'kubernetes.io/metadata.name': 'monitor'}, 'annotations': None, 'status': 'Active'}, {'name': 'poc', 'creation_time': '2026-03-11 16:04:55', 'labels': {'kubernetes.io/metadata.name': 'poc'}, 'annotations': None, 'status': 'Active'}, {'name': 'velero', 'creation_time': '2025-10-20 18:53:31', 'labels': {'kubernetes.io/metadata.name': 'velero'}, 'annotations': None, 'status': 'Terminating'}]
2026-03-15 22:06:04 - Knext - [WARNING] - metrics-server 不可用，请安装metrics-server
2026-03-15 22:06:04 - Knext - [WARNING] - 获取事件失败：'CoreV1EventList' object is not iterable
2026-03-15 22:06:50 - Knext - [WARNING] - metrics-server 不可用，请安装metrics-server
2026-03-15 22:06:50 - Knext - [WARNING] - 获取事件失败：'CoreV1EventList' object is not iterable
2026-03-15 22:07:47 - Knext - [WARNING] - metrics-server 不可用，请安装metrics-server
2026-03-15 22:07:47 - Knext - [WARNING] - 获取事件失败：'CoreV1EventList' object is not iterable
2026-03-15 22:08:56 - Knext - [WARNING] - metrics-server 不可用，请安装metrics-server
2026-03-15 22:08:56 - Knext - [WARNING] - 获取事件失败：'CoreV1EventList' object is not iterable
