2026-03-07 19:00:38 - Knext - [INFO] - 成功加载本地 kubeconfig 配置
2026-03-07 19:00:38 - Knext - [INFO] - K8s 客户端初始化成功（已禁用 SSL 验证）
2026-03-07 19:05:24 - Knext - [WARNING] - metrics-server 获取失败，使用估算方式：(404)
Reason: Not Found
HTTP response headers: HTTPHeaderDict({'Audit-Id': '2941aa11-d44b-4f55-9988-dec943f7a415, 2941aa11-d44b-4f55-9988-dec943f7a415', 'Cache-Control': 'no-cache, private, no-cache, private', 'Content-Length': '174', 'Content-Type': 'application/json', 'Date': 'Sat, 07 Mar 2026 11:05:23 GMT', 'X-Kubernetes-Pf-Flowschema-Uid': '7dffc215-a1a3-4133-b75e-3752538126f9', 'X-Kubernetes-Pf-Prioritylevel-Uid': 'b4056a24-691c-418a-b8c1-498fbd1b850d'})
HTTP response body: {"kind":"Status","apiVersion":"v1","metadata":{},"status":"Failure","message":"the server could not find the requested resource","reason":"NotFound","details":{},"code":404}


2026-03-07 19:05:24 - Knext - [WARNING] - 获取事件失败：'CoreV1EventList' object is not iterable
2026-03-07 19:06:31 - Knext - [WARNING] - metrics-server 获取失败，使用估算方式：(404)
Reason: Not Found
HTTP response headers: HTTPHeaderDict({'Audit-Id': '1f2957ad-e66c-4a77-9c1b-83d7a24ca92f, 1f2957ad-e66c-4a77-9c1b-83d7a24ca92f', 'Cache-Control': 'no-cache, private, no-cache, private', 'Content-Length': '174', 'Content-Type': 'application/json', 'Date': 'Sat, 07 Mar 2026 11:06:31 GMT', 'X-Kubernetes-Pf-Flowschema-Uid': '7dffc215-a1a3-4133-b75e-3752538126f9', 'X-Kubernetes-Pf-Prioritylevel-Uid': 'b4056a24-691c-418a-b8c1-498fbd1b850d'})
HTTP response body: {"kind":"Status","apiVersion":"v1","metadata":{},"status":"Failure","message":"the server could not find the requested resource","reason":"NotFound","details":{},"code":404}


2026-03-07 19:06:31 - Knext - [WARNING] - 获取事件失败：'CoreV1EventList' object is not iterable
2026-03-07 19:06:51 - Knext - [WARNING] - metrics-server 获取失败，使用估算方式：(404)
Reason: Not Found
HTTP response headers: HTTPHeaderDict({'Audit-Id': '551b603b-c947-4b2f-9952-1197fcf27ff7, 551b603b-c947-4b2f-9952-1197fcf27ff7', 'Cache-Control': 'no-cache, private, no-cache, private', 'Content-Length': '174', 'Content-Type': 'application/json', 'Date': 'Sat, 07 Mar 2026 11:06:50 GMT', 'X-Kubernetes-Pf-Flowschema-Uid': '7dffc215-a1a3-4133-b75e-3752538126f9', 'X-Kubernetes-Pf-Prioritylevel-Uid': 'b4056a24-691c-418a-b8c1-498fbd1b850d'})
HTTP response body: {"kind":"Status","apiVersion":"v1","metadata":{},"status":"Failure","message":"the server could not find the requested resource","reason":"NotFound","details":{},"code":404}


2026-03-07 19:06:51 - Knext - [WARNING] - 获取事件失败：'CoreV1EventList' object is not iterable
2026-03-07 19:07:09 - Knext - [WARNING] - metrics-server 获取失败，使用估算方式：(404)
Reason: Not Found
HTTP response headers: HTTPHeaderDict({'Audit-Id': 'a14854b6-1c90-4bdd-b49b-65ec9a7e04cb, a14854b6-1c90-4bdd-b49b-65ec9a7e04cb', 'Cache-Control': 'no-cache, private, no-cache, private', 'Content-Length': '174', 'Content-Type': 'application/json', 'Date': 'Sat, 07 Mar 2026 11:07:09 GMT', 'X-Kubernetes-Pf-Flowschema-Uid': '7dffc215-a1a3-4133-b75e-3752538126f9', 'X-Kubernetes-Pf-Prioritylevel-Uid': 'b4056a24-691c-418a-b8c1-498fbd1b850d'})
HTTP response body: {"kind":"Status","apiVersion":"v1","metadata":{},"status":"Failure","message":"the server could not find the requested resource","reason":"NotFound","details":{},"code":404}


2026-03-07 19:07:09 - Knext - [WARNING] - 获取事件失败：'CoreV1EventList' object is not iterable
2026-03-07 19:07:19 - Knext - [INFO] - 成功加载本地 kubeconfig 配置
2026-03-07 19:07:19 - Knext - [INFO] - K8s 客户端初始化成功（已禁用 SSL 验证）
2026-03-07 19:07:24 - Knext - [WARNING] - metrics-server 获取失败，使用估算方式：(404)
Reason: Not Found
HTTP response headers: HTTPHeaderDict({'Audit-Id': '33114d67-a04e-44e9-b920-a73f65210aa6, 33114d67-a04e-44e9-b920-a73f65210aa6', 'Cache-Control': 'no-cache, private, no-cache, private', 'Content-Length': '174', 'Content-Type': 'application/json', 'Date': 'Sat, 07 Mar 2026 11:07:24 GMT', 'X-Kubernetes-Pf-Flowschema-Uid': '7dffc215-a1a3-4133-b75e-3752538126f9', 'X-Kubernetes-Pf-Prioritylevel-Uid': 'b4056a24-691c-418a-b8c1-498fbd1b850d'})
HTTP response body: {"kind":"Status","apiVersion":"v1","metadata":{},"status":"Failure","message":"the server could not find the requested resource","reason":"NotFound","details":{},"code":404}


2026-03-07 19:07:24 - Knext - [WARNING] - 获取事件失败：'CoreV1EventList' object is not iterable
2026-03-07 20:30:07 - Knext - [INFO] - 成功加载本地 kubeconfig 配置
2026-03-07 20:30:07 - Knext - [INFO] - K8s 客户端初始化成功（已禁用 SSL 验证）
2026-03-07 20:30:14 - Knext - [WARNING] - metrics-server 获取失败，使用估算方式：(404)
Reason: Not Found
HTTP response headers: HTTPHeaderDict({'Audit-Id': '6cfa6874-cd9a-41f5-b515-5b28b65a872e, 6cfa6874-cd9a-41f5-b515-5b28b65a872e', 'Cache-Control': 'no-cache, private, no-cache, private', 'Content-Length': '174', 'Content-Type': 'application/json', 'Date': 'Sat, 07 Mar 2026 12:30:14 GMT', 'X-Kubernetes-Pf-Flowschema-Uid': '7dffc215-a1a3-4133-b75e-3752538126f9', 'X-Kubernetes-Pf-Prioritylevel-Uid': 'b4056a24-691c-418a-b8c1-498fbd1b850d'})
HTTP response body: {"kind":"Status","apiVersion":"v1","metadata":{},"status":"Failure","message":"the server could not find the requested resource","reason":"NotFound","details":{},"code":404}


2026-03-07 20:30:14 - Knext - [WARNING] - 获取事件失败：'CoreV1EventList' object is not iterable
2026-03-07 20:45:46 - Knext - [WARNING] - metrics-server 获取失败，使用估算方式：(404)
Reason: Not Found
HTTP response headers: HTTPHeaderDict({'Audit-Id': '07d96560-fc43-4e98-80b8-26ebb714bc2b, 07d96560-fc43-4e98-80b8-26ebb714bc2b', 'Cache-Control': 'no-cache, private, no-cache, private', 'Content-Length': '174', 'Content-Type': 'application/json', 'Date': 'Sat, 07 Mar 2026 12:45:45 GMT', 'X-Kubernetes-Pf-Flowschema-Uid': '7dffc215-a1a3-4133-b75e-3752538126f9', 'X-Kubernetes-Pf-Prioritylevel-Uid': 'b4056a24-691c-418a-b8c1-498fbd1b850d'})
HTTP response body: {"kind":"Status","apiVersion":"v1","metadata":{},"status":"Failure","message":"the server could not find the requested resource","reason":"NotFound","details":{},"code":404}


2026-03-07 20:45:46 - Knext - [WARNING] - 获取事件失败：'CoreV1EventList' object is not iterable
2026-03-07 20:46:00 - Knext - [WARNING] - metrics-server 获取失败，使用估算方式：(404)
Reason: Not Found
HTTP response headers: HTTPHeaderDict({'Audit-Id': 'e9eefeec-9126-4113-ba21-19f2803c510a, e9eefeec-9126-4113-ba21-19f2803c510a', 'Cache-Control': 'no-cache, private, no-cache, private', 'Content-Length': '174', 'Content-Type': 'application/json', 'Date': 'Sat, 07 Mar 2026 12:45:59 GMT', 'X-Kubernetes-Pf-Flowschema-Uid': '7dffc215-a1a3-4133-b75e-3752538126f9', 'X-Kubernetes-Pf-Prioritylevel-Uid': 'b4056a24-691c-418a-b8c1-498fbd1b850d'})
HTTP response body: {"kind":"Status","apiVersion":"v1","metadata":{},"status":"Failure","message":"the server could not find the requested resource","reason":"NotFound","details":{},"code":404}


2026-03-07 20:46:00 - Knext - [WARNING] - 获取事件失败：'CoreV1EventList' object is not iterable
2026-03-07 20:46:35 - Knext - [WARNING] - metrics-server 获取失败，使用估算方式：(404)
Reason: Not Found
HTTP response headers: HTTPHeaderDict({'Audit-Id': 'fc3a564c-9f1c-4652-a77a-0bc00656c79f, fc3a564c-9f1c-4652-a77a-0bc00656c79f', 'Cache-Control': 'no-cache, private, no-cache, private', 'Content-Length': '174', 'Content-Type': 'application/json', 'Date': 'Sat, 07 Mar 2026 12:46:35 GMT', 'X-Kubernetes-Pf-Flowschema-Uid': '7dffc215-a1a3-4133-b75e-3752538126f9', 'X-Kubernetes-Pf-Prioritylevel-Uid': 'b4056a24-691c-418a-b8c1-498fbd1b850d'})
HTTP response body: {"kind":"Status","apiVersion":"v1","metadata":{},"status":"Failure","message":"the server could not find the requested resource","reason":"NotFound","details":{},"code":404}


2026-03-07 20:46:35 - Knext - [WARNING] - 获取事件失败：'CoreV1EventList' object is not iterable
2026-03-07 20:48:03 - Knext - [WARNING] - metrics-server 获取失败，使用估算方式：(404)
Reason: Not Found
HTTP response headers: HTTPHeaderDict({'Audit-Id': '50337711-0625-4cae-9ddd-95970c772a3f, 50337711-0625-4cae-9ddd-95970c772a3f', 'Cache-Control': 'no-cache, private, no-cache, private', 'Content-Length': '174', 'Content-Type': 'application/json', 'Date': 'Sat, 07 Mar 2026 12:48:03 GMT', 'X-Kubernetes-Pf-Flowschema-Uid': '7dffc215-a1a3-4133-b75e-3752538126f9', 'X-Kubernetes-Pf-Prioritylevel-Uid': 'b4056a24-691c-418a-b8c1-498fbd1b850d'})
HTTP response body: {"kind":"Status","apiVersion":"v1","metadata":{},"status":"Failure","message":"the server could not find the requested resource","reason":"NotFound","details":{},"code":404}


2026-03-07 20:48:03 - Knext - [WARNING] - 获取事件失败：'CoreV1EventList' object is not iterable
2026-03-07 20:48:27 - Knext - [WARNING] - metrics-server 获取失败，使用估算方式：(404)
Reason: Not Found
HTTP response headers: HTTPHeaderDict({'Audit-Id': '865b3358-8ab3-489f-b86e-c239c0dd6cd9, 865b3358-8ab3-489f-b86e-c239c0dd6cd9', 'Cache-Control': 'no-cache, private, no-cache, private', 'Content-Length': '174', 'Content-Type': 'application/json', 'Date': 'Sat, 07 Mar 2026 12:48:27 GMT', 'X-Kubernetes-Pf-Flowschema-Uid': '7dffc215-a1a3-4133-b75e-3752538126f9', 'X-Kubernetes-Pf-Prioritylevel-Uid': 'b4056a24-691c-418a-b8c1-498fbd1b850d'})
HTTP response body: {"kind":"Status","apiVersion":"v1","metadata":{},"status":"Failure","message":"the server could not find the requested resource","reason":"NotFound","details":{},"code":404}


2026-03-07 20:48:27 - Knext - [WARNING] - 获取事件失败：'CoreV1EventList' object is not iterable
2026-03-07 20:57:06 - Knext - [WARNING] - metrics-server 获取失败，使用估算方式：(404)
Reason: Not Found
HTTP response headers: HTTPHeaderDict({'Audit-Id': '15fd8885-edd4-4807-88c7-86f86d8fc950, 15fd8885-edd4-4807-88c7-86f86d8fc950', 'Cache-Control': 'no-cache, private, no-cache, private', 'Content-Length': '174', 'Content-Type': 'application/json', 'Date': 'Sat, 07 Mar 2026 12:57:05 GMT', 'X-Kubernetes-Pf-Flowschema-Uid': '7dffc215-a1a3-4133-b75e-3752538126f9', 'X-Kubernetes-Pf-Prioritylevel-Uid': 'b4056a24-691c-418a-b8c1-498fbd1b850d'})
HTTP response body: {"kind":"Status","apiVersion":"v1","metadata":{},"status":"Failure","message":"the server could not find the requested resource","reason":"NotFound","details":{},"code":404}


2026-03-07 20:57:06 - Knext - [WARNING] - 获取事件失败：'CoreV1EventList' object is not iterable
2026-03-07 20:57:51 - Knext - [WARNING] - metrics-server 获取失败，使用估算方式：(404)
Reason: Not Found
HTTP response headers: HTTPHeaderDict({'Audit-Id': 'de012bb8-1c6b-4d65-8e50-ef04fbcbba04, de012bb8-1c6b-4d65-8e50-ef04fbcbba04', 'Cache-Control': 'no-cache, private, no-cache, private', 'Content-Length': '174', 'Content-Type': 'application/json', 'Date': 'Sat, 07 Mar 2026 12:57:50 GMT', 'X-Kubernetes-Pf-Flowschema-Uid': '7dffc215-a1a3-4133-b75e-3752538126f9', 'X-Kubernetes-Pf-Prioritylevel-Uid': 'b4056a24-691c-418a-b8c1-498fbd1b850d'})
HTTP response body: {"kind":"Status","apiVersion":"v1","metadata":{},"status":"Failure","message":"the server could not find the requested resource","reason":"NotFound","details":{},"code":404}


2026-03-07 20:57:51 - Knext - [WARNING] - 获取事件失败：'CoreV1EventList' object is not iterable
2026-03-07 20:58:22 - Knext - [WARNING] - metrics-server 获取失败，使用估算方式：(404)
Reason: Not Found
HTTP response headers: HTTPHeaderDict({'Audit-Id': '91d69124-06d2-43e8-bc32-f1a1682bcb2d, 91d69124-06d2-43e8-bc32-f1a1682bcb2d', 'Cache-Control': 'no-cache, private, no-cache, private', 'Content-Length': '174', 'Content-Type': 'application/json', 'Date': 'Sat, 07 Mar 2026 12:58:21 GMT', 'X-Kubernetes-Pf-Flowschema-Uid': '7dffc215-a1a3-4133-b75e-3752538126f9', 'X-Kubernetes-Pf-Prioritylevel-Uid': 'b4056a24-691c-418a-b8c1-498fbd1b850d'})
HTTP response body: {"kind":"Status","apiVersion":"v1","metadata":{},"status":"Failure","message":"the server could not find the requested resource","reason":"NotFound","details":{},"code":404}


2026-03-07 20:58:22 - Knext - [WARNING] - 获取事件失败：'CoreV1EventList' object is not iterable
2026-03-07 20:59:32 - Knext - [WARNING] - metrics-server 获取失败，使用估算方式：(404)
Reason: Not Found
HTTP response headers: HTTPHeaderDict({'Audit-Id': 'e39c8c69-ba7b-4e16-be68-980f2370ce10, e39c8c69-ba7b-4e16-be68-980f2370ce10', 'Cache-Control': 'no-cache, private, no-cache, private', 'Content-Length': '174', 'Content-Type': 'application/json', 'Date': 'Sat, 07 Mar 2026 12:59:32 GMT', 'X-Kubernetes-Pf-Flowschema-Uid': '7dffc215-a1a3-4133-b75e-3752538126f9', 'X-Kubernetes-Pf-Prioritylevel-Uid': 'b4056a24-691c-418a-b8c1-498fbd1b850d'})
HTTP response body: {"kind":"Status","apiVersion":"v1","metadata":{},"status":"Failure","message":"the server could not find the requested resource","reason":"NotFound","details":{},"code":404}


2026-03-07 20:59:32 - Knext - [WARNING] - 获取事件失败：'CoreV1EventList' object is not iterable
2026-03-07 21:06:58 - Knext - [WARNING] - metrics-server 获取失败，使用估算方式：(404)
Reason: Not Found
HTTP response headers: HTTPHeaderDict({'Audit-Id': '6573479f-1290-4596-b40c-0230a9b726a7, 6573479f-1290-4596-b40c-0230a9b726a7', 'Cache-Control': 'no-cache, private, no-cache, private', 'Content-Length': '174', 'Content-Type': 'application/json', 'Date': 'Sat, 07 Mar 2026 13:06:58 GMT', 'X-Kubernetes-Pf-Flowschema-Uid': '7dffc215-a1a3-4133-b75e-3752538126f9', 'X-Kubernetes-Pf-Prioritylevel-Uid': 'b4056a24-691c-418a-b8c1-498fbd1b850d'})
HTTP response body: {"kind":"Status","apiVersion":"v1","metadata":{},"status":"Failure","message":"the server could not find the requested resource","reason":"NotFound","details":{},"code":404}


2026-03-07 21:06:58 - Knext - [WARNING] - 获取事件失败：'CoreV1EventList' object is not iterable
2026-03-07 21:07:02 - Knext - [WARNING] - metrics-server 获取失败，使用估算方式：(404)
Reason: Not Found
HTTP response headers: HTTPHeaderDict({'Audit-Id': '6f4219b9-cdb8-4d13-b118-390428db17cd, 6f4219b9-cdb8-4d13-b118-390428db17cd', 'Cache-Control': 'no-cache, private, no-cache, private', 'Content-Length': '174', 'Content-Type': 'application/json', 'Date': 'Sat, 07 Mar 2026 13:07:01 GMT', 'X-Kubernetes-Pf-Flowschema-Uid': '7dffc215-a1a3-4133-b75e-3752538126f9', 'X-Kubernetes-Pf-Prioritylevel-Uid': 'b4056a24-691c-418a-b8c1-498fbd1b850d'})
HTTP response body: {"kind":"Status","apiVersion":"v1","metadata":{},"status":"Failure","message":"the server could not find the requested resource","reason":"NotFound","details":{},"code":404}


2026-03-07 21:07:02 - Knext - [WARNING] - 获取事件失败：'CoreV1EventList' object is not iterable
2026-03-07 21:08:26 - Knext - [WARNING] - metrics-server 获取失败，使用估算方式：(404)
Reason: Not Found
HTTP response headers: HTTPHeaderDict({'Audit-Id': '7ccde32a-d73b-4117-8f52-71a626fa7f85, 7ccde32a-d73b-4117-8f52-71a626fa7f85', 'Cache-Control': 'no-cache, private, no-cache, private', 'Content-Length': '174', 'Content-Type': 'application/json', 'Date': 'Sat, 07 Mar 2026 13:08:26 GMT', 'X-Kubernetes-Pf-Flowschema-Uid': '7dffc215-a1a3-4133-b75e-3752538126f9', 'X-Kubernetes-Pf-Prioritylevel-Uid': 'b4056a24-691c-418a-b8c1-498fbd1b850d'})
HTTP response body: {"kind":"Status","apiVersion":"v1","metadata":{},"status":"Failure","message":"the server could not find the requested resource","reason":"NotFound","details":{},"code":404}


2026-03-07 21:08:26 - Knext - [WARNING] - 获取事件失败：'CoreV1EventList' object is not iterable
2026-03-07 21:10:09 - Knext - [WARNING] - metrics-server 获取失败，使用估算方式：(404)
Reason: Not Found
HTTP response headers: HTTPHeaderDict({'Audit-Id': 'c2c22705-2d5e-4d0f-bb1c-43c4c4835eef, c2c22705-2d5e-4d0f-bb1c-43c4c4835eef', 'Cache-Control': 'no-cache, private, no-cache, private', 'Content-Length': '174', 'Content-Type': 'application/json', 'Date': 'Sat, 07 Mar 2026 13:10:09 GMT', 'X-Kubernetes-Pf-Flowschema-Uid': '7dffc215-a1a3-4133-b75e-3752538126f9', 'X-Kubernetes-Pf-Prioritylevel-Uid': 'b4056a24-691c-418a-b8c1-498fbd1b850d'})
HTTP response body: {"kind":"Status","apiVersion":"v1","metadata":{},"status":"Failure","message":"the server could not find the requested resource","reason":"NotFound","details":{},"code":404}


2026-03-07 21:10:09 - Knext - [WARNING] - 获取事件失败：'CoreV1EventList' object is not iterable
2026-03-07 21:12:39 - Knext - [INFO] - 成功加载本地 kubeconfig 配置
2026-03-07 21:12:39 - Knext - [INFO] - K8s 客户端初始化成功（已禁用 SSL 验证）
2026-03-07 21:12:46 - Knext - [WARNING] - metrics-server 获取失败，使用估算方式：(404)
Reason: Not Found
HTTP response headers: HTTPHeaderDict({'Audit-Id': 'ca570da2-a909-4251-8e2e-217a61b5d561, ca570da2-a909-4251-8e2e-217a61b5d561', 'Cache-Control': 'no-cache, private, no-cache, private', 'Content-Length': '174', 'Content-Type': 'application/json', 'Date': 'Sat, 07 Mar 2026 13:12:45 GMT', 'X-Kubernetes-Pf-Flowschema-Uid': '7dffc215-a1a3-4133-b75e-3752538126f9', 'X-Kubernetes-Pf-Prioritylevel-Uid': 'b4056a24-691c-418a-b8c1-498fbd1b850d'})
HTTP response body: {"kind":"Status","apiVersion":"v1","metadata":{},"status":"Failure","message":"the server could not find the requested resource","reason":"NotFound","details":{},"code":404}


2026-03-07 21:12:46 - Knext - [WARNING] - 获取事件失败：'CoreV1EventList' object is not iterable
2026-03-07 21:16:29 - Knext - [WARNING] - metrics-server 获取失败，使用估算方式：(404)
Reason: Not Found
HTTP response headers: HTTPHeaderDict({'Audit-Id': '636eca14-c28e-4d4d-87cd-287144adc8e6, 636eca14-c28e-4d4d-87cd-287144adc8e6', 'Cache-Control': 'no-cache, private, no-cache, private', 'Content-Length': '174', 'Content-Type': 'application/json', 'Date': 'Sat, 07 Mar 2026 13:16:29 GMT', 'X-Kubernetes-Pf-Flowschema-Uid': '7dffc215-a1a3-4133-b75e-3752538126f9', 'X-Kubernetes-Pf-Prioritylevel-Uid': 'b4056a24-691c-418a-b8c1-498fbd1b850d'})
HTTP response body: {"kind":"Status","apiVersion":"v1","metadata":{},"status":"Failure","message":"the server could not find the requested resource","reason":"NotFound","details":{},"code":404}


2026-03-07 21:16:29 - Knext - [WARNING] - 获取事件失败：'CoreV1EventList' object is not iterable
2026-03-08 18:40:46 - Knext - [WARNING] - metrics-server 获取失败，使用估算方式：(404)
Reason: Not Found
HTTP response headers: HTTPHeaderDict({'Audit-Id': '62b5792f-3cdc-421c-8c7f-88cb4d31f181, 62b5792f-3cdc-421c-8c7f-88cb4d31f181', 'Cache-Control': 'no-cache, private, no-cache, private', 'Content-Length': '174', 'Content-Type': 'application/json', 'Date': 'Sun, 08 Mar 2026 10:40:46 GMT', 'X-Kubernetes-Pf-Flowschema-Uid': '7dffc215-a1a3-4133-b75e-3752538126f9', 'X-Kubernetes-Pf-Prioritylevel-Uid': 'b4056a24-691c-418a-b8c1-498fbd1b850d'})
HTTP response body: {"kind":"Status","apiVersion":"v1","metadata":{},"status":"Failure","message":"the server could not find the requested resource","reason":"NotFound","details":{},"code":404}


2026-03-08 18:40:46 - Knext - [WARNING] - 获取事件失败：'CoreV1EventList' object is not iterable
2026-03-08 18:40:54 - Knext - [ERROR] - 获取命名空间失败：[Errno 22] Invalid argument
2026-03-08 18:41:09 - Knext - [WARNING] - metrics-server 获取失败，使用估算方式：(404)
Reason: Not Found
HTTP response headers: HTTPHeaderDict({'Audit-Id': '4fa46e2e-4c08-488f-87ff-d0ed58af5fcb, 4fa46e2e-4c08-488f-87ff-d0ed58af5fcb', 'Cache-Control': 'no-cache, private, no-cache, private', 'Content-Length': '174', 'Content-Type': 'application/json', 'Date': 'Sun, 08 Mar 2026 10:41:09 GMT', 'X-Kubernetes-Pf-Flowschema-Uid': '7dffc215-a1a3-4133-b75e-3752538126f9', 'X-Kubernetes-Pf-Prioritylevel-Uid': 'b4056a24-691c-418a-b8c1-498fbd1b850d'})
HTTP response body: {"kind":"Status","apiVersion":"v1","metadata":{},"status":"Failure","message":"the server could not find the requested resource","reason":"NotFound","details":{},"code":404}


2026-03-08 18:41:09 - Knext - [WARNING] - 获取事件失败：'CoreV1EventList' object is not iterable
2026-03-08 18:41:15 - Knext - [ERROR] - 获取命名空间失败：[Errno 22] Invalid argument
2026-03-08 18:41:31 - Knext - [ERROR] - 获取命名空间失败：[Errno 22] Invalid argument
2026-03-08 18:43:00 - Knext - [ERROR] - 获取命名空间失败：[Errno 22] Invalid argument
2026-03-08 18:45:07 - Knext - [ERROR] - 获取命名空间失败：[Errno 22] Invalid argument
2026-03-08 18:45:25 - Knext - [ERROR] - 获取命名空间失败：[Errno 22] Invalid argument
2026-03-08 18:46:48 - Knext - [ERROR] - 获取命名空间失败：[Errno 22] Invalid argument
2026-03-08 18:52:20 - Knext - [ERROR] - 获取命名空间失败：[Errno 22] Invalid argument
2026-03-08 18:53:11 - Knext - [ERROR] - 获取命名空间失败：[Errno 22] Invalid argument
2026-03-08 18:53:11 - Knext - [ERROR] - 获取命名空间失败：[Errno 22] Invalid argument
2026-03-08 18:53:12 - Knext - [ERROR] - 获取命名空间失败：[Errno 22] Invalid argument
2026-03-08 18:53:12 - Knext - [ERROR] - 获取命名空间失败：[Errno 22] Invalid argument
2026-03-08 18:53:13 - Knext - [ERROR] - 获取命名空间失败：[Errno 22] Invalid argument
2026-03-08 18:53:13 - Knext - [ERROR] - 获取命名空间失败：[Errno 22] Invalid argument
2026-03-08 18:54:56 - Knext - [ERROR] - 获取命名空间失败：[Errno 22] Invalid argument
2026-03-08 19:07:11 - Knext - [ERROR] - 获取命名空间失败：[Errno 22] Invalid argument
2026-03-08 19:07:20 - Knext - [WARNING] - metrics-server 获取失败，使用估算方式：(404)
Reason: Not Found
HTTP response headers: HTTPHeaderDict({'Audit-Id': '4d1cb77e-c92e-4b83-82dd-cf7e5d7bd3e9, 4d1cb77e-c92e-4b83-82dd-cf7e5d7bd3e9', 'Cache-Control': 'no-cache, private, no-cache, private', 'Content-Length': '174', 'Content-Type': 'application/json', 'Date': 'Sun, 08 Mar 2026 11:07:20 GMT', 'X-Kubernetes-Pf-Flowschema-Uid': '7dffc215-a1a3-4133-b75e-3752538126f9', 'X-Kubernetes-Pf-Prioritylevel-Uid': 'b4056a24-691c-418a-b8c1-498fbd1b850d'})
HTTP response body: {"kind":"Status","apiVersion":"v1","metadata":{},"status":"Failure","message":"the server could not find the requested resource","reason":"NotFound","details":{},"code":404}


2026-03-08 19:07:20 - Knext - [WARNING] - 获取事件失败：'CoreV1EventList' object is not iterable
2026-03-08 19:07:37 - Knext - [ERROR] - 获取命名空间失败：[Errno 22] Invalid argument
2026-03-08 19:15:44 - Knext - [ERROR] - 获取命名空间失败：[Errno 22] Invalid argument
2026-03-08 19:54:57 - Knext - [ERROR] - 获取命名空间失败：[Errno 22] Invalid argument
2026-03-08 19:55:05 - Knext - [ERROR] - 获取命名空间失败：[Errno 22] Invalid argument
2026-03-08 19:57:02 - Knext - [ERROR] - 获取命名空间失败：[Errno 22] Invalid argument
2026-03-08 19:57:08 - Knext - [ERROR] - 获取命名空间失败：[Errno 22] Invalid argument
2026-03-08 19:57:30 - Knext - [ERROR] - 获取命名空间失败：[Errno 22] Invalid argument
2026-03-08 19:57:42 - Knext - [ERROR] - 获取命名空间失败：[Errno 22] Invalid argument
2026-03-08 19:59:07 - Knext - [ERROR] - 获取命名空间失败：[Errno 22] Invalid argument
2026-03-08 19:59:33 - Knext - [ERROR] - 获取命名空间失败：[Errno 22] Invalid argument
2026-03-08 20:01:44 - Knext - [ERROR] - 获取命名空间失败：[Errno 22] Invalid argument
2026-03-08 20:01:59 - Knext - [ERROR] - 获取命名空间失败：[Errno 22] Invalid argument
2026-03-08 20:02:15 - Knext - [ERROR] - 获取命名空间失败：[Errno 22] Invalid argument
2026-03-08 20:02:20 - Knext - [WARNING] - metrics-server 获取失败，使用估算方式：(404)
Reason: Not Found
HTTP response headers: HTTPHeaderDict({'Audit-Id': '325d4a7a-553c-44a6-a0a7-cdfc7fa3d45f, 325d4a7a-553c-44a6-a0a7-cdfc7fa3d45f', 'Cache-Control': 'no-cache, private, no-cache, private', 'Content-Length': '174', 'Content-Type': 'application/json', 'Date': 'Sun, 08 Mar 2026 12:02:20 GMT', 'X-Kubernetes-Pf-Flowschema-Uid': '7dffc215-a1a3-4133-b75e-3752538126f9', 'X-Kubernetes-Pf-Prioritylevel-Uid': 'b4056a24-691c-418a-b8c1-498fbd1b850d'})
HTTP response body: {"kind":"Status","apiVersion":"v1","metadata":{},"status":"Failure","message":"the server could not find the requested resource","reason":"NotFound","details":{},"code":404}


2026-03-08 20:02:20 - Knext - [WARNING] - 获取事件失败：'CoreV1EventList' object is not iterable
2026-03-08 20:02:25 - Knext - [WARNING] - metrics-server 获取失败，使用估算方式：(404)
Reason: Not Found
HTTP response headers: HTTPHeaderDict({'Audit-Id': '7275446c-615c-43eb-882f-cf69b5220516, 7275446c-615c-43eb-882f-cf69b5220516', 'Cache-Control': 'no-cache, private, no-cache, private', 'Content-Length': '174', 'Content-Type': 'application/json', 'Date': 'Sun, 08 Mar 2026 12:02:24 GMT', 'X-Kubernetes-Pf-Flowschema-Uid': '7dffc215-a1a3-4133-b75e-3752538126f9', 'X-Kubernetes-Pf-Prioritylevel-Uid': 'b4056a24-691c-418a-b8c1-498fbd1b850d'})
HTTP response body: {"kind":"Status","apiVersion":"v1","metadata":{},"status":"Failure","message":"the server could not find the requested resource","reason":"NotFound","details":{},"code":404}


2026-03-08 20:02:25 - Knext - [WARNING] - 获取事件失败：'CoreV1EventList' object is not iterable
2026-03-08 20:03:11 - Knext - [ERROR] - 获取命名空间失败：[Errno 22] Invalid argument
2026-03-08 20:03:15 - Knext - [ERROR] - 获取命名空间失败：[Errno 22] Invalid argument
2026-03-08 20:04:55 - Knext - [ERROR] - 获取命名空间失败：[Errno 22] Invalid argument
2026-03-08 20:04:57 - Knext - [ERROR] - 获取命名空间失败：[Errno 22] Invalid argument
