2026-03-16 09:58:03 - Knext - [INFO] - 成功加载本地 kubeconfig 配置
2026-03-16 09:58:03 - Knext - [INFO] - K8s 客户端初始化成功（已禁用 SSL 验证）
2026-03-16 10:03:55 - Knext - [INFO] - 成功加载本地 kubeconfig 配置
2026-03-16 10:03:55 - Knext - [INFO] - K8s 客户端初始化成功（已禁用 SSL 验证）
2026-03-16 10:04:08 - Knext - [INFO] - 成功加载本地 kubeconfig 配置
2026-03-16 10:04:08 - Knext - [INFO] - K8s 客户端初始化成功（已禁用 SSL 验证）
2026-03-16 10:04:14 - Knext - [WARNING] - metrics-server 不可用，请安装metrics-server
2026-03-16 10:04:14 - Knext - [WARNING] - 获取事件失败：'CoreV1EventList' object is not iterable
2026-03-16 10:04:17 - Knext - [INFO] - 获取所有命名空间成功：[{'name': 'default', 'creation_time': '2025-08-24 22:39:35', 'labels': {'istio-injection': 'enabled', 'kubernetes.io/metadata.name': 'default'}, 'annotations': None, 'status': 'Active'}, {'name': 'gitee', 'creation_time': '2026-03-11 16:04:48', 'labels': {'kubernetes.io/metadata.name': 'gitee'}, 'annotations': None, 'status': 'Active'}, {'name': 'kube-node-lease', 'creation_time': '2025-08-24 22:39:35', 'labels': {'kubernetes.io/metadata.name': 'kube-node-lease'}, 'annotations': None, 'status': 'Active'}, {'name': 'kube-public', 'creation_time': '2025-08-24 22:39:35', 'labels': {'kubernetes.io/metadata.name': 'kube-public'}, 'annotations': None, 'status': 'Active'}, {'name': 'kube-system', 'creation_time': '2025-08-24 22:39:35', 'labels': {'kubernetes.io/metadata.name': 'kube-system'}, 'annotations': None, 'status': 'Active'}, {'name': 'monitor', 'creation_time': '2026-03-13 11:31:09', 'labels': {'kubernetes.io/metadata.name': 'monitor'}, 'annotations': None, 'status': 'Active'}, {'name': 'poc', 'creation_time': '2026-03-11 16:04:55', 'labels': {'kubernetes.io/metadata.name': 'poc'}, 'annotations': None, 'status': 'Active'}, {'name': 'velero', 'creation_time': '2025-10-20 18:53:31', 'labels': {'kubernetes.io/metadata.name': 'velero'}, 'annotations': None, 'status': 'Terminating'}]
2026-03-16 10:04:18 - Knext - [WARNING] - metrics-server 不可用，请安装metrics-server
2026-03-16 10:04:18 - Knext - [WARNING] - 获取事件失败：'CoreV1EventList' object is not iterable
2026-03-16 10:04:43 - Knext - [WARNING] - metrics-server 不可用，请安装metrics-server
2026-03-16 10:04:43 - Knext - [WARNING] - 获取事件失败：'CoreV1EventList' object is not iterable
2026-03-16 10:15:18 - Knext - [WARNING] - metrics-server 不可用，请安装metrics-server
2026-03-16 10:15:18 - Knext - [WARNING] - 获取事件失败：'CoreV1EventList' object is not iterable
2026-03-16 10:34:54 - Knext - [WARNING] - metrics-server 不可用，请安装metrics-server
2026-03-16 10:34:54 - Knext - [WARNING] - 获取事件失败：'CoreV1EventList' object is not iterable
2026-03-16 10:36:33 - Knext - [WARNING] - metrics-server 不可用，请安装metrics-server
2026-03-16 10:36:33 - Knext - [WARNING] - 获取事件失败：'CoreV1EventList' object is not iterable
2026-03-16 10:38:15 - Knext - [WARNING] - metrics-server 不可用，请安装metrics-server
2026-03-16 10:38:15 - Knext - [WARNING] - 获取事件失败：'CoreV1EventList' object is not iterable
2026-03-16 10:41:30 - Knext - [WARNING] - metrics-server 不可用，请安装metrics-server
2026-03-16 10:41:30 - Knext - [WARNING] - 获取事件失败：'CoreV1EventList' object is not iterable
2026-03-16 10:41:39 - Knext - [WARNING] - metrics-server 不可用，请安装metrics-server
2026-03-16 10:41:39 - Knext - [WARNING] - 获取事件失败：'CoreV1EventList' object is not iterable
2026-03-16 10:44:59 - Knext - [WARNING] - metrics-server 不可用，请安装metrics-server
2026-03-16 10:44:59 - Knext - [WARNING] - 获取事件失败：'CoreV1EventList' object is not iterable
2026-03-16 10:45:28 - Knext - [WARNING] - metrics-server 不可用，请安装metrics-server
2026-03-16 10:45:28 - Knext - [WARNING] - 获取事件失败：'CoreV1EventList' object is not iterable
2026-03-16 10:45:59 - Knext - [WARNING] - metrics-server 不可用，请安装metrics-server
2026-03-16 10:45:59 - Knext - [WARNING] - 获取事件失败：'CoreV1EventList' object is not iterable
2026-03-16 10:46:29 - Knext - [WARNING] - metrics-server 不可用，请安装metrics-server
2026-03-16 10:46:29 - Knext - [WARNING] - 获取事件失败：'CoreV1EventList' object is not iterable
2026-03-16 10:46:59 - Knext - [WARNING] - metrics-server 不可用，请安装metrics-server
2026-03-16 10:46:59 - Knext - [WARNING] - 获取事件失败：'CoreV1EventList' object is not iterable
2026-03-16 10:47:29 - Knext - [WARNING] - metrics-server 不可用，请安装metrics-server
2026-03-16 10:47:29 - Knext - [WARNING] - 获取事件失败：'CoreV1EventList' object is not iterable
2026-03-16 10:47:59 - Knext - [WARNING] - metrics-server 不可用，请安装metrics-server
2026-03-16 10:47:59 - Knext - [WARNING] - 获取事件失败：'CoreV1EventList' object is not iterable
2026-03-16 10:48:29 - Knext - [WARNING] - metrics-server 不可用，请安装metrics-server
2026-03-16 10:48:29 - Knext - [WARNING] - 获取事件失败：'CoreV1EventList' object is not iterable
2026-03-16 10:48:59 - Knext - [WARNING] - metrics-server 不可用，请安装metrics-server
2026-03-16 10:48:59 - Knext - [WARNING] - 获取事件失败：'CoreV1EventList' object is not iterable
2026-03-16 10:48:59 - Knext - [WARNING] - metrics-server 不可用，请安装metrics-server
2026-03-16 10:48:59 - Knext - [WARNING] - 获取事件失败：'CoreV1EventList' object is not iterable
2026-03-16 10:49:29 - Knext - [WARNING] - metrics-server 不可用，请安装metrics-server
2026-03-16 10:49:29 - Knext - [WARNING] - 获取事件失败：'CoreV1EventList' object is not iterable
2026-03-16 10:49:59 - Knext - [WARNING] - metrics-server 不可用，请安装metrics-server
2026-03-16 10:49:59 - Knext - [WARNING] - 获取事件失败：'CoreV1EventList' object is not iterable
2026-03-16 10:50:29 - Knext - [WARNING] - metrics-server 不可用，请安装metrics-server
2026-03-16 10:50:29 - Knext - [WARNING] - 获取事件失败：'CoreV1EventList' object is not iterable
2026-03-16 10:50:59 - Knext - [WARNING] - metrics-server 不可用，请安装metrics-server
2026-03-16 10:50:59 - Knext - [WARNING] - 获取事件失败：'CoreV1EventList' object is not iterable
2026-03-16 10:51:08 - Knext - [WARNING] - metrics-server 不可用，请安装metrics-server
2026-03-16 10:51:08 - Knext - [WARNING] - 获取事件失败：'CoreV1EventList' object is not iterable
2026-03-16 10:51:32 - Knext - [WARNING] - metrics-server 不可用，请安装metrics-server
2026-03-16 10:51:32 - Knext - [WARNING] - 获取事件失败：'CoreV1EventList' object is not iterable
2026-03-16 10:51:38 - Knext - [INFO] - 成功加载本地 kubeconfig 配置
2026-03-16 10:51:38 - Knext - [INFO] - K8s 客户端初始化成功（已禁用 SSL 验证）
2026-03-16 10:51:39 - Knext - [INFO] - 成功加载本地 kubeconfig 配置
2026-03-16 10:51:39 - Knext - [INFO] - K8s 客户端初始化成功（已禁用 SSL 验证）
2026-03-16 10:51:40 - Knext - [WARNING] - metrics-server 不可用，请安装metrics-server
2026-03-16 10:51:40 - Knext - [WARNING] - 获取事件失败：'CoreV1EventList' object is not iterable
2026-03-16 10:51:49 - Knext - [WARNING] - metrics-server 不可用，请安装metrics-server
2026-03-16 10:51:49 - Knext - [WARNING] - 获取事件失败：'CoreV1EventList' object is not iterable
2026-03-16 10:51:54 - Knext - [WARNING] - metrics-server 不可用，请安装metrics-server
2026-03-16 10:51:54 - Knext - [WARNING] - 获取事件失败：'CoreV1EventList' object is not iterable
2026-03-16 10:51:57 - Knext - [WARNING] - metrics-server 不可用，请安装metrics-server
2026-03-16 10:51:57 - Knext - [WARNING] - 获取事件失败：'CoreV1EventList' object is not iterable
2026-03-16 10:52:25 - Knext - [WARNING] - metrics-server 不可用，请安装metrics-server
2026-03-16 10:52:25 - Knext - [WARNING] - 获取事件失败：'CoreV1EventList' object is not iterable
2026-03-16 10:52:31 - Knext - [WARNING] - metrics-server 不可用，请安装metrics-server
2026-03-16 10:52:31 - Knext - [WARNING] - 获取事件失败：'CoreV1EventList' object is not iterable
2026-03-16 10:53:01 - Knext - [WARNING] - metrics-server 不可用，请安装metrics-server
2026-03-16 10:53:01 - Knext - [WARNING] - 获取事件失败：'CoreV1EventList' object is not iterable
2026-03-16 10:53:31 - Knext - [WARNING] - metrics-server 不可用，请安装metrics-server
2026-03-16 10:53:31 - Knext - [WARNING] - 获取事件失败：'CoreV1EventList' object is not iterable
2026-03-16 10:53:45 - Knext - [INFO] - 成功加载本地 kubeconfig 配置
2026-03-16 10:53:45 - Knext - [INFO] - K8s 客户端初始化成功（已禁用 SSL 验证）
2026-03-16 10:53:58 - Knext - [WARNING] - metrics-server 不可用，请安装metrics-server
2026-03-16 10:53:58 - Knext - [WARNING] - 获取事件失败：'CoreV1EventList' object is not iterable
2026-03-16 10:54:01 - Knext - [WARNING] - metrics-server 不可用，请安装metrics-server
2026-03-16 10:54:01 - Knext - [WARNING] - 获取事件失败：'CoreV1EventList' object is not iterable
2026-03-16 10:54:13 - Knext - [WARNING] - metrics-server 不可用，请安装metrics-server
2026-03-16 10:54:13 - Knext - [WARNING] - 获取事件失败：'CoreV1EventList' object is not iterable
2026-03-16 10:54:34 - Knext - [INFO] - 获取所有命名空间成功：[{'name': 'default', 'creation_time': '2025-08-24 22:39:35', 'labels': {'istio-injection': 'enabled', 'kubernetes.io/metadata.name': 'default'}, 'annotations': None, 'status': 'Active'}, {'name': 'gitee', 'creation_time': '2026-03-11 16:04:48', 'labels': {'kubernetes.io/metadata.name': 'gitee'}, 'annotations': None, 'status': 'Active'}, {'name': 'kube-node-lease', 'creation_time': '2025-08-24 22:39:35', 'labels': {'kubernetes.io/metadata.name': 'kube-node-lease'}, 'annotations': None, 'status': 'Active'}, {'name': 'kube-public', 'creation_time': '2025-08-24 22:39:35', 'labels': {'kubernetes.io/metadata.name': 'kube-public'}, 'annotations': None, 'status': 'Active'}, {'name': 'kube-system', 'creation_time': '2025-08-24 22:39:35', 'labels': {'kubernetes.io/metadata.name': 'kube-system'}, 'annotations': None, 'status': 'Active'}, {'name': 'monitor', 'creation_time': '2026-03-13 11:31:09', 'labels': {'kubernetes.io/metadata.name': 'monitor'}, 'annotations': None, 'status': 'Active'}, {'name': 'poc', 'creation_time': '2026-03-11 16:04:55', 'labels': {'kubernetes.io/metadata.name': 'poc'}, 'annotations': None, 'status': 'Active'}, {'name': 'velero', 'creation_time': '2025-10-20 18:53:31', 'labels': {'kubernetes.io/metadata.name': 'velero'}, 'annotations': None, 'status': 'Terminating'}]
2026-03-16 10:54:40 - Knext - [INFO] - 获取所有命名空间成功：[{'name': 'default', 'creation_time': '2025-08-24 22:39:35', 'labels': {'istio-injection': 'enabled', 'kubernetes.io/metadata.name': 'default'}, 'annotations': None, 'status': 'Active'}, {'name': 'gitee', 'creation_time': '2026-03-11 16:04:48', 'labels': {'kubernetes.io/metadata.name': 'gitee'}, 'annotations': None, 'status': 'Active'}, {'name': 'kube-node-lease', 'creation_time': '2025-08-24 22:39:35', 'labels': {'kubernetes.io/metadata.name': 'kube-node-lease'}, 'annotations': None, 'status': 'Active'}, {'name': 'kube-public', 'creation_time': '2025-08-24 22:39:35', 'labels': {'kubernetes.io/metadata.name': 'kube-public'}, 'annotations': None, 'status': 'Active'}, {'name': 'kube-system', 'creation_time': '2025-08-24 22:39:35', 'labels': {'kubernetes.io/metadata.name': 'kube-system'}, 'annotations': None, 'status': 'Active'}, {'name': 'monitor', 'creation_time': '2026-03-13 11:31:09', 'labels': {'kubernetes.io/metadata.name': 'monitor'}, 'annotations': None, 'status': 'Active'}, {'name': 'poc', 'creation_time': '2026-03-11 16:04:55', 'labels': {'kubernetes.io/metadata.name': 'poc'}, 'annotations': None, 'status': 'Active'}, {'name': 'velero', 'creation_time': '2025-10-20 18:53:31', 'labels': {'kubernetes.io/metadata.name': 'velero'}, 'annotations': None, 'status': 'Terminating'}]
2026-03-16 10:56:21 - Knext - [INFO] - 获取所有命名空间成功：[{'name': 'default', 'creation_time': '2025-08-24 22:39:35', 'labels': {'istio-injection': 'enabled', 'kubernetes.io/metadata.name': 'default'}, 'annotations': None, 'status': 'Active'}, {'name': 'gitee', 'creation_time': '2026-03-11 16:04:48', 'labels': {'kubernetes.io/metadata.name': 'gitee'}, 'annotations': None, 'status': 'Active'}, {'name': 'kube-node-lease', 'creation_time': '2025-08-24 22:39:35', 'labels': {'kubernetes.io/metadata.name': 'kube-node-lease'}, 'annotations': None, 'status': 'Active'}, {'name': 'kube-public', 'creation_time': '2025-08-24 22:39:35', 'labels': {'kubernetes.io/metadata.name': 'kube-public'}, 'annotations': None, 'status': 'Active'}, {'name': 'kube-system', 'creation_time': '2025-08-24 22:39:35', 'labels': {'kubernetes.io/metadata.name': 'kube-system'}, 'annotations': None, 'status': 'Active'}, {'name': 'monitor', 'creation_time': '2026-03-13 11:31:09', 'labels': {'kubernetes.io/metadata.name': 'monitor'}, 'annotations': None, 'status': 'Active'}, {'name': 'poc', 'creation_time': '2026-03-11 16:04:55', 'labels': {'kubernetes.io/metadata.name': 'poc'}, 'annotations': None, 'status': 'Active'}, {'name': 'velero', 'creation_time': '2025-10-20 18:53:31', 'labels': {'kubernetes.io/metadata.name': 'velero'}, 'annotations': None, 'status': 'Terminating'}]
2026-03-16 11:13:31 - Knext - [INFO] - 成功加载本地 kubeconfig 配置
2026-03-16 11:13:31 - Knext - [INFO] - K8s 客户端初始化成功（已禁用 SSL 验证）
2026-03-16 11:13:33 - Knext - [INFO] - 成功加载本地 kubeconfig 配置
2026-03-16 11:13:33 - Knext - [INFO] - K8s 客户端初始化成功（已禁用 SSL 验证）
2026-03-16 11:22:09 - Knext - [INFO] - 成功加载本地 kubeconfig 配置
2026-03-16 11:22:09 - Knext - [INFO] - K8s 客户端初始化成功（已禁用 SSL 验证）
2026-03-16 11:24:02 - Knext - [INFO] - 成功加载本地 kubeconfig 配置
2026-03-16 11:24:02 - Knext - [INFO] - K8s 客户端初始化成功（已禁用 SSL 验证）
2026-03-16 11:24:56 - Knext - [INFO] - 成功加载本地 kubeconfig 配置
2026-03-16 11:24:56 - Knext - [INFO] - K8s 客户端初始化成功（已禁用 SSL 验证）
2026-03-16 11:25:20 - Knext - [INFO] - 成功加载本地 kubeconfig 配置
2026-03-16 11:25:20 - Knext - [INFO] - K8s 客户端初始化成功（已禁用 SSL 验证）
2026-03-16 11:27:20 - Knext - [INFO] - 成功加载本地 kubeconfig 配置
2026-03-16 11:27:20 - Knext - [INFO] - K8s 客户端初始化成功（已禁用 SSL 验证）
2026-03-16 11:27:34 - Knext - [INFO] - 获取所有命名空间下的 pods
2026-03-16 11:28:43 - Knext - [INFO] - 成功加载本地 kubeconfig 配置
2026-03-16 11:28:43 - Knext - [INFO] - K8s 客户端初始化成功（已禁用 SSL 验证）
2026-03-16 11:28:46 - Knext - [INFO] - 获取所有命名空间下的 pods
2026-03-16 11:30:02 - Knext - [INFO] - 获取所有命名空间下的 pods
2026-03-16 11:38:48 - Knext - [INFO] - 获取所有命名空间下的 pods
2026-03-16 11:38:53 - Knext - [INFO] - 获取所有命名空间成功：[{'name': 'default', 'creation_time': '2025-08-24 22:39:35', 'labels': {'istio-injection': 'enabled', 'kubernetes.io/metadata.name': 'default'}, 'annotations': None, 'status': 'Active'}, {'name': 'gitee', 'creation_time': '2026-03-11 16:04:48', 'labels': {'kubernetes.io/metadata.name': 'gitee'}, 'annotations': None, 'status': 'Active'}, {'name': 'kube-node-lease', 'creation_time': '2025-08-24 22:39:35', 'labels': {'kubernetes.io/metadata.name': 'kube-node-lease'}, 'annotations': None, 'status': 'Active'}, {'name': 'kube-public', 'creation_time': '2025-08-24 22:39:35', 'labels': {'kubernetes.io/metadata.name': 'kube-public'}, 'annotations': None, 'status': 'Active'}, {'name': 'kube-system', 'creation_time': '2025-08-24 22:39:35', 'labels': {'kubernetes.io/metadata.name': 'kube-system'}, 'annotations': None, 'status': 'Active'}, {'name': 'monitor', 'creation_time': '2026-03-13 11:31:09', 'labels': {'kubernetes.io/metadata.name': 'monitor'}, 'annotations': None, 'status': 'Active'}, {'name': 'poc', 'creation_time': '2026-03-11 16:04:55', 'labels': {'kubernetes.io/metadata.name': 'poc'}, 'annotations': None, 'status': 'Active'}, {'name': 'velero', 'creation_time': '2025-10-20 18:53:31', 'labels': {'kubernetes.io/metadata.name': 'velero'}, 'annotations': None, 'status': 'Terminating'}]
2026-03-16 11:39:00 - Knext - [WARNING] - metrics-server 不可用，请安装metrics-server
2026-03-16 11:39:00 - Knext - [WARNING] - 获取事件失败：'CoreV1EventList' object is not iterable
2026-03-16 11:39:06 - Knext - [INFO] - 获取所有命名空间成功：[{'name': 'default', 'creation_time': '2025-08-24 22:39:35', 'labels': {'istio-injection': 'enabled', 'kubernetes.io/metadata.name': 'default'}, 'annotations': None, 'status': 'Active'}, {'name': 'gitee', 'creation_time': '2026-03-11 16:04:48', 'labels': {'kubernetes.io/metadata.name': 'gitee'}, 'annotations': None, 'status': 'Active'}, {'name': 'kube-node-lease', 'creation_time': '2025-08-24 22:39:35', 'labels': {'kubernetes.io/metadata.name': 'kube-node-lease'}, 'annotations': None, 'status': 'Active'}, {'name': 'kube-public', 'creation_time': '2025-08-24 22:39:35', 'labels': {'kubernetes.io/metadata.name': 'kube-public'}, 'annotations': None, 'status': 'Active'}, {'name': 'kube-system', 'creation_time': '2025-08-24 22:39:35', 'labels': {'kubernetes.io/metadata.name': 'kube-system'}, 'annotations': None, 'status': 'Active'}, {'name': 'monitor', 'creation_time': '2026-03-13 11:31:09', 'labels': {'kubernetes.io/metadata.name': 'monitor'}, 'annotations': None, 'status': 'Active'}, {'name': 'poc', 'creation_time': '2026-03-11 16:04:55', 'labels': {'kubernetes.io/metadata.name': 'poc'}, 'annotations': None, 'status': 'Active'}, {'name': 'velero', 'creation_time': '2025-10-20 18:53:31', 'labels': {'kubernetes.io/metadata.name': 'velero'}, 'annotations': None, 'status': 'Terminating'}]
2026-03-16 11:39:08 - Knext - [INFO] - 获取所有命名空间下的 pods
2026-03-16 11:40:14 - Knext - [INFO] - 获取所有命名空间下的 pods
2026-03-16 11:40:52 - Knext - [INFO] - 获取所有命名空间下的 pods
2026-03-16 11:46:03 - Knext - [INFO] - 获取所有命名空间下的 pods
2026-03-16 13:01:24 - Knext - [INFO] - 成功加载本地 kubeconfig 配置
2026-03-16 13:01:24 - Knext - [INFO] - K8s 客户端初始化成功（已禁用 SSL 验证）
2026-03-16 13:02:14 - Knext - [INFO] - 成功加载本地 kubeconfig 配置
2026-03-16 13:02:14 - Knext - [INFO] - K8s 客户端初始化成功（已禁用 SSL 验证）
2026-03-16 13:02:46 - Knext - [INFO] - 成功加载本地 kubeconfig 配置
2026-03-16 13:02:46 - Knext - [INFO] - K8s 客户端初始化成功（已禁用 SSL 验证）
2026-03-16 14:42:56 - Knext - [INFO] - 成功加载本地 kubeconfig 配置
2026-03-16 14:42:56 - Knext - [INFO] - K8s 客户端初始化成功（已禁用 SSL 验证）
2026-03-16 14:44:02 - Knext - [INFO] - 成功加载本地 kubeconfig 配置
2026-03-16 14:44:02 - Knext - [INFO] - K8s 客户端初始化成功（已禁用 SSL 验证）
2026-03-16 14:44:31 - Knext - [INFO] - 成功加载本地 kubeconfig 配置
2026-03-16 14:44:31 - Knext - [INFO] - K8s 客户端初始化成功（已禁用 SSL 验证）
2026-03-16 14:45:38 - Knext - [INFO] - 成功加载本地 kubeconfig 配置
2026-03-16 14:45:38 - Knext - [INFO] - K8s 客户端初始化成功（已禁用 SSL 验证）
2026-03-16 14:46:00 - Knext - [WARNING] - metrics-server 不可用，请安装metrics-server
2026-03-16 14:46:00 - Knext - [WARNING] - 获取事件失败：'CoreV1EventList' object is not iterable
2026-03-16 14:46:12 - Knext - [INFO] - 获取所有命名空间成功：[{'name': 'default', 'status': 'Active', 'labels': {'istio-injection': 'enabled', 'kubernetes.io/metadata.name': 'default'}, 'creation_time': '2025-08-24 22:39:35', 'annotations': None}, {'name': 'gitee', 'status': 'Active', 'labels': {'kubernetes.io/metadata.name': 'gitee'}, 'creation_time': '2026-03-11 16:04:48', 'annotations': None}, {'name': 'kube-node-lease', 'status': 'Active', 'labels': {'kubernetes.io/metadata.name': 'kube-node-lease'}, 'creation_time': '2025-08-24 22:39:35', 'annotations': None}, {'name': 'kube-public', 'status': 'Active', 'labels': {'kubernetes.io/metadata.name': 'kube-public'}, 'creation_time': '2025-08-24 22:39:35', 'annotations': None}, {'name': 'kube-system', 'status': 'Active', 'labels': {'kubernetes.io/metadata.name': 'kube-system'}, 'creation_time': '2025-08-24 22:39:35', 'annotations': None}, {'name': 'monitor', 'status': 'Active', 'labels': {'kubernetes.io/metadata.name': 'monitor'}, 'creation_time': '2026-03-13 11:31:09', 'annotations': None}, {'name': 'poc', 'status': 'Active', 'labels': {'kubernetes.io/metadata.name': 'poc'}, 'creation_time': '2026-03-11 16:04:55', 'annotations': None}, {'name': 'velero', 'status': 'Terminating', 'labels': {'kubernetes.io/metadata.name': 'velero'}, 'creation_time': '2025-10-20 18:53:31', 'annotations': None}]
2026-03-16 14:48:08 - Knext - [INFO] - 获取pods容器组成功
2026-03-16 14:49:48 - Knext - [INFO] - 获取pods容器组成功
2026-03-16 14:50:38 - Knext - [INFO] - 成功加载本地 kubeconfig 配置
2026-03-16 14:50:38 - Knext - [INFO] - K8s 客户端初始化成功（已禁用 SSL 验证）
2026-03-16 14:50:39 - Knext - [INFO] - 成功加载本地 kubeconfig 配置
2026-03-16 14:50:39 - Knext - [INFO] - K8s 客户端初始化成功（已禁用 SSL 验证）
2026-03-16 14:55:38 - Knext - [INFO] - 成功加载本地 kubeconfig 配置
2026-03-16 14:55:38 - Knext - [INFO] - K8s 客户端初始化成功（已禁用 SSL 验证）
2026-03-16 15:01:08 - Knext - [INFO] - 成功加载本地 kubeconfig 配置
2026-03-16 15:01:08 - Knext - [INFO] - K8s 客户端初始化成功（已禁用 SSL 验证）
2026-03-16 15:02:02 - Knext - [INFO] - 成功加载本地 kubeconfig 配置
2026-03-16 15:02:02 - Knext - [INFO] - K8s 客户端初始化成功（已禁用 SSL 验证）
2026-03-16 15:12:02 - Knext - [INFO] - 成功加载本地 kubeconfig 配置
2026-03-16 15:12:02 - Knext - [INFO] - K8s 客户端初始化成功（已禁用 SSL 验证）
2026-03-16 15:24:36 - Knext - [INFO] - 成功加载本地 kubeconfig 配置
2026-03-16 15:24:36 - Knext - [INFO] - K8s 客户端初始化成功（已禁用 SSL 验证）
2026-03-16 15:30:32 - Knext - [INFO] - 成功加载本地 kubeconfig 配置
2026-03-16 15:30:32 - Knext - [INFO] - K8s 客户端初始化成功（已禁用 SSL 验证）
2026-03-16 15:32:54 - Knext - [INFO] - 成功加载本地 kubeconfig 配置
2026-03-16 15:32:54 - Knext - [INFO] - K8s 客户端初始化成功（已禁用 SSL 验证）
2026-03-16 15:34:21 - Knext - [INFO] - 成功加载本地 kubeconfig 配置
2026-03-16 15:34:21 - Knext - [INFO] - K8s 客户端初始化成功（已禁用 SSL 验证）
2026-03-16 15:34:37 - Knext - [INFO] - 成功加载本地 kubeconfig 配置
2026-03-16 15:34:37 - Knext - [INFO] - K8s 客户端初始化成功（已禁用 SSL 验证）
2026-03-16 15:34:46 - Knext - [INFO] - 成功加载本地 kubeconfig 配置
2026-03-16 15:34:46 - Knext - [INFO] - K8s 客户端初始化成功（已禁用 SSL 验证）
2026-03-16 15:35:08 - Knext - [ERROR] - 获取存储失败：type object 'StorageClassService' has no attribute 'list_storage_classes'
2026-03-16 15:35:54 - Knext - [INFO] - 成功加载本地 kubeconfig 配置
2026-03-16 15:35:54 - Knext - [INFO] - K8s 客户端初始化成功（已禁用 SSL 验证）
2026-03-16 15:37:39 - Knext - [INFO] - 获取持久卷声明列表成功
2026-03-16 15:38:49 - Knext - [INFO] - 成功加载本地 kubeconfig 配置
2026-03-16 15:38:49 - Knext - [INFO] - K8s 客户端初始化成功（已禁用 SSL 验证）
2026-03-16 15:38:56 - Knext - [INFO] - 获取持久卷声明列表成功
2026-03-16 15:40:04 - Knext - [INFO] - 成功加载本地 kubeconfig 配置
2026-03-16 15:40:04 - Knext - [INFO] - K8s 客户端初始化成功（已禁用 SSL 验证）
2026-03-16 15:44:25 - Knext - [INFO] - 成功加载本地 kubeconfig 配置
2026-03-16 15:44:25 - Knext - [INFO] - K8s 客户端初始化成功（已禁用 SSL 验证）
2026-03-16 15:44:32 - Knext - [INFO] - 获取service成功
2026-03-16 15:44:52 - Knext - [INFO] - 获取命名空间 None 下的 secrets
2026-03-16 15:45:42 - Knext - [INFO] - 获取pods容器组成功
2026-03-16 15:46:03 - Knext - [INFO] - 获取所有命名空间成功：[{'name': 'default', 'status': 'Active', 'labels': {'istio-injection': 'enabled', 'kubernetes.io/metadata.name': 'default'}, 'creation_time': '2025-08-24 22:39:35', 'annotations': None}, {'name': 'gitee', 'status': 'Active', 'labels': {'kubernetes.io/metadata.name': 'gitee'}, 'creation_time': '2026-03-11 16:04:48', 'annotations': None}, {'name': 'kube-node-lease', 'status': 'Active', 'labels': {'kubernetes.io/metadata.name': 'kube-node-lease'}, 'creation_time': '2025-08-24 22:39:35', 'annotations': None}, {'name': 'kube-public', 'status': 'Active', 'labels': {'kubernetes.io/metadata.name': 'kube-public'}, 'creation_time': '2025-08-24 22:39:35', 'annotations': None}, {'name': 'kube-system', 'status': 'Active', 'labels': {'kubernetes.io/metadata.name': 'kube-system'}, 'creation_time': '2025-08-24 22:39:35', 'annotations': None}, {'name': 'monitor', 'status': 'Active', 'labels': {'kubernetes.io/metadata.name': 'monitor'}, 'creation_time': '2026-03-13 11:31:09', 'annotations': None}, {'name': 'poc', 'status': 'Active', 'labels': {'kubernetes.io/metadata.name': 'poc'}, 'creation_time': '2026-03-11 16:04:55', 'annotations': None}, {'name': 'velero', 'status': 'Terminating', 'labels': {'kubernetes.io/metadata.name': 'velero'}, 'creation_time': '2025-10-20 18:53:31', 'annotations': None}]
2026-03-16 15:46:10 - Knext - [WARNING] - metrics-server 不可用，请安装metrics-server
2026-03-16 15:46:10 - Knext - [WARNING] - 获取事件失败：'CoreV1EventList' object is not iterable
2026-03-16 15:47:47 - Knext - [WARNING] - metrics-server 不可用，请安装metrics-server
2026-03-16 15:47:47 - Knext - [WARNING] - 获取事件失败：'CoreV1EventList' object is not iterable
2026-03-16 15:48:00 - Knext - [INFO] - 获取所有命名空间成功：[{'name': 'default', 'status': 'Active', 'labels': {'istio-injection': 'enabled', 'kubernetes.io/metadata.name': 'default'}, 'creation_time': '2025-08-24 22:39:35', 'annotations': None}, {'name': 'gitee', 'status': 'Active', 'labels': {'kubernetes.io/metadata.name': 'gitee'}, 'creation_time': '2026-03-11 16:04:48', 'annotations': None}, {'name': 'kube-node-lease', 'status': 'Active', 'labels': {'kubernetes.io/metadata.name': 'kube-node-lease'}, 'creation_time': '2025-08-24 22:39:35', 'annotations': None}, {'name': 'kube-public', 'status': 'Active', 'labels': {'kubernetes.io/metadata.name': 'kube-public'}, 'creation_time': '2025-08-24 22:39:35', 'annotations': None}, {'name': 'kube-system', 'status': 'Active', 'labels': {'kubernetes.io/metadata.name': 'kube-system'}, 'creation_time': '2025-08-24 22:39:35', 'annotations': None}, {'name': 'monitor', 'status': 'Active', 'labels': {'kubernetes.io/metadata.name': 'monitor'}, 'creation_time': '2026-03-13 11:31:09', 'annotations': None}, {'name': 'poc', 'status': 'Active', 'labels': {'kubernetes.io/metadata.name': 'poc'}, 'creation_time': '2026-03-11 16:04:55', 'annotations': None}, {'name': 'velero', 'status': 'Terminating', 'labels': {'kubernetes.io/metadata.name': 'velero'}, 'creation_time': '2025-10-20 18:53:31', 'annotations': None}]
2026-03-16 15:48:03 - Knext - [INFO] - 获取pods容器组成功
2026-03-16 15:48:04 - Knext - [INFO] - 获取所有命名空间成功：[{'name': 'default', 'status': 'Active', 'labels': {'istio-injection': 'enabled', 'kubernetes.io/metadata.name': 'default'}, 'creation_time': '2025-08-24 22:39:35', 'annotations': None}, {'name': 'gitee', 'status': 'Active', 'labels': {'kubernetes.io/metadata.name': 'gitee'}, 'creation_time': '2026-03-11 16:04:48', 'annotations': None}, {'name': 'kube-node-lease', 'status': 'Active', 'labels': {'kubernetes.io/metadata.name': 'kube-node-lease'}, 'creation_time': '2025-08-24 22:39:35', 'annotations': None}, {'name': 'kube-public', 'status': 'Active', 'labels': {'kubernetes.io/metadata.name': 'kube-public'}, 'creation_time': '2025-08-24 22:39:35', 'annotations': None}, {'name': 'kube-system', 'status': 'Active', 'labels': {'kubernetes.io/metadata.name': 'kube-system'}, 'creation_time': '2025-08-24 22:39:35', 'annotations': None}, {'name': 'monitor', 'status': 'Active', 'labels': {'kubernetes.io/metadata.name': 'monitor'}, 'creation_time': '2026-03-13 11:31:09', 'annotations': None}, {'name': 'poc', 'status': 'Active', 'labels': {'kubernetes.io/metadata.name': 'poc'}, 'creation_time': '2026-03-11 16:04:55', 'annotations': None}, {'name': 'velero', 'status': 'Terminating', 'labels': {'kubernetes.io/metadata.name': 'velero'}, 'creation_time': '2025-10-20 18:53:31', 'annotations': None}]
2026-03-16 15:50:31 - Knext - [INFO] - 获取所有命名空间成功：[{'name': 'default', 'status': 'Active', 'labels': {'istio-injection': 'enabled', 'kubernetes.io/metadata.name': 'default'}, 'creation_time': '2025-08-24 22:39:35', 'annotations': None}, {'name': 'gitee', 'status': 'Active', 'labels': {'kubernetes.io/metadata.name': 'gitee'}, 'creation_time': '2026-03-11 16:04:48', 'annotations': None}, {'name': 'kube-node-lease', 'status': 'Active', 'labels': {'kubernetes.io/metadata.name': 'kube-node-lease'}, 'creation_time': '2025-08-24 22:39:35', 'annotations': None}, {'name': 'kube-public', 'status': 'Active', 'labels': {'kubernetes.io/metadata.name': 'kube-public'}, 'creation_time': '2025-08-24 22:39:35', 'annotations': None}, {'name': 'kube-system', 'status': 'Active', 'labels': {'kubernetes.io/metadata.name': 'kube-system'}, 'creation_time': '2025-08-24 22:39:35', 'annotations': None}, {'name': 'monitor', 'status': 'Active', 'labels': {'kubernetes.io/metadata.name': 'monitor'}, 'creation_time': '2026-03-13 11:31:09', 'annotations': None}, {'name': 'poc', 'status': 'Active', 'labels': {'kubernetes.io/metadata.name': 'poc'}, 'creation_time': '2026-03-11 16:04:55', 'annotations': None}, {'name': 'velero', 'status': 'Terminating', 'labels': {'kubernetes.io/metadata.name': 'velero'}, 'creation_time': '2025-10-20 18:53:31', 'annotations': None}]
2026-03-16 15:51:19 - Knext - [INFO] - 获取所有命名空间成功：[{'name': 'default', 'status': 'Active', 'labels': {'istio-injection': 'enabled', 'kubernetes.io/metadata.name': 'default'}, 'creation_time': '2025-08-24 22:39:35', 'annotations': None}, {'name': 'gitee', 'status': 'Active', 'labels': {'kubernetes.io/metadata.name': 'gitee'}, 'creation_time': '2026-03-11 16:04:48', 'annotations': None}, {'name': 'kube-node-lease', 'status': 'Active', 'labels': {'kubernetes.io/metadata.name': 'kube-node-lease'}, 'creation_time': '2025-08-24 22:39:35', 'annotations': None}, {'name': 'kube-public', 'status': 'Active', 'labels': {'kubernetes.io/metadata.name': 'kube-public'}, 'creation_time': '2025-08-24 22:39:35', 'annotations': None}, {'name': 'kube-system', 'status': 'Active', 'labels': {'kubernetes.io/metadata.name': 'kube-system'}, 'creation_time': '2025-08-24 22:39:35', 'annotations': None}, {'name': 'monitor', 'status': 'Active', 'labels': {'kubernetes.io/metadata.name': 'monitor'}, 'creation_time': '2026-03-13 11:31:09', 'annotations': None}, {'name': 'poc', 'status': 'Active', 'labels': {'kubernetes.io/metadata.name': 'poc'}, 'creation_time': '2026-03-11 16:04:55', 'annotations': None}, {'name': 'velero', 'status': 'Terminating', 'labels': {'kubernetes.io/metadata.name': 'velero'}, 'creation_time': '2025-10-20 18:53:31', 'annotations': None}]
2026-03-16 15:51:39 - Knext - [INFO] - 获取所有命名空间成功：[{'name': 'default', 'status': 'Active', 'labels': {'istio-injection': 'enabled', 'kubernetes.io/metadata.name': 'default'}, 'creation_time': '2025-08-24 22:39:35', 'annotations': None}, {'name': 'gitee', 'status': 'Active', 'labels': {'kubernetes.io/metadata.name': 'gitee'}, 'creation_time': '2026-03-11 16:04:48', 'annotations': None}, {'name': 'kube-node-lease', 'status': 'Active', 'labels': {'kubernetes.io/metadata.name': 'kube-node-lease'}, 'creation_time': '2025-08-24 22:39:35', 'annotations': None}, {'name': 'kube-public', 'status': 'Active', 'labels': {'kubernetes.io/metadata.name': 'kube-public'}, 'creation_time': '2025-08-24 22:39:35', 'annotations': None}, {'name': 'kube-system', 'status': 'Active', 'labels': {'kubernetes.io/metadata.name': 'kube-system'}, 'creation_time': '2025-08-24 22:39:35', 'annotations': None}, {'name': 'monitor', 'status': 'Active', 'labels': {'kubernetes.io/metadata.name': 'monitor'}, 'creation_time': '2026-03-13 11:31:09', 'annotations': None}, {'name': 'poc', 'status': 'Active', 'labels': {'kubernetes.io/metadata.name': 'poc'}, 'creation_time': '2026-03-11 16:04:55', 'annotations': None}, {'name': 'velero', 'status': 'Terminating', 'labels': {'kubernetes.io/metadata.name': 'velero'}, 'creation_time': '2025-10-20 18:53:31', 'annotations': None}]
2026-03-16 15:51:42 - Knext - [WARNING] - metrics-server 不可用，请安装metrics-server
2026-03-16 15:51:42 - Knext - [WARNING] - 获取事件失败：'CoreV1EventList' object is not iterable
2026-03-16 15:51:45 - Knext - [INFO] - 获取所有命名空间成功：[{'name': 'default', 'status': 'Active', 'labels': {'istio-injection': 'enabled', 'kubernetes.io/metadata.name': 'default'}, 'creation_time': '2025-08-24 22:39:35', 'annotations': None}, {'name': 'gitee', 'status': 'Active', 'labels': {'kubernetes.io/metadata.name': 'gitee'}, 'creation_time': '2026-03-11 16:04:48', 'annotations': None}, {'name': 'kube-node-lease', 'status': 'Active', 'labels': {'kubernetes.io/metadata.name': 'kube-node-lease'}, 'creation_time': '2025-08-24 22:39:35', 'annotations': None}, {'name': 'kube-public', 'status': 'Active', 'labels': {'kubernetes.io/metadata.name': 'kube-public'}, 'creation_time': '2025-08-24 22:39:35', 'annotations': None}, {'name': 'kube-system', 'status': 'Active', 'labels': {'kubernetes.io/metadata.name': 'kube-system'}, 'creation_time': '2025-08-24 22:39:35', 'annotations': None}, {'name': 'monitor', 'status': 'Active', 'labels': {'kubernetes.io/metadata.name': 'monitor'}, 'creation_time': '2026-03-13 11:31:09', 'annotations': None}, {'name': 'poc', 'status': 'Active', 'labels': {'kubernetes.io/metadata.name': 'poc'}, 'creation_time': '2026-03-11 16:04:55', 'annotations': None}, {'name': 'velero', 'status': 'Terminating', 'labels': {'kubernetes.io/metadata.name': 'velero'}, 'creation_time': '2025-10-20 18:53:31', 'annotations': None}]
2026-03-16 15:51:46 - Knext - [INFO] - 获取pods容器组成功
2026-03-16 15:52:55 - Knext - [WARNING] - metrics-server 不可用，请安装metrics-server
2026-03-16 15:52:55 - Knext - [WARNING] - 获取事件失败：'CoreV1EventList' object is not iterable
2026-03-16 15:53:06 - Knext - [WARNING] - metrics-server 不可用，请安装metrics-server
2026-03-16 15:53:06 - Knext - [WARNING] - 获取事件失败：'CoreV1EventList' object is not iterable
2026-03-16 15:53:25 - Knext - [WARNING] - metrics-server 不可用，请安装metrics-server
2026-03-16 15:53:25 - Knext - [WARNING] - 获取事件失败：'CoreV1EventList' object is not iterable
2026-03-16 15:53:28 - Knext - [INFO] - 获取所有命名空间成功：[{'name': 'default', 'status': 'Active', 'labels': {'istio-injection': 'enabled', 'kubernetes.io/metadata.name': 'default'}, 'creation_time': '2025-08-24 22:39:35', 'annotations': None}, {'name': 'gitee', 'status': 'Active', 'labels': {'kubernetes.io/metadata.name': 'gitee'}, 'creation_time': '2026-03-11 16:04:48', 'annotations': None}, {'name': 'kube-node-lease', 'status': 'Active', 'labels': {'kubernetes.io/metadata.name': 'kube-node-lease'}, 'creation_time': '2025-08-24 22:39:35', 'annotations': None}, {'name': 'kube-public', 'status': 'Active', 'labels': {'kubernetes.io/metadata.name': 'kube-public'}, 'creation_time': '2025-08-24 22:39:35', 'annotations': None}, {'name': 'kube-system', 'status': 'Active', 'labels': {'kubernetes.io/metadata.name': 'kube-system'}, 'creation_time': '2025-08-24 22:39:35', 'annotations': None}, {'name': 'monitor', 'status': 'Active', 'labels': {'kubernetes.io/metadata.name': 'monitor'}, 'creation_time': '2026-03-13 11:31:09', 'annotations': None}, {'name': 'poc', 'status': 'Active', 'labels': {'kubernetes.io/metadata.name': 'poc'}, 'creation_time': '2026-03-11 16:04:55', 'annotations': None}, {'name': 'velero', 'status': 'Terminating', 'labels': {'kubernetes.io/metadata.name': 'velero'}, 'creation_time': '2025-10-20 18:53:31', 'annotations': None}]
2026-03-16 15:53:39 - Knext - [INFO] - 获取所有命名空间成功：[{'name': 'default', 'status': 'Active', 'labels': {'istio-injection': 'enabled', 'kubernetes.io/metadata.name': 'default'}, 'creation_time': '2025-08-24 22:39:35', 'annotations': None}, {'name': 'gitee', 'status': 'Active', 'labels': {'kubernetes.io/metadata.name': 'gitee'}, 'creation_time': '2026-03-11 16:04:48', 'annotations': None}, {'name': 'kube-node-lease', 'status': 'Active', 'labels': {'kubernetes.io/metadata.name': 'kube-node-lease'}, 'creation_time': '2025-08-24 22:39:35', 'annotations': None}, {'name': 'kube-public', 'status': 'Active', 'labels': {'kubernetes.io/metadata.name': 'kube-public'}, 'creation_time': '2025-08-24 22:39:35', 'annotations': None}, {'name': 'kube-system', 'status': 'Active', 'labels': {'kubernetes.io/metadata.name': 'kube-system'}, 'creation_time': '2025-08-24 22:39:35', 'annotations': None}, {'name': 'monitor', 'status': 'Active', 'labels': {'kubernetes.io/metadata.name': 'monitor'}, 'creation_time': '2026-03-13 11:31:09', 'annotations': None}, {'name': 'poc', 'status': 'Active', 'labels': {'kubernetes.io/metadata.name': 'poc'}, 'creation_time': '2026-03-11 16:04:55', 'annotations': None}, {'name': 'velero', 'status': 'Terminating', 'labels': {'kubernetes.io/metadata.name': 'velero'}, 'creation_time': '2025-10-20 18:53:31', 'annotations': None}]
2026-03-16 15:53:41 - Knext - [INFO] - 获取所有命名空间成功：[{'name': 'default', 'status': 'Active', 'labels': {'istio-injection': 'enabled', 'kubernetes.io/metadata.name': 'default'}, 'creation_time': '2025-08-24 22:39:35', 'annotations': None}, {'name': 'gitee', 'status': 'Active', 'labels': {'kubernetes.io/metadata.name': 'gitee'}, 'creation_time': '2026-03-11 16:04:48', 'annotations': None}, {'name': 'kube-node-lease', 'status': 'Active', 'labels': {'kubernetes.io/metadata.name': 'kube-node-lease'}, 'creation_time': '2025-08-24 22:39:35', 'annotations': None}, {'name': 'kube-public', 'status': 'Active', 'labels': {'kubernetes.io/metadata.name': 'kube-public'}, 'creation_time': '2025-08-24 22:39:35', 'annotations': None}, {'name': 'kube-system', 'status': 'Active', 'labels': {'kubernetes.io/metadata.name': 'kube-system'}, 'creation_time': '2025-08-24 22:39:35', 'annotations': None}, {'name': 'monitor', 'status': 'Active', 'labels': {'kubernetes.io/metadata.name': 'monitor'}, 'creation_time': '2026-03-13 11:31:09', 'annotations': None}, {'name': 'poc', 'status': 'Active', 'labels': {'kubernetes.io/metadata.name': 'poc'}, 'creation_time': '2026-03-11 16:04:55', 'annotations': None}, {'name': 'velero', 'status': 'Terminating', 'labels': {'kubernetes.io/metadata.name': 'velero'}, 'creation_time': '2025-10-20 18:53:31', 'annotations': None}]
2026-03-16 15:53:47 - Knext - [INFO] - 获取所有命名空间成功：[{'name': 'default', 'status': 'Active', 'labels': {'istio-injection': 'enabled', 'kubernetes.io/metadata.name': 'default'}, 'creation_time': '2025-08-24 22:39:35', 'annotations': None}, {'name': 'gitee', 'status': 'Active', 'labels': {'kubernetes.io/metadata.name': 'gitee'}, 'creation_time': '2026-03-11 16:04:48', 'annotations': None}, {'name': 'kube-node-lease', 'status': 'Active', 'labels': {'kubernetes.io/metadata.name': 'kube-node-lease'}, 'creation_time': '2025-08-24 22:39:35', 'annotations': None}, {'name': 'kube-public', 'status': 'Active', 'labels': {'kubernetes.io/metadata.name': 'kube-public'}, 'creation_time': '2025-08-24 22:39:35', 'annotations': None}, {'name': 'kube-system', 'status': 'Active', 'labels': {'kubernetes.io/metadata.name': 'kube-system'}, 'creation_time': '2025-08-24 22:39:35', 'annotations': None}, {'name': 'monitor', 'status': 'Active', 'labels': {'kubernetes.io/metadata.name': 'monitor'}, 'creation_time': '2026-03-13 11:31:09', 'annotations': None}, {'name': 'poc', 'status': 'Active', 'labels': {'kubernetes.io/metadata.name': 'poc'}, 'creation_time': '2026-03-11 16:04:55', 'annotations': None}, {'name': 'velero', 'status': 'Terminating', 'labels': {'kubernetes.io/metadata.name': 'velero'}, 'creation_time': '2025-10-20 18:53:31', 'annotations': None}]
2026-03-16 15:54:03 - Knext - [INFO] - 获取所有命名空间成功：[{'name': 'default', 'status': 'Active', 'labels': {'istio-injection': 'enabled', 'kubernetes.io/metadata.name': 'default'}, 'creation_time': '2025-08-24 22:39:35', 'annotations': None}, {'name': 'gitee', 'status': 'Active', 'labels': {'kubernetes.io/metadata.name': 'gitee'}, 'creation_time': '2026-03-11 16:04:48', 'annotations': None}, {'name': 'kube-node-lease', 'status': 'Active', 'labels': {'kubernetes.io/metadata.name': 'kube-node-lease'}, 'creation_time': '2025-08-24 22:39:35', 'annotations': None}, {'name': 'kube-public', 'status': 'Active', 'labels': {'kubernetes.io/metadata.name': 'kube-public'}, 'creation_time': '2025-08-24 22:39:35', 'annotations': None}, {'name': 'kube-system', 'status': 'Active', 'labels': {'kubernetes.io/metadata.name': 'kube-system'}, 'creation_time': '2025-08-24 22:39:35', 'annotations': None}, {'name': 'monitor', 'status': 'Active', 'labels': {'kubernetes.io/metadata.name': 'monitor'}, 'creation_time': '2026-03-13 11:31:09', 'annotations': None}, {'name': 'poc', 'status': 'Active', 'labels': {'kubernetes.io/metadata.name': 'poc'}, 'creation_time': '2026-03-11 16:04:55', 'annotations': None}, {'name': 'velero', 'status': 'Terminating', 'labels': {'kubernetes.io/metadata.name': 'velero'}, 'creation_time': '2025-10-20 18:53:31', 'annotations': None}]
2026-03-16 15:54:18 - Knext - [INFO] - 获取所有命名空间成功：[{'name': 'default', 'status': 'Active', 'labels': {'istio-injection': 'enabled', 'kubernetes.io/metadata.name': 'default'}, 'creation_time': '2025-08-24 22:39:35', 'annotations': None}, {'name': 'gitee', 'status': 'Active', 'labels': {'kubernetes.io/metadata.name': 'gitee'}, 'creation_time': '2026-03-11 16:04:48', 'annotations': None}, {'name': 'kube-node-lease', 'status': 'Active', 'labels': {'kubernetes.io/metadata.name': 'kube-node-lease'}, 'creation_time': '2025-08-24 22:39:35', 'annotations': None}, {'name': 'kube-public', 'status': 'Active', 'labels': {'kubernetes.io/metadata.name': 'kube-public'}, 'creation_time': '2025-08-24 22:39:35', 'annotations': None}, {'name': 'kube-system', 'status': 'Active', 'labels': {'kubernetes.io/metadata.name': 'kube-system'}, 'creation_time': '2025-08-24 22:39:35', 'annotations': None}, {'name': 'monitor', 'status': 'Active', 'labels': {'kubernetes.io/metadata.name': 'monitor'}, 'creation_time': '2026-03-13 11:31:09', 'annotations': None}, {'name': 'poc', 'status': 'Active', 'labels': {'kubernetes.io/metadata.name': 'poc'}, 'creation_time': '2026-03-11 16:04:55', 'annotations': None}, {'name': 'velero', 'status': 'Terminating', 'labels': {'kubernetes.io/metadata.name': 'velero'}, 'creation_time': '2025-10-20 18:53:31', 'annotations': None}]
2026-03-16 15:54:19 - Knext - [INFO] - 获取pods容器组成功
2026-03-16 15:54:34 - Knext - [INFO] - 获取所有命名空间成功：[{'name': 'default', 'status': 'Active', 'labels': {'istio-injection': 'enabled', 'kubernetes.io/metadata.name': 'default'}, 'creation_time': '2025-08-24 22:39:35', 'annotations': None}, {'name': 'gitee', 'status': 'Active', 'labels': {'kubernetes.io/metadata.name': 'gitee'}, 'creation_time': '2026-03-11 16:04:48', 'annotations': None}, {'name': 'kube-node-lease', 'status': 'Active', 'labels': {'kubernetes.io/metadata.name': 'kube-node-lease'}, 'creation_time': '2025-08-24 22:39:35', 'annotations': None}, {'name': 'kube-public', 'status': 'Active', 'labels': {'kubernetes.io/metadata.name': 'kube-public'}, 'creation_time': '2025-08-24 22:39:35', 'annotations': None}, {'name': 'kube-system', 'status': 'Active', 'labels': {'kubernetes.io/metadata.name': 'kube-system'}, 'creation_time': '2025-08-24 22:39:35', 'annotations': None}, {'name': 'monitor', 'status': 'Active', 'labels': {'kubernetes.io/metadata.name': 'monitor'}, 'creation_time': '2026-03-13 11:31:09', 'annotations': None}, {'name': 'poc', 'status': 'Active', 'labels': {'kubernetes.io/metadata.name': 'poc'}, 'creation_time': '2026-03-11 16:04:55', 'annotations': None}, {'name': 'velero', 'status': 'Terminating', 'labels': {'kubernetes.io/metadata.name': 'velero'}, 'creation_time': '2025-10-20 18:53:31', 'annotations': None}]
2026-03-16 15:54:46 - Knext - [INFO] - 获取pods容器组成功
2026-03-16 15:55:24 - Knext - [INFO] - 获取所有命名空间成功：[{'name': 'default', 'status': 'Active', 'labels': {'istio-injection': 'enabled', 'kubernetes.io/metadata.name': 'default'}, 'creation_time': '2025-08-24 22:39:35', 'annotations': None}, {'name': 'gitee', 'status': 'Active', 'labels': {'kubernetes.io/metadata.name': 'gitee'}, 'creation_time': '2026-03-11 16:04:48', 'annotations': None}, {'name': 'kube-node-lease', 'status': 'Active', 'labels': {'kubernetes.io/metadata.name': 'kube-node-lease'}, 'creation_time': '2025-08-24 22:39:35', 'annotations': None}, {'name': 'kube-public', 'status': 'Active', 'labels': {'kubernetes.io/metadata.name': 'kube-public'}, 'creation_time': '2025-08-24 22:39:35', 'annotations': None}, {'name': 'kube-system', 'status': 'Active', 'labels': {'kubernetes.io/metadata.name': 'kube-system'}, 'creation_time': '2025-08-24 22:39:35', 'annotations': None}, {'name': 'monitor', 'status': 'Active', 'labels': {'kubernetes.io/metadata.name': 'monitor'}, 'creation_time': '2026-03-13 11:31:09', 'annotations': None}, {'name': 'poc', 'status': 'Active', 'labels': {'kubernetes.io/metadata.name': 'poc'}, 'creation_time': '2026-03-11 16:04:55', 'annotations': None}, {'name': 'velero', 'status': 'Terminating', 'labels': {'kubernetes.io/metadata.name': 'velero'}, 'creation_time': '2025-10-20 18:53:31', 'annotations': None}]
2026-03-16 15:55:30 - Knext - [INFO] - 获取pods容器组成功
2026-03-16 15:55:42 - Knext - [INFO] - 获取所有命名空间成功：[{'name': 'default', 'status': 'Active', 'labels': {'istio-injection': 'enabled', 'kubernetes.io/metadata.name': 'default'}, 'creation_time': '2025-08-24 22:39:35', 'annotations': None}, {'name': 'gitee', 'status': 'Active', 'labels': {'kubernetes.io/metadata.name': 'gitee'}, 'creation_time': '2026-03-11 16:04:48', 'annotations': None}, {'name': 'kube-node-lease', 'status': 'Active', 'labels': {'kubernetes.io/metadata.name': 'kube-node-lease'}, 'creation_time': '2025-08-24 22:39:35', 'annotations': None}, {'name': 'kube-public', 'status': 'Active', 'labels': {'kubernetes.io/metadata.name': 'kube-public'}, 'creation_time': '2025-08-24 22:39:35', 'annotations': None}, {'name': 'kube-system', 'status': 'Active', 'labels': {'kubernetes.io/metadata.name': 'kube-system'}, 'creation_time': '2025-08-24 22:39:35', 'annotations': None}, {'name': 'monitor', 'status': 'Active', 'labels': {'kubernetes.io/metadata.name': 'monitor'}, 'creation_time': '2026-03-13 11:31:09', 'annotations': None}, {'name': 'poc', 'status': 'Active', 'labels': {'kubernetes.io/metadata.name': 'poc'}, 'creation_time': '2026-03-11 16:04:55', 'annotations': None}, {'name': 'velero', 'status': 'Terminating', 'labels': {'kubernetes.io/metadata.name': 'velero'}, 'creation_time': '2025-10-20 18:53:31', 'annotations': None}]
2026-03-16 16:30:08 - Knext - [WARNING] - metrics-server 不可用，请安装metrics-server
2026-03-16 16:30:08 - Knext - [WARNING] - 获取事件失败：'CoreV1EventList' object is not iterable
2026-03-16 16:30:38 - Knext - [WARNING] - metrics-server 不可用，请安装metrics-server
2026-03-16 16:30:38 - Knext - [WARNING] - 获取事件失败：'CoreV1EventList' object is not iterable
2026-03-16 16:31:08 - Knext - [WARNING] - metrics-server 不可用，请安装metrics-server
2026-03-16 16:31:08 - Knext - [WARNING] - 获取事件失败：'CoreV1EventList' object is not iterable
2026-03-16 16:31:38 - Knext - [WARNING] - metrics-server 不可用，请安装metrics-server
2026-03-16 16:31:38 - Knext - [WARNING] - 获取事件失败：'CoreV1EventList' object is not iterable
2026-03-16 16:32:08 - Knext - [WARNING] - metrics-server 不可用，请安装metrics-server
2026-03-16 16:32:08 - Knext - [WARNING] - 获取事件失败：'CoreV1EventList' object is not iterable
2026-03-16 16:32:38 - Knext - [WARNING] - metrics-server 不可用，请安装metrics-server
2026-03-16 16:32:38 - Knext - [WARNING] - 获取事件失败：'CoreV1EventList' object is not iterable
2026-03-16 16:33:08 - Knext - [WARNING] - metrics-server 不可用，请安装metrics-server
2026-03-16 16:33:08 - Knext - [WARNING] - 获取事件失败：'CoreV1EventList' object is not iterable
2026-03-16 16:33:38 - Knext - [WARNING] - metrics-server 不可用，请安装metrics-server
2026-03-16 16:33:38 - Knext - [WARNING] - 获取事件失败：'CoreV1EventList' object is not iterable
2026-03-16 16:33:41 - Knext - [WARNING] - metrics-server 不可用，请安装metrics-server
2026-03-16 16:33:41 - Knext - [WARNING] - 获取事件失败：'CoreV1EventList' object is not iterable
2026-03-16 16:33:52 - Knext - [INFO] - 获取所有命名空间成功：[{'name': 'default', 'status': 'Active', 'labels': {'istio-injection': 'enabled', 'kubernetes.io/metadata.name': 'default'}, 'creation_time': '2025-08-24 22:39:35', 'annotations': None}, {'name': 'gitee', 'status': 'Active', 'labels': {'kubernetes.io/metadata.name': 'gitee'}, 'creation_time': '2026-03-11 16:04:48', 'annotations': None}, {'name': 'kube-node-lease', 'status': 'Active', 'labels': {'kubernetes.io/metadata.name': 'kube-node-lease'}, 'creation_time': '2025-08-24 22:39:35', 'annotations': None}, {'name': 'kube-public', 'status': 'Active', 'labels': {'kubernetes.io/metadata.name': 'kube-public'}, 'creation_time': '2025-08-24 22:39:35', 'annotations': None}, {'name': 'kube-system', 'status': 'Active', 'labels': {'kubernetes.io/metadata.name': 'kube-system'}, 'creation_time': '2025-08-24 22:39:35', 'annotations': None}, {'name': 'monitor', 'status': 'Active', 'labels': {'kubernetes.io/metadata.name': 'monitor'}, 'creation_time': '2026-03-13 11:31:09', 'annotations': None}, {'name': 'poc', 'status': 'Active', 'labels': {'kubernetes.io/metadata.name': 'poc'}, 'creation_time': '2026-03-11 16:04:55', 'annotations': None}, {'name': 'velero', 'status': 'Terminating', 'labels': {'kubernetes.io/metadata.name': 'velero'}, 'creation_time': '2025-10-20 18:53:31', 'annotations': None}]
2026-03-16 16:33:53 - Knext - [INFO] - 获取所有命名空间成功：[{'name': 'default', 'status': 'Active', 'labels': {'istio-injection': 'enabled', 'kubernetes.io/metadata.name': 'default'}, 'creation_time': '2025-08-24 22:39:35', 'annotations': None}, {'name': 'gitee', 'status': 'Active', 'labels': {'kubernetes.io/metadata.name': 'gitee'}, 'creation_time': '2026-03-11 16:04:48', 'annotations': None}, {'name': 'kube-node-lease', 'status': 'Active', 'labels': {'kubernetes.io/metadata.name': 'kube-node-lease'}, 'creation_time': '2025-08-24 22:39:35', 'annotations': None}, {'name': 'kube-public', 'status': 'Active', 'labels': {'kubernetes.io/metadata.name': 'kube-public'}, 'creation_time': '2025-08-24 22:39:35', 'annotations': None}, {'name': 'kube-system', 'status': 'Active', 'labels': {'kubernetes.io/metadata.name': 'kube-system'}, 'creation_time': '2025-08-24 22:39:35', 'annotations': None}, {'name': 'monitor', 'status': 'Active', 'labels': {'kubernetes.io/metadata.name': 'monitor'}, 'creation_time': '2026-03-13 11:31:09', 'annotations': None}, {'name': 'poc', 'status': 'Active', 'labels': {'kubernetes.io/metadata.name': 'poc'}, 'creation_time': '2026-03-11 16:04:55', 'annotations': None}, {'name': 'velero', 'status': 'Terminating', 'labels': {'kubernetes.io/metadata.name': 'velero'}, 'creation_time': '2025-10-20 18:53:31', 'annotations': None}]
2026-03-16 16:33:56 - Knext - [INFO] - 获取pods容器组成功
2026-03-16 16:33:57 - Knext - [INFO] - 获取所有命名空间成功：[{'name': 'default', 'status': 'Active', 'labels': {'istio-injection': 'enabled', 'kubernetes.io/metadata.name': 'default'}, 'creation_time': '2025-08-24 22:39:35', 'annotations': None}, {'name': 'gitee', 'status': 'Active', 'labels': {'kubernetes.io/metadata.name': 'gitee'}, 'creation_time': '2026-03-11 16:04:48', 'annotations': None}, {'name': 'kube-node-lease', 'status': 'Active', 'labels': {'kubernetes.io/metadata.name': 'kube-node-lease'}, 'creation_time': '2025-08-24 22:39:35', 'annotations': None}, {'name': 'kube-public', 'status': 'Active', 'labels': {'kubernetes.io/metadata.name': 'kube-public'}, 'creation_time': '2025-08-24 22:39:35', 'annotations': None}, {'name': 'kube-system', 'status': 'Active', 'labels': {'kubernetes.io/metadata.name': 'kube-system'}, 'creation_time': '2025-08-24 22:39:35', 'annotations': None}, {'name': 'monitor', 'status': 'Active', 'labels': {'kubernetes.io/metadata.name': 'monitor'}, 'creation_time': '2026-03-13 11:31:09', 'annotations': None}, {'name': 'poc', 'status': 'Active', 'labels': {'kubernetes.io/metadata.name': 'poc'}, 'creation_time': '2026-03-11 16:04:55', 'annotations': None}, {'name': 'velero', 'status': 'Terminating', 'labels': {'kubernetes.io/metadata.name': 'velero'}, 'creation_time': '2025-10-20 18:53:31', 'annotations': None}]
2026-03-16 16:34:00 - Knext - [INFO] - 获取pods容器组成功
2026-03-16 16:50:45 - Knext - [INFO] - 获取pods容器组成功
2026-03-16 16:54:01 - Knext - [INFO] - 获取pods容器组成功
2026-03-16 16:54:42 - Knext - [INFO] - 获取pods容器组成功
2026-03-16 16:56:29 - Knext - [INFO] - 获取pods容器组成功
2026-03-16 16:58:08 - Knext - [INFO] - 获取pods容器组成功
2026-03-16 16:58:46 - Knext - [INFO] - 获取pods容器组成功
2026-03-16 16:58:48 - Knext - [WARNING] - metrics-server 不可用，请安装metrics-server
2026-03-16 16:58:48 - Knext - [WARNING] - 获取事件失败：'CoreV1EventList' object is not iterable
2026-03-16 16:58:51 - Knext - [WARNING] - metrics-server 不可用，请安装metrics-server
2026-03-16 16:58:51 - Knext - [WARNING] - 获取事件失败：'CoreV1EventList' object is not iterable
2026-03-16 16:59:13 - Knext - [WARNING] - metrics-server 不可用，请安装metrics-server
2026-03-16 16:59:13 - Knext - [WARNING] - 获取事件失败：'CoreV1EventList' object is not iterable
2026-03-16 16:59:15 - Knext - [WARNING] - metrics-server 不可用，请安装metrics-server
2026-03-16 16:59:15 - Knext - [WARNING] - 获取事件失败：'CoreV1EventList' object is not iterable
2026-03-16 16:59:46 - Knext - [WARNING] - metrics-server 不可用，请安装metrics-server
2026-03-16 16:59:46 - Knext - [WARNING] - 获取事件失败：'CoreV1EventList' object is not iterable
2026-03-16 17:00:07 - Knext - [INFO] - 获取pods容器组成功
2026-03-16 17:00:08 - Knext - [INFO] - 获取所有命名空间成功：[{'name': 'default', 'status': 'Active', 'labels': {'istio-injection': 'enabled', 'kubernetes.io/metadata.name': 'default'}, 'creation_time': '2025-08-24 22:39:35', 'annotations': None}, {'name': 'gitee', 'status': 'Active', 'labels': {'kubernetes.io/metadata.name': 'gitee'}, 'creation_time': '2026-03-11 16:04:48', 'annotations': None}, {'name': 'kube-node-lease', 'status': 'Active', 'labels': {'kubernetes.io/metadata.name': 'kube-node-lease'}, 'creation_time': '2025-08-24 22:39:35', 'annotations': None}, {'name': 'kube-public', 'status': 'Active', 'labels': {'kubernetes.io/metadata.name': 'kube-public'}, 'creation_time': '2025-08-24 22:39:35', 'annotations': None}, {'name': 'kube-system', 'status': 'Active', 'labels': {'kubernetes.io/metadata.name': 'kube-system'}, 'creation_time': '2025-08-24 22:39:35', 'annotations': None}, {'name': 'monitor', 'status': 'Active', 'labels': {'kubernetes.io/metadata.name': 'monitor'}, 'creation_time': '2026-03-13 11:31:09', 'annotations': None}, {'name': 'poc', 'status': 'Active', 'labels': {'kubernetes.io/metadata.name': 'poc'}, 'creation_time': '2026-03-11 16:04:55', 'annotations': None}, {'name': 'velero', 'status': 'Terminating', 'labels': {'kubernetes.io/metadata.name': 'velero'}, 'creation_time': '2025-10-20 18:53:31', 'annotations': None}]
2026-03-16 17:00:10 - Knext - [INFO] - 获取所有命名空间成功：[{'name': 'default', 'status': 'Active', 'labels': {'istio-injection': 'enabled', 'kubernetes.io/metadata.name': 'default'}, 'creation_time': '2025-08-24 22:39:35', 'annotations': None}, {'name': 'gitee', 'status': 'Active', 'labels': {'kubernetes.io/metadata.name': 'gitee'}, 'creation_time': '2026-03-11 16:04:48', 'annotations': None}, {'name': 'kube-node-lease', 'status': 'Active', 'labels': {'kubernetes.io/metadata.name': 'kube-node-lease'}, 'creation_time': '2025-08-24 22:39:35', 'annotations': None}, {'name': 'kube-public', 'status': 'Active', 'labels': {'kubernetes.io/metadata.name': 'kube-public'}, 'creation_time': '2025-08-24 22:39:35', 'annotations': None}, {'name': 'kube-system', 'status': 'Active', 'labels': {'kubernetes.io/metadata.name': 'kube-system'}, 'creation_time': '2025-08-24 22:39:35', 'annotations': None}, {'name': 'monitor', 'status': 'Active', 'labels': {'kubernetes.io/metadata.name': 'monitor'}, 'creation_time': '2026-03-13 11:31:09', 'annotations': None}, {'name': 'poc', 'status': 'Active', 'labels': {'kubernetes.io/metadata.name': 'poc'}, 'creation_time': '2026-03-11 16:04:55', 'annotations': None}, {'name': 'velero', 'status': 'Terminating', 'labels': {'kubernetes.io/metadata.name': 'velero'}, 'creation_time': '2025-10-20 18:53:31', 'annotations': None}]
2026-03-16 17:00:12 - Knext - [INFO] - 获取所有命名空间成功：[{'name': 'default', 'status': 'Active', 'labels': {'istio-injection': 'enabled', 'kubernetes.io/metadata.name': 'default'}, 'creation_time': '2025-08-24 22:39:35', 'annotations': None}, {'name': 'gitee', 'status': 'Active', 'labels': {'kubernetes.io/metadata.name': 'gitee'}, 'creation_time': '2026-03-11 16:04:48', 'annotations': None}, {'name': 'kube-node-lease', 'status': 'Active', 'labels': {'kubernetes.io/metadata.name': 'kube-node-lease'}, 'creation_time': '2025-08-24 22:39:35', 'annotations': None}, {'name': 'kube-public', 'status': 'Active', 'labels': {'kubernetes.io/metadata.name': 'kube-public'}, 'creation_time': '2025-08-24 22:39:35', 'annotations': None}, {'name': 'kube-system', 'status': 'Active', 'labels': {'kubernetes.io/metadata.name': 'kube-system'}, 'creation_time': '2025-08-24 22:39:35', 'annotations': None}, {'name': 'monitor', 'status': 'Active', 'labels': {'kubernetes.io/metadata.name': 'monitor'}, 'creation_time': '2026-03-13 11:31:09', 'annotations': None}, {'name': 'poc', 'status': 'Active', 'labels': {'kubernetes.io/metadata.name': 'poc'}, 'creation_time': '2026-03-11 16:04:55', 'annotations': None}, {'name': 'velero', 'status': 'Terminating', 'labels': {'kubernetes.io/metadata.name': 'velero'}, 'creation_time': '2025-10-20 18:53:31', 'annotations': None}]
2026-03-16 17:00:12 - Knext - [INFO] - 获取所有命名空间成功：[{'name': 'default', 'status': 'Active', 'labels': {'istio-injection': 'enabled', 'kubernetes.io/metadata.name': 'default'}, 'creation_time': '2025-08-24 22:39:35', 'annotations': None}, {'name': 'gitee', 'status': 'Active', 'labels': {'kubernetes.io/metadata.name': 'gitee'}, 'creation_time': '2026-03-11 16:04:48', 'annotations': None}, {'name': 'kube-node-lease', 'status': 'Active', 'labels': {'kubernetes.io/metadata.name': 'kube-node-lease'}, 'creation_time': '2025-08-24 22:39:35', 'annotations': None}, {'name': 'kube-public', 'status': 'Active', 'labels': {'kubernetes.io/metadata.name': 'kube-public'}, 'creation_time': '2025-08-24 22:39:35', 'annotations': None}, {'name': 'kube-system', 'status': 'Active', 'labels': {'kubernetes.io/metadata.name': 'kube-system'}, 'creation_time': '2025-08-24 22:39:35', 'annotations': None}, {'name': 'monitor', 'status': 'Active', 'labels': {'kubernetes.io/metadata.name': 'monitor'}, 'creation_time': '2026-03-13 11:31:09', 'annotations': None}, {'name': 'poc', 'status': 'Active', 'labels': {'kubernetes.io/metadata.name': 'poc'}, 'creation_time': '2026-03-11 16:04:55', 'annotations': None}, {'name': 'velero', 'status': 'Terminating', 'labels': {'kubernetes.io/metadata.name': 'velero'}, 'creation_time': '2025-10-20 18:53:31', 'annotations': None}]
2026-03-16 17:00:16 - Knext - [INFO] - 获取所有命名空间成功：[{'name': 'default', 'status': 'Active', 'labels': {'istio-injection': 'enabled', 'kubernetes.io/metadata.name': 'default'}, 'creation_time': '2025-08-24 22:39:35', 'annotations': None}, {'name': 'gitee', 'status': 'Active', 'labels': {'kubernetes.io/metadata.name': 'gitee'}, 'creation_time': '2026-03-11 16:04:48', 'annotations': None}, {'name': 'kube-node-lease', 'status': 'Active', 'labels': {'kubernetes.io/metadata.name': 'kube-node-lease'}, 'creation_time': '2025-08-24 22:39:35', 'annotations': None}, {'name': 'kube-public', 'status': 'Active', 'labels': {'kubernetes.io/metadata.name': 'kube-public'}, 'creation_time': '2025-08-24 22:39:35', 'annotations': None}, {'name': 'kube-system', 'status': 'Active', 'labels': {'kubernetes.io/metadata.name': 'kube-system'}, 'creation_time': '2025-08-24 22:39:35', 'annotations': None}, {'name': 'monitor', 'status': 'Active', 'labels': {'kubernetes.io/metadata.name': 'monitor'}, 'creation_time': '2026-03-13 11:31:09', 'annotations': None}, {'name': 'poc', 'status': 'Active', 'labels': {'kubernetes.io/metadata.name': 'poc'}, 'creation_time': '2026-03-11 16:04:55', 'annotations': None}, {'name': 'velero', 'status': 'Terminating', 'labels': {'kubernetes.io/metadata.name': 'velero'}, 'creation_time': '2025-10-20 18:53:31', 'annotations': None}]
2026-03-16 17:00:37 - Knext - [INFO] - 获取所有命名空间成功：[{'name': 'default', 'status': 'Active', 'labels': {'istio-injection': 'enabled', 'kubernetes.io/metadata.name': 'default'}, 'creation_time': '2025-08-24 22:39:35', 'annotations': None}, {'name': 'gitee', 'status': 'Active', 'labels': {'kubernetes.io/metadata.name': 'gitee'}, 'creation_time': '2026-03-11 16:04:48', 'annotations': None}, {'name': 'kube-node-lease', 'status': 'Active', 'labels': {'kubernetes.io/metadata.name': 'kube-node-lease'}, 'creation_time': '2025-08-24 22:39:35', 'annotations': None}, {'name': 'kube-public', 'status': 'Active', 'labels': {'kubernetes.io/metadata.name': 'kube-public'}, 'creation_time': '2025-08-24 22:39:35', 'annotations': None}, {'name': 'kube-system', 'status': 'Active', 'labels': {'kubernetes.io/metadata.name': 'kube-system'}, 'creation_time': '2025-08-24 22:39:35', 'annotations': None}, {'name': 'monitor', 'status': 'Active', 'labels': {'kubernetes.io/metadata.name': 'monitor'}, 'creation_time': '2026-03-13 11:31:09', 'annotations': None}, {'name': 'poc', 'status': 'Active', 'labels': {'kubernetes.io/metadata.name': 'poc'}, 'creation_time': '2026-03-11 16:04:55', 'annotations': None}, {'name': 'velero', 'status': 'Terminating', 'labels': {'kubernetes.io/metadata.name': 'velero'}, 'creation_time': '2025-10-20 18:53:31', 'annotations': None}]
2026-03-16 17:00:40 - Knext - [WARNING] - metrics-server 不可用，请安装metrics-server
2026-03-16 17:00:40 - Knext - [WARNING] - 获取事件失败：'CoreV1EventList' object is not iterable
2026-03-16 17:01:10 - Knext - [WARNING] - metrics-server 不可用，请安装metrics-server
2026-03-16 17:01:10 - Knext - [WARNING] - 获取事件失败：'CoreV1EventList' object is not iterable
2026-03-16 17:01:40 - Knext - [WARNING] - metrics-server 不可用，请安装metrics-server
2026-03-16 17:01:40 - Knext - [WARNING] - 获取事件失败：'CoreV1EventList' object is not iterable
2026-03-16 17:02:10 - Knext - [WARNING] - metrics-server 不可用，请安装metrics-server
2026-03-16 17:02:10 - Knext - [WARNING] - 获取事件失败：'CoreV1EventList' object is not iterable
2026-03-16 17:02:40 - Knext - [WARNING] - metrics-server 不可用，请安装metrics-server
2026-03-16 17:02:40 - Knext - [WARNING] - 获取事件失败：'CoreV1EventList' object is not iterable
2026-03-16 17:03:10 - Knext - [WARNING] - metrics-server 不可用，请安装metrics-server
2026-03-16 17:03:10 - Knext - [WARNING] - 获取事件失败：'CoreV1EventList' object is not iterable
2026-03-16 17:03:40 - Knext - [WARNING] - metrics-server 不可用，请安装metrics-server
2026-03-16 17:03:40 - Knext - [WARNING] - 获取事件失败：'CoreV1EventList' object is not iterable
2026-03-16 17:04:11 - Knext - [INFO] - 成功加载本地 kubeconfig 配置
2026-03-16 17:04:11 - Knext - [INFO] - K8s 客户端初始化成功（已禁用 SSL 验证）
2026-03-16 17:04:29 - Knext - [INFO] - 成功加载本地 kubeconfig 配置
2026-03-16 17:04:29 - Knext - [INFO] - K8s 客户端初始化成功（已禁用 SSL 验证）
2026-03-16 17:04:30 - Knext - [WARNING] - metrics-server 不可用，请安装metrics-server
2026-03-16 17:04:30 - Knext - [WARNING] - 获取事件失败：'CoreV1EventList' object is not iterable
2026-03-16 17:05:28 - Knext - [WARNING] - metrics-server 不可用，请安装metrics-server
2026-03-16 17:05:28 - Knext - [WARNING] - 获取事件失败：'CoreV1EventList' object is not iterable
2026-03-16 17:06:28 - Knext - [WARNING] - metrics-server 不可用，请安装metrics-server
2026-03-16 17:06:28 - Knext - [WARNING] - 获取事件失败：'CoreV1EventList' object is not iterable
2026-03-16 17:07:28 - Knext - [WARNING] - metrics-server 不可用，请安装metrics-server
2026-03-16 17:07:28 - Knext - [WARNING] - 获取事件失败：'CoreV1EventList' object is not iterable
2026-03-16 17:08:28 - Knext - [WARNING] - metrics-server 不可用，请安装metrics-server
2026-03-16 17:08:28 - Knext - [WARNING] - 获取事件失败：'CoreV1EventList' object is not iterable
2026-03-16 17:09:28 - Knext - [WARNING] - metrics-server 不可用，请安装metrics-server
2026-03-16 17:09:28 - Knext - [WARNING] - 获取事件失败：'CoreV1EventList' object is not iterable
2026-03-16 17:10:28 - Knext - [WARNING] - metrics-server 不可用，请安装metrics-server
2026-03-16 17:10:28 - Knext - [WARNING] - 获取事件失败：'CoreV1EventList' object is not iterable
2026-03-16 17:11:28 - Knext - [WARNING] - metrics-server 不可用，请安装metrics-server
2026-03-16 17:11:28 - Knext - [WARNING] - 获取事件失败：'CoreV1EventList' object is not iterable
2026-03-16 17:12:28 - Knext - [WARNING] - metrics-server 不可用，请安装metrics-server
2026-03-16 17:12:28 - Knext - [WARNING] - 获取事件失败：'CoreV1EventList' object is not iterable
2026-03-16 17:13:28 - Knext - [WARNING] - metrics-server 不可用，请安装metrics-server
2026-03-16 17:13:28 - Knext - [WARNING] - 获取事件失败：'CoreV1EventList' object is not iterable
2026-03-16 17:14:28 - Knext - [WARNING] - metrics-server 不可用，请安装metrics-server
2026-03-16 17:14:28 - Knext - [WARNING] - 获取事件失败：'CoreV1EventList' object is not iterable
2026-03-16 17:14:29 - Knext - [INFO] - 成功加载本地 kubeconfig 配置
2026-03-16 17:14:29 - Knext - [INFO] - K8s 客户端初始化成功（已禁用 SSL 验证）
2026-03-16 17:14:51 - Knext - [INFO] - 成功加载本地 kubeconfig 配置
2026-03-16 17:14:51 - Knext - [INFO] - K8s 客户端初始化成功（已禁用 SSL 验证）
2026-03-16 17:14:55 - Knext - [WARNING] - metrics-server 不可用，请安装metrics-server
2026-03-16 17:15:00 - Knext - [WARNING] - metrics-server 不可用，请安装metrics-server
2026-03-16 17:15:10 - Knext - [WARNING] - metrics-server 不可用，请安装metrics-server
2026-03-16 17:15:40 - Knext - [WARNING] - metrics-server 不可用，请安装metrics-server
2026-03-16 17:16:18 - Knext - [INFO] - 成功加载本地 kubeconfig 配置
2026-03-16 17:16:18 - Knext - [INFO] - K8s 客户端初始化成功（已禁用 SSL 验证）
2026-03-16 17:16:22 - Knext - [WARNING] - metrics-server 不可用，请安装metrics-server
2026-03-16 17:16:28 - Knext - [WARNING] - metrics-server 不可用，请安装metrics-server
2026-03-16 17:16:40 - Knext - [WARNING] - metrics-server 不可用，请安装metrics-server
2026-03-16 17:16:53 - Knext - [INFO] - 获取所有命名空间成功
2026-03-16 17:17:31 - Knext - [INFO] - 获取所有命名空间成功
2026-03-16 17:17:37 - Knext - [INFO] - 获取所有命名空间成功
2026-03-16 17:20:10 - Knext - [INFO] - 获取所有命名空间成功
2026-03-16 17:21:19 - Knext - [INFO] - 成功加载本地 kubeconfig 配置
2026-03-16 17:21:19 - Knext - [INFO] - K8s 客户端初始化成功（已禁用 SSL 验证）
2026-03-16 17:21:20 - Knext - [INFO] - 成功加载本地 kubeconfig 配置
2026-03-16 17:21:20 - Knext - [INFO] - K8s 客户端初始化成功（已禁用 SSL 验证）
2026-03-16 17:24:45 - Knext - [INFO] - 成功加载本地 kubeconfig 配置
2026-03-16 17:24:45 - Knext - [INFO] - K8s 客户端初始化成功（已禁用 SSL 验证）
2026-03-16 17:24:47 - Knext - [INFO] - 成功加载本地 kubeconfig 配置
2026-03-16 17:24:47 - Knext - [INFO] - K8s 客户端初始化成功（已禁用 SSL 验证）
2026-03-16 17:24:52 - Knext - [INFO] - 成功加载本地 kubeconfig 配置
2026-03-16 17:24:52 - Knext - [INFO] - K8s 客户端初始化成功（已禁用 SSL 验证）
2026-03-16 17:28:22 - Knext - [INFO] - 获取所有命名空间成功
2026-03-16 17:28:41 - Knext - [INFO] - 获取所有命名空间成功
2026-03-16 17:28:45 - Knext - [INFO] - 获取所有命名空间成功
2026-03-16 17:29:31 - Knext - [INFO] - 获取所有命名空间成功
2026-03-16 17:29:51 - Knext - [INFO] - 成功加载本地 kubeconfig 配置
2026-03-16 17:29:51 - Knext - [INFO] - K8s 客户端初始化成功（已禁用 SSL 验证）
2026-03-16 17:29:56 - Knext - [INFO] - 获取所有命名空间成功
2026-03-16 17:30:00 - Knext - [INFO] - 获取所有命名空间成功
2026-03-16 17:33:10 - Knext - [INFO] - 获取所有命名空间成功
2026-03-16 17:33:36 - Knext - [INFO] - 获取所有命名空间成功
2026-03-16 17:33:45 - Knext - [INFO] - 获取所有命名空间成功
2026-03-16 17:33:49 - Knext - [INFO] - 获取所有命名空间成功
2026-03-16 17:33:56 - Knext - [INFO] - 获取所有命名空间成功
2026-03-16 17:34:08 - Knext - [INFO] - 获取所有命名空间成功
2026-03-16 17:34:12 - Knext - [INFO] - 获取所有命名空间成功
2026-03-16 17:35:30 - Knext - [INFO] - 获取所有命名空间成功
2026-03-16 17:38:14 - Knext - [INFO] - 获取所有命名空间成功
2026-03-16 17:38:20 - Knext - [INFO] - 获取所有命名空间成功
2026-03-16 17:41:04 - Knext - [INFO] - 获取所有命名空间成功
2026-03-16 17:41:22 - Knext - [INFO] - 成功加载本地 kubeconfig 配置
2026-03-16 17:41:22 - Knext - [INFO] - K8s 客户端初始化成功（已禁用 SSL 验证）
2026-03-16 17:41:27 - Knext - [INFO] - 获取所有命名空间成功
2026-03-16 17:41:31 - Knext - [INFO] - 获取所有命名空间成功
2026-03-16 17:41:35 - Knext - [INFO] - 获取所有命名空间成功
2026-03-16 17:41:39 - Knext - [INFO] - 获取所有命名空间成功
2026-03-16 17:42:17 - Knext - [INFO] - 获取所有命名空间成功
2026-03-16 17:42:24 - Knext - [INFO] - 获取所有命名空间成功
2026-03-16 17:42:24 - Knext - [INFO] - 获取所有命名空间成功
2026-03-16 17:42:30 - Knext - [INFO] - 获取所有命名空间成功
2026-03-16 17:42:35 - Knext - [INFO] - 获取所有命名空间成功
2026-03-16 17:42:35 - Knext - [INFO] - 获取所有命名空间成功
2026-03-16 17:42:40 - Knext - [INFO] - 获取所有命名空间成功
2026-03-16 17:42:41 - Knext - [INFO] - 获取所有命名空间成功
2026-03-16 17:46:23 - Knext - [INFO] - 成功加载本地 kubeconfig 配置
2026-03-16 17:46:23 - Knext - [INFO] - K8s 客户端初始化成功（已禁用 SSL 验证）
2026-03-16 17:46:28 - Knext - [INFO] - 成功加载本地 kubeconfig 配置
2026-03-16 17:46:28 - Knext - [INFO] - K8s 客户端初始化成功（已禁用 SSL 验证）
2026-03-16 17:46:50 - Knext - [INFO] - 获取所有命名空间成功
2026-03-16 17:47:12 - Knext - [INFO] - 获取所有命名空间成功
2026-03-16 17:47:12 - Knext - [INFO] - 获取所有命名空间成功
2026-03-16 17:47:17 - Knext - [INFO] - 获取所有命名空间成功
2026-03-16 17:48:00 - Knext - [INFO] - 获取所有命名空间成功
2026-03-16 17:48:41 - Knext - [INFO] - 获取所有命名空间成功
2026-03-16 17:48:43 - Knext - [INFO] - 获取所有命名空间成功
2026-03-16 17:48:46 - Knext - [INFO] - 获取所有命名空间成功
2026-03-16 17:48:50 - Knext - [INFO] - 获取所有命名空间成功
2026-03-16 17:48:51 - Knext - [INFO] - 获取所有命名空间成功
2026-03-16 17:48:53 - Knext - [INFO] - 获取所有命名空间成功
2026-03-16 17:50:40 - Knext - [INFO] - 获取所有命名空间成功
2026-03-16 18:03:25 - Knext - [WARNING] - metrics-server 不可用，请安装metrics-server
2026-03-16 20:01:59 - Knext - [INFO] - 成功加载本地 kubeconfig 配置
2026-03-16 20:01:59 - Knext - [INFO] - K8s 客户端初始化成功（已禁用 SSL 验证）
2026-03-16 20:14:47 - Knext - [INFO] - 获取所有命名空间成功
2026-03-16 20:14:54 - Knext - [INFO] - 获取所有命名空间成功
2026-03-16 20:17:22 - Knext - [INFO] - 成功加载本地 kubeconfig 配置
2026-03-16 20:17:22 - Knext - [INFO] - K8s 客户端初始化成功（已禁用 SSL 验证）
2026-03-16 20:17:26 - Knext - [INFO] - 成功加载本地 kubeconfig 配置
2026-03-16 20:17:26 - Knext - [INFO] - K8s 客户端初始化成功（已禁用 SSL 验证）
2026-03-16 20:17:37 - Knext - [ERROR] - 删除命名空间失败：'NoneType' object has no attribute 'name'
2026-03-16 20:17:37 - Knext - [ERROR] - 删除命名空间失败：'NoneType' object has no attribute 'name'
2026-03-16 20:17:45 - Knext - [ERROR] - 删除命名空间失败：'NoneType' object has no attribute 'name'
2026-03-16 20:17:45 - Knext - [ERROR] - 删除命名空间失败：'NoneType' object has no attribute 'name'
2026-03-16 20:18:53 - Knext - [INFO] - 成功加载本地 kubeconfig 配置
2026-03-16 20:18:53 - Knext - [INFO] - K8s 客户端初始化成功（已禁用 SSL 验证）
2026-03-16 20:18:54 - Knext - [INFO] - 成功加载本地 kubeconfig 配置
2026-03-16 20:18:54 - Knext - [INFO] - K8s 客户端初始化成功（已禁用 SSL 验证）
2026-03-16 20:18:56 - Knext - [INFO] - 成功加载本地 kubeconfig 配置
2026-03-16 20:18:56 - Knext - [INFO] - K8s 客户端初始化成功（已禁用 SSL 验证）
2026-03-16 20:19:00 - Knext - [ERROR] - 删除命名空间失败：(404)
Reason: Not Found
HTTP response headers: HTTPHeaderDict({'Audit-Id': '63ae421f-2cc4-4f44-ac1d-749d3e9b4ea1', 'Cache-Control': 'no-cache, private', 'Content-Type': 'application/json', 'X-Kubernetes-Pf-Flowschema-Uid': '84dab70f-f66a-435d-b511-ab4e924c32d1', 'X-Kubernetes-Pf-Prioritylevel-Uid': '16553e68-64ab-412c-b5d9-8aa88f0c68bf', 'Date': 'Mon, 16 Mar 2026 12:19:00 GMT', 'Content-Length': '182'})
HTTP response body: {"kind":"Status","apiVersion":"v1","metadata":{},"status":"Failure","message":"namespaces \"9\" not found","reason":"NotFound","details":{"name":"9","kind":"namespaces"},"code":404}


2026-03-16 20:19:00 - Knext - [ERROR] - 删除命名空间失败：(404)
Reason: Not Found
HTTP response headers: HTTPHeaderDict({'Audit-Id': '63ae421f-2cc4-4f44-ac1d-749d3e9b4ea1', 'Cache-Control': 'no-cache, private', 'Content-Type': 'application/json', 'X-Kubernetes-Pf-Flowschema-Uid': '84dab70f-f66a-435d-b511-ab4e924c32d1', 'X-Kubernetes-Pf-Prioritylevel-Uid': '16553e68-64ab-412c-b5d9-8aa88f0c68bf', 'Date': 'Mon, 16 Mar 2026 12:19:00 GMT', 'Content-Length': '182'})
HTTP response body: {"kind":"Status","apiVersion":"v1","metadata":{},"status":"Failure","message":"namespaces \"9\" not found","reason":"NotFound","details":{"name":"9","kind":"namespaces"},"code":404}


2026-03-16 20:19:07 - Knext - [ERROR] - 删除命名空间失败：(404)
Reason: Not Found
HTTP response headers: HTTPHeaderDict({'Audit-Id': 'fcc7317e-9683-436e-82c0-c67c5d3eeb49', 'Cache-Control': 'no-cache, private', 'Content-Type': 'application/json', 'X-Kubernetes-Pf-Flowschema-Uid': '84dab70f-f66a-435d-b511-ab4e924c32d1', 'X-Kubernetes-Pf-Prioritylevel-Uid': '16553e68-64ab-412c-b5d9-8aa88f0c68bf', 'Date': 'Mon, 16 Mar 2026 12:19:07 GMT', 'Content-Length': '184'})
HTTP response body: {"kind":"Status","apiVersion":"v1","metadata":{},"status":"Failure","message":"namespaces \"10\" not found","reason":"NotFound","details":{"name":"10","kind":"namespaces"},"code":404}


2026-03-16 20:19:07 - Knext - [ERROR] - 删除命名空间失败：(404)
Reason: Not Found
HTTP response headers: HTTPHeaderDict({'Audit-Id': 'fcc7317e-9683-436e-82c0-c67c5d3eeb49', 'Cache-Control': 'no-cache, private', 'Content-Type': 'application/json', 'X-Kubernetes-Pf-Flowschema-Uid': '84dab70f-f66a-435d-b511-ab4e924c32d1', 'X-Kubernetes-Pf-Prioritylevel-Uid': '16553e68-64ab-412c-b5d9-8aa88f0c68bf', 'Date': 'Mon, 16 Mar 2026 12:19:07 GMT', 'Content-Length': '184'})
HTTP response body: {"kind":"Status","apiVersion":"v1","metadata":{},"status":"Failure","message":"namespaces \"10\" not found","reason":"NotFound","details":{"name":"10","kind":"namespaces"},"code":404}


2026-03-16 20:19:23 - Knext - [INFO] - 获取所有命名空间成功
2026-03-16 20:19:33 - Knext - [INFO] - 删除命名空间{'phase': 'Terminating'}
2026-03-16 20:29:27 - Knext - [INFO] - 获取所有命名空间成功
2026-03-16 21:21:17 - Knext - [INFO] - 成功加载本地 kubeconfig 配置
2026-03-16 21:21:17 - Knext - [INFO] - K8s 客户端初始化成功（已禁用 SSL 验证）
2026-03-16 21:21:19 - Knext - [INFO] - 成功加载本地 kubeconfig 配置
2026-03-16 21:21:19 - Knext - [INFO] - K8s 客户端初始化成功（已禁用 SSL 验证）
2026-03-16 21:56:38 - Knext - [INFO] - 成功加载本地 kubeconfig 配置
2026-03-16 21:56:38 - Knext - [INFO] - K8s 客户端初始化成功（已禁用 SSL 验证）
2026-03-16 21:56:43 - Knext - [WARNING] - metrics-server 不可用，请安装metrics-server
2026-03-16 21:57:09 - Knext - [WARNING] - metrics-server 不可用，请安装metrics-server
2026-03-16 21:57:40 - Knext - [WARNING] - metrics-server 不可用，请安装metrics-server
2026-03-16 21:58:10 - Knext - [WARNING] - metrics-server 不可用，请安装metrics-server
2026-03-16 21:58:40 - Knext - [WARNING] - metrics-server 不可用，请安装metrics-server
2026-03-16 21:59:10 - Knext - [WARNING] - metrics-server 不可用，请安装metrics-server
2026-03-16 21:59:39 - Knext - [WARNING] - metrics-server 不可用，请安装metrics-server
2026-03-16 22:00:10 - Knext - [WARNING] - metrics-server 不可用，请安装metrics-server
2026-03-16 22:00:40 - Knext - [WARNING] - metrics-server 不可用，请安装metrics-server
2026-03-16 22:01:10 - Knext - [WARNING] - metrics-server 不可用，请安装metrics-server
2026-03-16 22:01:11 - Knext - [WARNING] - metrics-server 不可用，请安装metrics-server
2026-03-16 22:01:40 - Knext - [WARNING] - metrics-server 不可用，请安装metrics-server
2026-03-16 22:02:01 - Knext - [WARNING] - metrics-server 不可用，请安装metrics-server
2026-03-16 22:02:32 - Knext - [WARNING] - metrics-server 不可用，请安装metrics-server
2026-03-16 22:03:02 - Knext - [WARNING] - metrics-server 不可用，请安装metrics-server
2026-03-16 22:03:32 - Knext - [WARNING] - metrics-server 不可用，请安装metrics-server
2026-03-16 22:04:02 - Knext - [WARNING] - metrics-server 不可用，请安装metrics-server
2026-03-16 22:04:32 - Knext - [WARNING] - metrics-server 不可用，请安装metrics-server
2026-03-16 22:05:02 - Knext - [WARNING] - metrics-server 不可用，请安装metrics-server
2026-03-16 22:05:31 - Knext - [WARNING] - metrics-server 不可用，请安装metrics-server
2026-03-16 22:06:02 - Knext - [WARNING] - metrics-server 不可用，请安装metrics-server
2026-03-16 22:06:31 - Knext - [WARNING] - metrics-server 不可用，请安装metrics-server
2026-03-16 22:06:43 - Knext - [WARNING] - metrics-server 不可用，请安装metrics-server
2026-03-16 22:06:46 - Knext - [WARNING] - metrics-server 不可用，请安装metrics-server
2026-03-16 22:06:54 - Knext - [WARNING] - metrics-server 不可用，请安装metrics-server
2026-03-16 22:07:17 - Knext - [WARNING] - metrics-server 不可用，请安装metrics-server
2026-03-16 22:07:47 - Knext - [WARNING] - metrics-server 不可用，请安装metrics-server
2026-03-16 22:08:17 - Knext - [WARNING] - metrics-server 不可用，请安装metrics-server
2026-03-16 22:08:47 - Knext - [WARNING] - metrics-server 不可用，请安装metrics-server
2026-03-16 22:09:17 - Knext - [WARNING] - metrics-server 不可用，请安装metrics-server
2026-03-16 22:09:22 - Knext - [WARNING] - metrics-server 不可用，请安装metrics-server
2026-03-16 22:09:53 - Knext - [WARNING] - metrics-server 不可用，请安装metrics-server
2026-03-16 22:10:23 - Knext - [WARNING] - metrics-server 不可用，请安装metrics-server
2026-03-16 22:10:52 - Knext - [WARNING] - metrics-server 不可用，请安装metrics-server
2026-03-16 22:11:23 - Knext - [WARNING] - metrics-server 不可用，请安装metrics-server
2026-03-16 22:11:52 - Knext - [WARNING] - metrics-server 不可用，请安装metrics-server
2026-03-16 22:12:23 - Knext - [WARNING] - metrics-server 不可用，请安装metrics-server
2026-03-16 22:12:53 - Knext - [WARNING] - metrics-server 不可用，请安装metrics-server
2026-03-16 22:13:23 - Knext - [WARNING] - metrics-server 不可用，请安装metrics-server
2026-03-16 22:13:53 - Knext - [WARNING] - metrics-server 不可用，请安装metrics-server
2026-03-16 22:14:28 - Knext - [WARNING] - metrics-server 不可用，请安装metrics-server
2026-03-16 22:14:56 - Knext - [WARNING] - metrics-server 不可用，请安装metrics-server
2026-03-16 22:15:22 - Knext - [WARNING] - metrics-server 不可用，请安装metrics-server
2026-03-16 22:15:52 - Knext - [WARNING] - metrics-server 不可用，请安装metrics-server
2026-03-16 22:16:22 - Knext - [WARNING] - metrics-server 不可用，请安装metrics-server
2026-03-16 22:16:53 - Knext - [WARNING] - metrics-server 不可用，请安装metrics-server
2026-03-16 22:17:23 - Knext - [WARNING] - metrics-server 不可用，请安装metrics-server
2026-03-16 22:18:08 - Knext - [WARNING] - metrics-server 不可用，请安装metrics-server
2026-03-16 22:18:17 - Knext - [WARNING] - metrics-server 不可用，请安装metrics-server
2026-03-16 22:18:20 - Knext - [WARNING] - metrics-server 不可用，请安装metrics-server
2026-03-16 22:18:35 - Knext - [INFO] - 获取pods容器组成功
2026-03-16 22:18:36 - Knext - [INFO] - 获取所有命名空间成功
2026-03-16 22:18:42 - Knext - [INFO] - 获取所有命名空间成功
2026-03-16 22:18:45 - Knext - [INFO] - 获取所有命名空间成功
2026-03-16 22:19:33 - Knext - [WARNING] - metrics-server 不可用，请安装metrics-server
2026-03-16 22:20:04 - Knext - [WARNING] - metrics-server 不可用，请安装metrics-server
2026-03-16 22:20:34 - Knext - [WARNING] - metrics-server 不可用，请安装metrics-server
2026-03-16 22:21:04 - Knext - [WARNING] - metrics-server 不可用，请安装metrics-server
2026-03-16 22:21:34 - Knext - [WARNING] - metrics-server 不可用，请安装metrics-server
2026-03-16 22:22:04 - Knext - [WARNING] - metrics-server 不可用，请安装metrics-server
2026-03-16 22:22:34 - Knext - [WARNING] - metrics-server 不可用，请安装metrics-server
2026-03-16 22:23:28 - Knext - [WARNING] - metrics-server 不可用，请安装metrics-server
